#
# A fatal error has been detected by the Java Runtime Environment:
#
#  EXCEPTION_ACCESS_VIOLATION (0xc0000005) at pc=0x00007ff92b5414cc, pid=11388, tid=8072
#
# JRE version: Java(TM) SE Runtime Environment (17.0.9+11) (build 17.0.9+11-LTS-201)
# Java VM: Java HotSpot(TM) 64-Bit Server VM (17.0.9+11-LTS-201, mixed mode, sharing, tiered, compressed oops, compressed class ptrs, g1 gc, windows-amd64)
# Problematic frame:
# C  [jemalloc.dll+0x14cc]
#
# No core dump will be written. Minidumps are not enabled by default on client versions of Windows
#
# If you would like to submit a bug report, please visit:
#   https://bugreport.java.com/bugreport/crash.jsp
# The crash happened outside the Java Virtual Machine in native code.
# See problematic frame for where to report the bug.
#

---------------  S U M M A R Y ------------

Command Line: -Dfile.encoding=windows-1252 -Duser.country=US -Duser.language=en -Duser.variant com.ezzenix.Game

Host: 11th Gen Intel(R) Core(TM) i5-1135G7 @ 2.40GHz, 8 cores, 15G,  Windows 10 , 64 bit Build 19041 (10.0.19041.3636)
Time: Tue Jan  9 11:54:26 2024 W. Europe Standard Time elapsed time: 2.162017 seconds (0d 0h 0m 2s)

---------------  T H R E A D  ---------------

Current thread (0x0000020b163d30c0):  JavaThread "main" [_thread_in_native, id=8072, stack(0x000000ae94100000,0x000000ae94200000)]

Stack: [0x000000ae94100000,0x000000ae94200000],  sp=0x000000ae941fe160,  free space=1016k
Native frames: (J=compiled Java code, j=interpreted, Vv=VM code, C=native code)
C  [jemalloc.dll+0x14cc]

Java frames: (J=compiled Java code, j=interpreted, Vv=VM code)
j  org.lwjgl.system.JNI.invokePV(JJ)V+0
j  org.lwjgl.system.jemalloc.JEmalloc.nje_free(J)V+6
j  org.lwjgl.system.jemalloc.JEmallocAllocator.free(J)V+1
j  org.lwjgl.system.MemoryUtil.nmemFree(J)V+4
j  org.lwjgl.system.MemoryUtil.memFree(Ljava/nio/Buffer;)V+14
j  com.ezzenix.utilities.ImageUtil.loadTexture(Ljava/awt/image/BufferedImage;)I+79
j  com.ezzenix.window.Window.loop()V+60
j  com.ezzenix.window.Window.initialize(Ljava/lang/Runnable;)V+11
j  com.ezzenix.Game.<init>()V+122
j  com.ezzenix.Game.main([Ljava/lang/String;)V+18
v  ~StubRoutines::call_stub

siginfo: EXCEPTION_ACCESS_VIOLATION (0xc0000005), reading address 0x00000000001f5f60


Register to memory mapping:

RIP=0x00007ff92b5414cc jemalloc.dll
RAX=0x0 is NULL
RBX=0x0 is NULL
RCX=0x00000000001f5f60 is an unknown value
RDX=0xfffffffffffffff0 is an unknown value
RSP=0x000000ae941fe160 is pointing into the stack for thread: 0x0000020b163d30c0
RBP=0x0000020b40000000 is an unknown value
RSI=0x0000020b143b0288 points into unknown readable memory: 0x0000020b40000000 | 00 00 00 40 0b 02 00 00
RDI=0x000000000003ebec is an unknown value
R8 =0x0000000000000008 is an unknown value
R9 =0x0 is NULL
R10=0x0000020b143b02b8 points into unknown readable memory: 0x0000000000000001 | 01 00 00 00 00 00 00 00
R11=0x0000020b143b02c8 points into unknown readable memory: 0x0000000000000001 | 01 00 00 00 00 00 00 00
R12=0x0 is NULL
R13=0x000000ae941fe268 is pointing into the stack for thread: 0x0000020b163d30c0
R14=0x0000020b143b01b8 points into unknown readable memory: 0x0000000000000001 | 01 00 00 00 00 00 00 00
R15=0x0000020b143b0360 points into unknown readable memory: 0x0000020b143b0108 | 08 01 3b 14 0b 02 00 00


Registers:
RAX=0x0000000000000000, RBX=0x0000000000000000, RCX=0x00000000001f5f60, RDX=0xfffffffffffffff0
RSP=0x000000ae941fe160, RBP=0x0000020b40000000, RSI=0x0000020b143b0288, RDI=0x000000000003ebec
R8 =0x0000000000000008, R9 =0x0000000000000000, R10=0x0000020b143b02b8, R11=0x0000020b143b02c8
R12=0x0000000000000000, R13=0x000000ae941fe268, R14=0x0000020b143b01b8, R15=0x0000020b143b0360
RIP=0x00007ff92b5414cc, EFLAGS=0x0000000000010202

Top of Stack: (sp=0x000000ae941fe160)
0x000000ae941fe160:   0000000000000000 00007ff964f007c0
0x000000ae941fe170:   00000000000000f0 0000000000000000
0x000000ae941fe180:   0000003000000030 0000001000000000
0x000000ae941fe190:   0000000000000040 000000f000000020
0x000000ae941fe1a0:   000000ae941fee28 0000020b7a4debe0
0x000000ae941fe1b0:   0000020b143b0008 00007ff92b548c4c
0x000000ae941fe1c0:   0000020b143b0360 0000000000000000
0x000000ae941fe1d0:   000000ae941fe2c0 0000020b7ebec010
0x000000ae941fe1e0:   0000020b7ebec010 0000000000000000
0x000000ae941fe1f0:   0000016000000000 0000004000000010
0x000000ae941fe200:   0000000000000110 0000000000000000
0x000000ae941fe210:   0000000000000000 0000001000000080
0x000000ae941fe220:   0000019000000040 0000000000000000
0x000000ae941fe230:   0000000000000000 0000000000000000
0x000000ae941fe240:   0000008000000010 0000000000000160
0x000000ae941fe250:   0000000000000000 0000000000000000 

Instructions: (pc=0x00007ff92b5414cc)
0x00007ff92b5413cc:   48 8b 46 08 49 89 86 08 01 00 00 48 89 4e 08 48
0x00007ff92b5413dc:   8d 0c f9 e9 e0 00 00 00 49 8d 8e 10 01 00 00 ba
0x00007ff92b5413ec:   01 00 00 00 48 8b c1 48 39 28 74 51 ff c2 48 83
0x00007ff92b5413fc:   c0 10 83 fa 08 72 f0 81 e3 ff ff 03 00 49 8d 96
0x00007ff92b54140c:   00 01 00 00 41 b8 70 00 00 00 49 8b 5c d9 58 e8
0x00007ff92b54141c:   50 5e 03 00 48 8b 06 48 c1 ef 0c 49 89 86 00 01
0x00007ff92b54142c:   00 00 81 e7 ff ff 03 00 48 8b 46 08 49 89 86 08
0x00007ff92b54143c:   01 00 00 48 89 5e 08 48 8d 0c fb eb 7b 44 8b d2
0x00007ff92b54144c:   4d 03 d2 8b ca 4f 8b 8c d6 08 01 00 00 85 d2 74
0x00007ff92b54145c:   43 8d 42 ff 48 83 c1 10 4c 8d 40 10 8b d0 4d 03
0x00007ff92b54146c:   c0 48 03 c9 48 03 d2 4b 8b 04 c6 49 89 04 ce 49
0x00007ff92b54147c:   8b 84 d6 08 01 00 00 4b 89 84 d6 08 01 00 00 48
0x00007ff92b54148c:   8b 06 4b 89 04 c6 48 8b 46 08 49 89 84 d6 08 01
0x00007ff92b54149c:   00 00 eb 12 4d 89 86 00 01 00 00 48 8b 46 08 49
0x00007ff92b5414ac:   89 86 08 01 00 00 48 c1 ef 0c 81 e7 ff ff 03 00
0x00007ff92b5414bc:   4c 89 4e 08 49 8d 0c f9 4c 8b 7c 24 60 48 89 2e
0x00007ff92b5414cc:   48 8b 09 48 8b 5c 24 68 48 8b c1 48 8b 6c 24 70
0x00007ff92b5414dc:   48 8b 74 24 78 48 c1 e8 30 89 44 24 28 0f b6 c1
0x00007ff92b5414ec:   24 01 88 44 24 31 0f b6 c1 d0 e8 24 01 48 c1 e9
0x00007ff92b5414fc:   02 88 44 24 30 83 e1 07 8b 44 24 30 89 4c 24 2c
0x00007ff92b54150c:   f2 0f 10 44 24 28 f2 41 0f 11 45 00 41 89 45 08
0x00007ff92b54151c:   49 8b c5 48 83 c4 40 41 5e 41 5d 5f c3 cc cc cc
0x00007ff92b54152c:   cc cc cc cc 48 83 ec 28 49 8b c9 49 8b c1 48 c1
0x00007ff92b54153c:   e9 1e 48 25 00 00 00 c0 83 e1 0f 48 03 c9 49 39
0x00007ff92b54154c:   04 c8 75 5b 49 8b 44 c8 08 49 c1 e9 0c 41 81 e1
0x00007ff92b54155c:   ff ff 03 00 4a 8b 0c c8 48 8b c1 48 c1 e8 30 89
0x00007ff92b54156c:   44 24 08 0f b6 c1 24 01 88 44 24 11 0f b6 c1 48
0x00007ff92b54157c:   c1 e9 02 83 e1 07 d0 e8 24 01 89 4c 24 0c 48 8b
0x00007ff92b54158c:   4c 24 50 f2 0f 10 44 24 08 88 44 24 10 8b 44 24
0x00007ff92b54159c:   10 f2 0f 11 01 89 41 08 32 c0 48 83 c4 28 c3 b0
0x00007ff92b5415ac:   01 48 83 c4 28 c3 cc cc cc cc cc cc cc cc cc cc
0x00007ff92b5415bc:   cc cc cc cc 8b c2 4c 8d 0d 37 d2 05 00 49 8b 04 


Stack slot to memory mapping:
stack at sp + 0 slots: 0x0 is NULL
stack at sp + 1 slots: 0x00007ff964f007c0 ntdll.dll
stack at sp + 2 slots: 0x00000000000000f0 is an unknown value
stack at sp + 3 slots: 0x0 is NULL
stack at sp + 4 slots: 0x0000003000000030 is an unknown value
stack at sp + 5 slots: 0x0000001000000000 is an unknown value
stack at sp + 6 slots: 0x0000000000000040 is an unknown value
stack at sp + 7 slots: 0x000000f000000020 is an unknown value


---------------  P R O C E S S  ---------------

Threads class SMR info:
_java_thread_list=0x0000020b7f509a00, length=14, elements={
0x0000020b163d30c0, 0x0000020b38f39fb0, 0x0000020b38f3aa80, 0x0000020b38f4e950,
0x0000020b38f4f420, 0x0000020b38f54110, 0x0000020b38f549e0, 0x0000020b38f559f0,
0x0000020b38f563b0, 0x0000020b38f56cc0, 0x0000020b7e234740, 0x0000020b7e242630,
0x0000020b7e770830, 0x0000020b7f50f030
}

Java Threads: ( => current thread )
=>0x0000020b163d30c0 JavaThread "main" [_thread_in_native, id=8072, stack(0x000000ae94100000,0x000000ae94200000)]
  0x0000020b38f39fb0 JavaThread "Reference Handler" daemon [_thread_blocked, id=5548, stack(0x000000ae94800000,0x000000ae94900000)]
  0x0000020b38f3aa80 JavaThread "Finalizer" daemon [_thread_blocked, id=9912, stack(0x000000ae94900000,0x000000ae94a00000)]
  0x0000020b38f4e950 JavaThread "Signal Dispatcher" daemon [_thread_blocked, id=8620, stack(0x000000ae94a00000,0x000000ae94b00000)]
  0x0000020b38f4f420 JavaThread "Attach Listener" daemon [_thread_blocked, id=11740, stack(0x000000ae94b00000,0x000000ae94c00000)]
  0x0000020b38f54110 JavaThread "Service Thread" daemon [_thread_blocked, id=3748, stack(0x000000ae94c00000,0x000000ae94d00000)]
  0x0000020b38f549e0 JavaThread "Monitor Deflation Thread" daemon [_thread_blocked, id=7328, stack(0x000000ae94d00000,0x000000ae94e00000)]
  0x0000020b38f559f0 JavaThread "C2 CompilerThread0" daemon [_thread_in_native, id=4596, stack(0x000000ae94e00000,0x000000ae94f00000)]
  0x0000020b38f563b0 JavaThread "C1 CompilerThread0" daemon [_thread_blocked, id=8224, stack(0x000000ae94f00000,0x000000ae95000000)]
  0x0000020b38f56cc0 JavaThread "Sweeper thread" daemon [_thread_blocked, id=9208, stack(0x000000ae95000000,0x000000ae95100000)]
  0x0000020b7e234740 JavaThread "Notification Thread" daemon [_thread_blocked, id=2476, stack(0x000000ae95100000,0x000000ae95200000)]
  0x0000020b7e242630 JavaThread "Common-Cleaner" daemon [_thread_blocked, id=7772, stack(0x000000ae95300000,0x000000ae95400000)]
  0x0000020b7e770830 JavaThread "Java2D Disposer" daemon [_thread_blocked, id=10528, stack(0x000000ae95400000,0x000000ae95500000)]
  0x0000020b7f50f030 JavaThread "C2 CompilerThread1" daemon [_thread_blocked, id=7812, stack(0x000000ae95500000,0x000000ae95600000)]

Other Threads:
  0x0000020b38f32710 VMThread "VM Thread" [stack: 0x000000ae94700000,0x000000ae94800000] [id=13164]
  0x0000020b16458520 WatcherThread [stack: 0x000000ae95200000,0x000000ae95300000] [id=11812]
  0x0000020b1643e8c0 GCTaskThread "GC Thread#0" [stack: 0x000000ae94200000,0x000000ae94300000] [id=4224]
  0x0000020b16450240 ConcurrentGCThread "G1 Main Marker" [stack: 0x000000ae94300000,0x000000ae94400000] [id=2952]
  0x0000020b16450b60 ConcurrentGCThread "G1 Conc#0" [stack: 0x000000ae94400000,0x000000ae94500000] [id=12024]
  0x0000020b38df34f0 ConcurrentGCThread "G1 Refine#0" [stack: 0x000000ae94500000,0x000000ae94600000] [id=11288]
  0x0000020b38df3e30 ConcurrentGCThread "G1 Service" [stack: 0x000000ae94600000,0x000000ae94700000] [id=11340]

Threads with active compile tasks:
C2 CompilerThread0     2284 1001   !   4       jdk.internal.loader.URLClassPath$JarLoader::getResource (354 bytes)

VM state: not at safepoint (normal execution)

VM Mutex/Monitor currently owned by a thread: None

Heap address: 0x0000000704e00000, size: 4018 MB, Compressed Oops mode: Zero based, Oop shift amount: 3

CDS archive(s) mapped at: [0x0000020b39000000-0x0000020b39bd0000-0x0000020b39bd0000), size 12386304, SharedBaseAddress: 0x0000020b39000000, ArchiveRelocationMode: 1.
Compressed class space mapped at: 0x0000020b3a000000-0x0000020b7a000000, reserved size: 1073741824
Narrow klass base: 0x0000020b39000000, Narrow klass shift: 0, Narrow klass range: 0x100000000

GC Precious Log:
 CPUs: 8 total, 8 available
 Memory: 16064M
 Large Page Support: Disabled
 NUMA Support: Disabled
 Compressed Oops: Enabled (Zero based)
 Heap Region Size: 2M
 Heap Min Capacity: 8M
 Heap Initial Capacity: 252M
 Heap Max Capacity: 4018M
 Pre-touch: Disabled
 Parallel Workers: 8
 Concurrent Workers: 2
 Concurrent Refinement Workers: 8
 Periodic GC: Disabled

Heap:
 garbage-first heap   total 258048K, used 18432K [0x0000000704e00000, 0x0000000800000000)
  region size 2048K, 11 young (22528K), 0 survivors (0K)
 Metaspace       used 7878K, committed 8128K, reserved 1114112K
  class space    used 545K, committed 640K, reserved 1048576K

Heap Regions: E=young(eden), S=young(survivor), O=old, HS=humongous(starts), HC=humongous(continues), CS=collection set, F=free, OA=open archive, CA=closed archive, TAMS=top-at-mark-start (previous, next)
|   0|0x0000000704e00000, 0x0000000704e00000, 0x0000000705000000|  0%| F|  |TAMS 0x0000000704e00000, 0x0000000704e00000| Untracked 
|   1|0x0000000705000000, 0x0000000705000000, 0x0000000705200000|  0%| F|  |TAMS 0x0000000705000000, 0x0000000705000000| Untracked 
|   2|0x0000000705200000, 0x0000000705200000, 0x0000000705400000|  0%| F|  |TAMS 0x0000000705200000, 0x0000000705200000| Untracked 
|   3|0x0000000705400000, 0x0000000705400000, 0x0000000705600000|  0%| F|  |TAMS 0x0000000705400000, 0x0000000705400000| Untracked 
|   4|0x0000000705600000, 0x0000000705600000, 0x0000000705800000|  0%| F|  |TAMS 0x0000000705600000, 0x0000000705600000| Untracked 
|   5|0x0000000705800000, 0x0000000705800000, 0x0000000705a00000|  0%| F|  |TAMS 0x0000000705800000, 0x0000000705800000| Untracked 
|   6|0x0000000705a00000, 0x0000000705a00000, 0x0000000705c00000|  0%| F|  |TAMS 0x0000000705a00000, 0x0000000705a00000| Untracked 
|   7|0x0000000705c00000, 0x0000000705c00000, 0x0000000705e00000|  0%| F|  |TAMS 0x0000000705c00000, 0x0000000705c00000| Untracked 
|   8|0x0000000705e00000, 0x0000000705e00000, 0x0000000706000000|  0%| F|  |TAMS 0x0000000705e00000, 0x0000000705e00000| Untracked 
|   9|0x0000000706000000, 0x0000000706000000, 0x0000000706200000|  0%| F|  |TAMS 0x0000000706000000, 0x0000000706000000| Untracked 
|  10|0x0000000706200000, 0x0000000706200000, 0x0000000706400000|  0%| F|  |TAMS 0x0000000706200000, 0x0000000706200000| Untracked 
|  11|0x0000000706400000, 0x0000000706400000, 0x0000000706600000|  0%| F|  |TAMS 0x0000000706400000, 0x0000000706400000| Untracked 
|  12|0x0000000706600000, 0x0000000706600000, 0x0000000706800000|  0%| F|  |TAMS 0x0000000706600000, 0x0000000706600000| Untracked 
|  13|0x0000000706800000, 0x0000000706800000, 0x0000000706a00000|  0%| F|  |TAMS 0x0000000706800000, 0x0000000706800000| Untracked 
|  14|0x0000000706a00000, 0x0000000706a00000, 0x0000000706c00000|  0%| F|  |TAMS 0x0000000706a00000, 0x0000000706a00000| Untracked 
|  15|0x0000000706c00000, 0x0000000706c00000, 0x0000000706e00000|  0%| F|  |TAMS 0x0000000706c00000, 0x0000000706c00000| Untracked 
|  16|0x0000000706e00000, 0x0000000706e00000, 0x0000000707000000|  0%| F|  |TAMS 0x0000000706e00000, 0x0000000706e00000| Untracked 
|  17|0x0000000707000000, 0x0000000707000000, 0x0000000707200000|  0%| F|  |TAMS 0x0000000707000000, 0x0000000707000000| Untracked 
|  18|0x0000000707200000, 0x0000000707200000, 0x0000000707400000|  0%| F|  |TAMS 0x0000000707200000, 0x0000000707200000| Untracked 
|  19|0x0000000707400000, 0x0000000707400000, 0x0000000707600000|  0%| F|  |TAMS 0x0000000707400000, 0x0000000707400000| Untracked 
|  20|0x0000000707600000, 0x0000000707600000, 0x0000000707800000|  0%| F|  |TAMS 0x0000000707600000, 0x0000000707600000| Untracked 
|  21|0x0000000707800000, 0x0000000707800000, 0x0000000707a00000|  0%| F|  |TAMS 0x0000000707800000, 0x0000000707800000| Untracked 
|  22|0x0000000707a00000, 0x0000000707a00000, 0x0000000707c00000|  0%| F|  |TAMS 0x0000000707a00000, 0x0000000707a00000| Untracked 
|  23|0x0000000707c00000, 0x0000000707c00000, 0x0000000707e00000|  0%| F|  |TAMS 0x0000000707c00000, 0x0000000707c00000| Untracked 
|  24|0x0000000707e00000, 0x0000000707e00000, 0x0000000708000000|  0%| F|  |TAMS 0x0000000707e00000, 0x0000000707e00000| Untracked 
|  25|0x0000000708000000, 0x0000000708000000, 0x0000000708200000|  0%| F|  |TAMS 0x0000000708000000, 0x0000000708000000| Untracked 
|  26|0x0000000708200000, 0x0000000708200000, 0x0000000708400000|  0%| F|  |TAMS 0x0000000708200000, 0x0000000708200000| Untracked 
|  27|0x0000000708400000, 0x0000000708400000, 0x0000000708600000|  0%| F|  |TAMS 0x0000000708400000, 0x0000000708400000| Untracked 
|  28|0x0000000708600000, 0x0000000708600000, 0x0000000708800000|  0%| F|  |TAMS 0x0000000708600000, 0x0000000708600000| Untracked 
|  29|0x0000000708800000, 0x0000000708800000, 0x0000000708a00000|  0%| F|  |TAMS 0x0000000708800000, 0x0000000708800000| Untracked 
|  30|0x0000000708a00000, 0x0000000708a00000, 0x0000000708c00000|  0%| F|  |TAMS 0x0000000708a00000, 0x0000000708a00000| Untracked 
|  31|0x0000000708c00000, 0x0000000708c00000, 0x0000000708e00000|  0%| F|  |TAMS 0x0000000708c00000, 0x0000000708c00000| Untracked 
|  32|0x0000000708e00000, 0x0000000708e00000, 0x0000000709000000|  0%| F|  |TAMS 0x0000000708e00000, 0x0000000708e00000| Untracked 
|  33|0x0000000709000000, 0x0000000709000000, 0x0000000709200000|  0%| F|  |TAMS 0x0000000709000000, 0x0000000709000000| Untracked 
|  34|0x0000000709200000, 0x0000000709200000, 0x0000000709400000|  0%| F|  |TAMS 0x0000000709200000, 0x0000000709200000| Untracked 
|  35|0x0000000709400000, 0x0000000709400000, 0x0000000709600000|  0%| F|  |TAMS 0x0000000709400000, 0x0000000709400000| Untracked 
|  36|0x0000000709600000, 0x0000000709600000, 0x0000000709800000|  0%| F|  |TAMS 0x0000000709600000, 0x0000000709600000| Untracked 
|  37|0x0000000709800000, 0x0000000709800000, 0x0000000709a00000|  0%| F|  |TAMS 0x0000000709800000, 0x0000000709800000| Untracked 
|  38|0x0000000709a00000, 0x0000000709a00000, 0x0000000709c00000|  0%| F|  |TAMS 0x0000000709a00000, 0x0000000709a00000| Untracked 
|  39|0x0000000709c00000, 0x0000000709c00000, 0x0000000709e00000|  0%| F|  |TAMS 0x0000000709c00000, 0x0000000709c00000| Untracked 
|  40|0x0000000709e00000, 0x0000000709e00000, 0x000000070a000000|  0%| F|  |TAMS 0x0000000709e00000, 0x0000000709e00000| Untracked 
|  41|0x000000070a000000, 0x000000070a000000, 0x000000070a200000|  0%| F|  |TAMS 0x000000070a000000, 0x000000070a000000| Untracked 
|  42|0x000000070a200000, 0x000000070a200000, 0x000000070a400000|  0%| F|  |TAMS 0x000000070a200000, 0x000000070a200000| Untracked 
|  43|0x000000070a400000, 0x000000070a400000, 0x000000070a600000|  0%| F|  |TAMS 0x000000070a400000, 0x000000070a400000| Untracked 
|  44|0x000000070a600000, 0x000000070a600000, 0x000000070a800000|  0%| F|  |TAMS 0x000000070a600000, 0x000000070a600000| Untracked 
|  45|0x000000070a800000, 0x000000070a800000, 0x000000070aa00000|  0%| F|  |TAMS 0x000000070a800000, 0x000000070a800000| Untracked 
|  46|0x000000070aa00000, 0x000000070aa00000, 0x000000070ac00000|  0%| F|  |TAMS 0x000000070aa00000, 0x000000070aa00000| Untracked 
|  47|0x000000070ac00000, 0x000000070ac00000, 0x000000070ae00000|  0%| F|  |TAMS 0x000000070ac00000, 0x000000070ac00000| Untracked 
|  48|0x000000070ae00000, 0x000000070ae00000, 0x000000070b000000|  0%| F|  |TAMS 0x000000070ae00000, 0x000000070ae00000| Untracked 
|  49|0x000000070b000000, 0x000000070b000000, 0x000000070b200000|  0%| F|  |TAMS 0x000000070b000000, 0x000000070b000000| Untracked 
|  50|0x000000070b200000, 0x000000070b200000, 0x000000070b400000|  0%| F|  |TAMS 0x000000070b200000, 0x000000070b200000| Untracked 
|  51|0x000000070b400000, 0x000000070b400000, 0x000000070b600000|  0%| F|  |TAMS 0x000000070b400000, 0x000000070b400000| Untracked 
|  52|0x000000070b600000, 0x000000070b600000, 0x000000070b800000|  0%| F|  |TAMS 0x000000070b600000, 0x000000070b600000| Untracked 
|  53|0x000000070b800000, 0x000000070b800000, 0x000000070ba00000|  0%| F|  |TAMS 0x000000070b800000, 0x000000070b800000| Untracked 
|  54|0x000000070ba00000, 0x000000070ba00000, 0x000000070bc00000|  0%| F|  |TAMS 0x000000070ba00000, 0x000000070ba00000| Untracked 
|  55|0x000000070bc00000, 0x000000070bc00000, 0x000000070be00000|  0%| F|  |TAMS 0x000000070bc00000, 0x000000070bc00000| Untracked 
|  56|0x000000070be00000, 0x000000070be00000, 0x000000070c000000|  0%| F|  |TAMS 0x000000070be00000, 0x000000070be00000| Untracked 
|  57|0x000000070c000000, 0x000000070c000000, 0x000000070c200000|  0%| F|  |TAMS 0x000000070c000000, 0x000000070c000000| Untracked 
|  58|0x000000070c200000, 0x000000070c200000, 0x000000070c400000|  0%| F|  |TAMS 0x000000070c200000, 0x000000070c200000| Untracked 
|  59|0x000000070c400000, 0x000000070c400000, 0x000000070c600000|  0%| F|  |TAMS 0x000000070c400000, 0x000000070c400000| Untracked 
|  60|0x000000070c600000, 0x000000070c600000, 0x000000070c800000|  0%| F|  |TAMS 0x000000070c600000, 0x000000070c600000| Untracked 
|  61|0x000000070c800000, 0x000000070c800000, 0x000000070ca00000|  0%| F|  |TAMS 0x000000070c800000, 0x000000070c800000| Untracked 
|  62|0x000000070ca00000, 0x000000070ca00000, 0x000000070cc00000|  0%| F|  |TAMS 0x000000070ca00000, 0x000000070ca00000| Untracked 
|  63|0x000000070cc00000, 0x000000070cc00000, 0x000000070ce00000|  0%| F|  |TAMS 0x000000070cc00000, 0x000000070cc00000| Untracked 
|  64|0x000000070ce00000, 0x000000070ce00000, 0x000000070d000000|  0%| F|  |TAMS 0x000000070ce00000, 0x000000070ce00000| Untracked 
|  65|0x000000070d000000, 0x000000070d000000, 0x000000070d200000|  0%| F|  |TAMS 0x000000070d000000, 0x000000070d000000| Untracked 
|  66|0x000000070d200000, 0x000000070d200000, 0x000000070d400000|  0%| F|  |TAMS 0x000000070d200000, 0x000000070d200000| Untracked 
|  67|0x000000070d400000, 0x000000070d400000, 0x000000070d600000|  0%| F|  |TAMS 0x000000070d400000, 0x000000070d400000| Untracked 
|  68|0x000000070d600000, 0x000000070d600000, 0x000000070d800000|  0%| F|  |TAMS 0x000000070d600000, 0x000000070d600000| Untracked 
|  69|0x000000070d800000, 0x000000070d800000, 0x000000070da00000|  0%| F|  |TAMS 0x000000070d800000, 0x000000070d800000| Untracked 
|  70|0x000000070da00000, 0x000000070da00000, 0x000000070dc00000|  0%| F|  |TAMS 0x000000070da00000, 0x000000070da00000| Untracked 
|  71|0x000000070dc00000, 0x000000070dc00000, 0x000000070de00000|  0%| F|  |TAMS 0x000000070dc00000, 0x000000070dc00000| Untracked 
|  72|0x000000070de00000, 0x000000070de00000, 0x000000070e000000|  0%| F|  |TAMS 0x000000070de00000, 0x000000070de00000| Untracked 
|  73|0x000000070e000000, 0x000000070e000000, 0x000000070e200000|  0%| F|  |TAMS 0x000000070e000000, 0x000000070e000000| Untracked 
|  74|0x000000070e200000, 0x000000070e200000, 0x000000070e400000|  0%| F|  |TAMS 0x000000070e200000, 0x000000070e200000| Untracked 
|  75|0x000000070e400000, 0x000000070e400000, 0x000000070e600000|  0%| F|  |TAMS 0x000000070e400000, 0x000000070e400000| Untracked 
|  76|0x000000070e600000, 0x000000070e600000, 0x000000070e800000|  0%| F|  |TAMS 0x000000070e600000, 0x000000070e600000| Untracked 
|  77|0x000000070e800000, 0x000000070e800000, 0x000000070ea00000|  0%| F|  |TAMS 0x000000070e800000, 0x000000070e800000| Untracked 
|  78|0x000000070ea00000, 0x000000070ea00000, 0x000000070ec00000|  0%| F|  |TAMS 0x000000070ea00000, 0x000000070ea00000| Untracked 
|  79|0x000000070ec00000, 0x000000070ec00000, 0x000000070ee00000|  0%| F|  |TAMS 0x000000070ec00000, 0x000000070ec00000| Untracked 
|  80|0x000000070ee00000, 0x000000070ee00000, 0x000000070f000000|  0%| F|  |TAMS 0x000000070ee00000, 0x000000070ee00000| Untracked 
|  81|0x000000070f000000, 0x000000070f000000, 0x000000070f200000|  0%| F|  |TAMS 0x000000070f000000, 0x000000070f000000| Untracked 
|  82|0x000000070f200000, 0x000000070f200000, 0x000000070f400000|  0%| F|  |TAMS 0x000000070f200000, 0x000000070f200000| Untracked 
|  83|0x000000070f400000, 0x000000070f400000, 0x000000070f600000|  0%| F|  |TAMS 0x000000070f400000, 0x000000070f400000| Untracked 
|  84|0x000000070f600000, 0x000000070f600000, 0x000000070f800000|  0%| F|  |TAMS 0x000000070f600000, 0x000000070f600000| Untracked 
|  85|0x000000070f800000, 0x000000070f800000, 0x000000070fa00000|  0%| F|  |TAMS 0x000000070f800000, 0x000000070f800000| Untracked 
|  86|0x000000070fa00000, 0x000000070fa00000, 0x000000070fc00000|  0%| F|  |TAMS 0x000000070fa00000, 0x000000070fa00000| Untracked 
|  87|0x000000070fc00000, 0x000000070fc00000, 0x000000070fe00000|  0%| F|  |TAMS 0x000000070fc00000, 0x000000070fc00000| Untracked 
|  88|0x000000070fe00000, 0x000000070fe00000, 0x0000000710000000|  0%| F|  |TAMS 0x000000070fe00000, 0x000000070fe00000| Untracked 
|  89|0x0000000710000000, 0x0000000710000000, 0x0000000710200000|  0%| F|  |TAMS 0x0000000710000000, 0x0000000710000000| Untracked 
|  90|0x0000000710200000, 0x0000000710200000, 0x0000000710400000|  0%| F|  |TAMS 0x0000000710200000, 0x0000000710200000| Untracked 
|  91|0x0000000710400000, 0x0000000710400000, 0x0000000710600000|  0%| F|  |TAMS 0x0000000710400000, 0x0000000710400000| Untracked 
|  92|0x0000000710600000, 0x0000000710600000, 0x0000000710800000|  0%| F|  |TAMS 0x0000000710600000, 0x0000000710600000| Untracked 
|  93|0x0000000710800000, 0x0000000710800000, 0x0000000710a00000|  0%| F|  |TAMS 0x0000000710800000, 0x0000000710800000| Untracked 
|  94|0x0000000710a00000, 0x0000000710a00000, 0x0000000710c00000|  0%| F|  |TAMS 0x0000000710a00000, 0x0000000710a00000| Untracked 
|  95|0x0000000710c00000, 0x0000000710c00000, 0x0000000710e00000|  0%| F|  |TAMS 0x0000000710c00000, 0x0000000710c00000| Untracked 
|  96|0x0000000710e00000, 0x0000000710e00000, 0x0000000711000000|  0%| F|  |TAMS 0x0000000710e00000, 0x0000000710e00000| Untracked 
|  97|0x0000000711000000, 0x0000000711000000, 0x0000000711200000|  0%| F|  |TAMS 0x0000000711000000, 0x0000000711000000| Untracked 
|  98|0x0000000711200000, 0x0000000711200000, 0x0000000711400000|  0%| F|  |TAMS 0x0000000711200000, 0x0000000711200000| Untracked 
|  99|0x0000000711400000, 0x0000000711400000, 0x0000000711600000|  0%| F|  |TAMS 0x0000000711400000, 0x0000000711400000| Untracked 
| 100|0x0000000711600000, 0x0000000711600000, 0x0000000711800000|  0%| F|  |TAMS 0x0000000711600000, 0x0000000711600000| Untracked 
| 101|0x0000000711800000, 0x0000000711800000, 0x0000000711a00000|  0%| F|  |TAMS 0x0000000711800000, 0x0000000711800000| Untracked 
| 102|0x0000000711a00000, 0x0000000711a00000, 0x0000000711c00000|  0%| F|  |TAMS 0x0000000711a00000, 0x0000000711a00000| Untracked 
| 103|0x0000000711c00000, 0x0000000711c00000, 0x0000000711e00000|  0%| F|  |TAMS 0x0000000711c00000, 0x0000000711c00000| Untracked 
| 104|0x0000000711e00000, 0x0000000711e00000, 0x0000000712000000|  0%| F|  |TAMS 0x0000000711e00000, 0x0000000711e00000| Untracked 
| 105|0x0000000712000000, 0x0000000712000000, 0x0000000712200000|  0%| F|  |TAMS 0x0000000712000000, 0x0000000712000000| Untracked 
| 106|0x0000000712200000, 0x0000000712200000, 0x0000000712400000|  0%| F|  |TAMS 0x0000000712200000, 0x0000000712200000| Untracked 
| 107|0x0000000712400000, 0x0000000712400000, 0x0000000712600000|  0%| F|  |TAMS 0x0000000712400000, 0x0000000712400000| Untracked 
| 108|0x0000000712600000, 0x0000000712600000, 0x0000000712800000|  0%| F|  |TAMS 0x0000000712600000, 0x0000000712600000| Untracked 
| 109|0x0000000712800000, 0x0000000712800000, 0x0000000712a00000|  0%| F|  |TAMS 0x0000000712800000, 0x0000000712800000| Untracked 
| 110|0x0000000712a00000, 0x0000000712a00000, 0x0000000712c00000|  0%| F|  |TAMS 0x0000000712a00000, 0x0000000712a00000| Untracked 
| 111|0x0000000712c00000, 0x0000000712c00000, 0x0000000712e00000|  0%| F|  |TAMS 0x0000000712c00000, 0x0000000712c00000| Untracked 
| 112|0x0000000712e00000, 0x0000000712e00000, 0x0000000713000000|  0%| F|  |TAMS 0x0000000712e00000, 0x0000000712e00000| Untracked 
| 113|0x0000000713000000, 0x0000000713000000, 0x0000000713200000|  0%| F|  |TAMS 0x0000000713000000, 0x0000000713000000| Untracked 
| 114|0x0000000713200000, 0x0000000713200000, 0x0000000713400000|  0%| F|  |TAMS 0x0000000713200000, 0x0000000713200000| Untracked 
| 115|0x0000000713400000, 0x0000000713571e80, 0x0000000713600000| 72%| E|  |TAMS 0x0000000713400000, 0x0000000713400000| Complete 
| 116|0x0000000713600000, 0x0000000713800000, 0x0000000713800000|100%| E|CS|TAMS 0x0000000713600000, 0x0000000713600000| Complete 
| 117|0x0000000713800000, 0x0000000713a00000, 0x0000000713a00000|100%| E|  |TAMS 0x0000000713800000, 0x0000000713800000| Complete 
| 118|0x0000000713a00000, 0x0000000713c00000, 0x0000000713c00000|100%| E|CS|TAMS 0x0000000713a00000, 0x0000000713a00000| Complete 
| 119|0x0000000713c00000, 0x0000000713e00000, 0x0000000713e00000|100%| E|CS|TAMS 0x0000000713c00000, 0x0000000713c00000| Complete 
| 120|0x0000000713e00000, 0x0000000714000000, 0x0000000714000000|100%| E|CS|TAMS 0x0000000713e00000, 0x0000000713e00000| Complete 
| 121|0x0000000714000000, 0x0000000714200000, 0x0000000714200000|100%| E|CS|TAMS 0x0000000714000000, 0x0000000714000000| Complete 
| 122|0x0000000714200000, 0x0000000714400000, 0x0000000714400000|100%| E|CS|TAMS 0x0000000714200000, 0x0000000714200000| Complete 
| 123|0x0000000714400000, 0x0000000714600000, 0x0000000714600000|100%| E|CS|TAMS 0x0000000714400000, 0x0000000714400000| Complete 
| 124|0x0000000714600000, 0x0000000714800000, 0x0000000714800000|100%| E|CS|TAMS 0x0000000714600000, 0x0000000714600000| Complete 
| 125|0x0000000714800000, 0x0000000714a00000, 0x0000000714a00000|100%| E|CS|TAMS 0x0000000714800000, 0x0000000714800000| Complete 

Card table byte_map: [0x0000020b2d780000,0x0000020b2df60000] _byte_map_base: 0x0000020b29f59000

Marking Bits (Prev, Next): (CMBitMap*) 0x0000020b1643fe00, (CMBitMap*) 0x0000020b1643fe40
 Prev Bits: [0x0000020b2e740000, 0x0000020b32608000)
 Next Bits: [0x0000020b32610000, 0x0000020b364d8000)

Polling page: 0x0000020b14340000

Metaspace:

Usage:
  Non-class:      7.16 MB used.
      Class:    545.12 KB used.
       Both:      7.69 MB used.

Virtual space:
  Non-class space:       64.00 MB reserved,       7.31 MB ( 11%) committed,  1 nodes.
      Class space:        1.00 GB reserved,     640.00 KB ( <1%) committed,  1 nodes.
             Both:        1.06 GB reserved,       7.94 MB ( <1%) committed. 

Chunk freelists:
   Non-Class:  8.05 MB
       Class:  15.42 MB
        Both:  23.47 MB

MaxMetaspaceSize: unlimited
CompressedClassSpaceSize: 1.00 GB
Initial GC threshold: 21.00 MB
Current GC threshold: 21.00 MB
CDS: on
MetaspaceReclaimPolicy: balanced
 - commit_granule_bytes: 65536.
 - commit_granule_words: 8192.
 - virtual_space_node_default_size: 8388608.
 - enlarge_chunks_in_place: 1.
 - new_chunks_are_fully_committed: 0.
 - uncommit_free_chunks: 1.
 - use_allocation_guard: 0.
 - handle_deallocations: 1.


Internal statistics:

num_allocs_failed_limit: 0.
num_arena_births: 126.
num_arena_deaths: 0.
num_vsnodes_births: 2.
num_vsnodes_deaths: 0.
num_space_committed: 125.
num_space_uncommitted: 0.
num_chunks_returned_to_freelist: 0.
num_chunks_taken_from_freelist: 273.
num_chunk_merges: 0.
num_chunk_splits: 179.
num_chunks_enlarged: 115.
num_inconsistent_stats: 0.

CodeHeap 'non-profiled nmethods': size=120000Kb used=437Kb max_used=437Kb free=119562Kb
 bounds [0x0000020b25740000, 0x0000020b259b0000, 0x0000020b2cc70000]
CodeHeap 'profiled nmethods': size=120000Kb used=1824Kb max_used=1824Kb free=118175Kb
 bounds [0x0000020b1dc70000, 0x0000020b1dee0000, 0x0000020b251a0000]
CodeHeap 'non-nmethods': size=5760Kb used=1734Kb max_used=1750Kb free=4025Kb
 bounds [0x0000020b251a0000, 0x0000020b25410000, 0x0000020b25740000]
 total_blobs=2258 nmethods=1066 adapters=1105
 compilation: enabled
              stopped_count=0, restarted_count=0
 full_count=0

Compilation events (20 events):
Event: 2.060 Thread 0x0000020b38f563b0 nmethod 1056 0x0000020b1de32d10 code [0x0000020b1de32f20, 0x0000020b1de33608]
Event: 2.060 Thread 0x0000020b38f563b0 1065   !   3       jdk.internal.misc.ScopedMemoryAccess::putByteInternal (37 bytes)
Event: 2.061 Thread 0x0000020b38f563b0 nmethod 1065 0x0000020b1de33890 code [0x0000020b1de33a40, 0x0000020b1de33d68]
Event: 2.061 Thread 0x0000020b38f563b0 1057       3       java.awt.image.DirectColorModel::getRGB (105 bytes)
Event: 2.062 Thread 0x0000020b38f563b0 nmethod 1057 0x0000020b1de33f10 code [0x0000020b1de34160, 0x0000020b1de345b8]
Event: 2.062 Thread 0x0000020b38f563b0 1058       3       java.awt.image.DirectColorModel::getAlpha (54 bytes)
Event: 2.062 Thread 0x0000020b38f563b0 nmethod 1058 0x0000020b1de34790 code [0x0000020b1de34960, 0x0000020b1de34c18]
Event: 2.062 Thread 0x0000020b38f563b0 1059       3       java.awt.image.DirectColorModel::getRed (45 bytes)
Event: 2.062 Thread 0x0000020b38f563b0 nmethod 1059 0x0000020b1de34d90 code [0x0000020b1de34fa0, 0x0000020b1de35268]
Event: 2.062 Thread 0x0000020b38f563b0 1063   !   3       java.nio.DirectByteBuffer::put (36 bytes)
Event: 2.064 Thread 0x0000020b38f563b0 nmethod 1063 0x0000020b1de35390 code [0x0000020b1de35600, 0x0000020b1de360e8]
Event: 2.064 Thread 0x0000020b38f563b0 1064   !   3       jdk.internal.misc.ScopedMemoryAccess::putByte (25 bytes)
Event: 2.064 Thread 0x0000020b38f563b0 nmethod 1064 0x0000020b1de36610 code [0x0000020b1de36800, 0x0000020b1de36d58]
Event: 2.065 Thread 0x0000020b38f563b0 1061       3       java.awt.image.DirectColorModel::getBlue (45 bytes)
Event: 2.065 Thread 0x0000020b38f563b0 nmethod 1061 0x0000020b1de36f90 code [0x0000020b1de371a0, 0x0000020b1de37468]
Event: 2.066 Thread 0x0000020b7f50f030 nmethod 1047 0x0000020b257ac990 code [0x0000020b257acb40, 0x0000020b257ad388]
Event: 2.076 Thread 0x0000020b38f563b0 1066       3       java.util.concurrent.ConcurrentHashMap::values (25 bytes)
Event: 2.077 Thread 0x0000020b38f563b0 nmethod 1066 0x0000020b1de37590 code [0x0000020b1de37740, 0x0000020b1de37af8]
Event: 2.077 Thread 0x0000020b38f563b0 1067       3       java.util.concurrent.ConcurrentHashMap$ValuesView::iterator (34 bytes)
Event: 2.077 Thread 0x0000020b38f563b0 nmethod 1067 0x0000020b1de37c10 code [0x0000020b1de37dc0, 0x0000020b1de38008]

GC Heap History (0 events):
No events

Deoptimization events (20 events):
Event: 1.235 Thread 0x0000020b163d30c0 Uncommon trap: trap_request=0xffffffde fr.pc=0x0000020b2576df70 relative=0x00000000000003b0
Event: 1.235 Thread 0x0000020b163d30c0 Uncommon trap: reason=class_check action=maybe_recompile pc=0x0000020b2576df70 method=java.util.HashMap.getNode(Ljava/lang/Object;)Ljava/util/HashMap$Node; @ 63 c2
Event: 1.235 Thread 0x0000020b163d30c0 DEOPT PACKING pc=0x0000020b2576df70 sp=0x000000ae941fdbf0
Event: 1.235 Thread 0x0000020b163d30c0 DEOPT UNPACKING pc=0x0000020b251f5ba3 sp=0x000000ae941fdb08 mode 2
Event: 1.585 Thread 0x0000020b163d30c0 Uncommon trap: trap_request=0xffffffde fr.pc=0x0000020b2576df70 relative=0x00000000000003b0
Event: 1.585 Thread 0x0000020b163d30c0 Uncommon trap: reason=class_check action=maybe_recompile pc=0x0000020b2576df70 method=java.util.HashMap.getNode(Ljava/lang/Object;)Ljava/util/HashMap$Node; @ 63 c2
Event: 1.585 Thread 0x0000020b163d30c0 DEOPT PACKING pc=0x0000020b2576df70 sp=0x000000ae941fd1a0
Event: 1.585 Thread 0x0000020b163d30c0 DEOPT UNPACKING pc=0x0000020b251f5ba3 sp=0x000000ae941fd0b8 mode 2
Event: 1.733 Thread 0x0000020b163d30c0 Uncommon trap: trap_request=0xffffffde fr.pc=0x0000020b2575895c relative=0x000000000000039c
Event: 1.733 Thread 0x0000020b163d30c0 Uncommon trap: reason=class_check action=maybe_recompile pc=0x0000020b2575895c method=java.util.HashMap.getNode(Ljava/lang/Object;)Ljava/util/HashMap$Node; @ 63 c2
Event: 1.733 Thread 0x0000020b163d30c0 DEOPT PACKING pc=0x0000020b2575895c sp=0x000000ae941fdcf0
Event: 1.733 Thread 0x0000020b163d30c0 DEOPT UNPACKING pc=0x0000020b251f5ba3 sp=0x000000ae941fdc78 mode 2
Event: 1.764 Thread 0x0000020b163d30c0 Uncommon trap: trap_request=0xffffff45 fr.pc=0x0000020b25796b5c relative=0x0000000000000f3c
Event: 1.764 Thread 0x0000020b163d30c0 Uncommon trap: reason=unstable_if action=reinterpret pc=0x0000020b25796b5c method=jdk.internal.util.jar.JarIndex.get(Ljava/lang/String;)Ljava/util/LinkedList; @ 27 c2
Event: 1.764 Thread 0x0000020b163d30c0 DEOPT PACKING pc=0x0000020b25796b5c sp=0x000000ae941fdd20
Event: 1.764 Thread 0x0000020b163d30c0 DEOPT UNPACKING pc=0x0000020b251f5ba3 sp=0x000000ae941fdce8 mode 2
Event: 1.847 Thread 0x0000020b163d30c0 Uncommon trap: trap_request=0xffffff54 fr.pc=0x0000020b257a74dc relative=0x000000000000005c
Event: 1.847 Thread 0x0000020b163d30c0 Uncommon trap: reason=speculate_null_assert action=make_not_entrant pc=0x0000020b257a74dc method=sun.misc.Unsafe.getLong(Ljava/lang/Object;J)J @ 5 c2
Event: 1.847 Thread 0x0000020b163d30c0 DEOPT PACKING pc=0x0000020b257a74dc sp=0x000000ae941feac0
Event: 1.847 Thread 0x0000020b163d30c0 DEOPT UNPACKING pc=0x0000020b251f5ba3 sp=0x000000ae941fea48 mode 2

Classes unloaded (0 events):
No events

Classes redefined (0 events):
No events

Internal exceptions (20 events):
Event: 0.946 Thread 0x0000020b163d30c0 Exception <a 'java/lang/NoSuchMethodError'{0x0000000713fddaa0}: 'int java.lang.invoke.DirectMethodHandle$Holder.invokeSpecial(java.lang.Object, java.lang.Object, java.lang.Object)'> (0x0000000713fddaa0) 
thrown [s\open\src\hotspot\share\interpreter\linkResolver.cpp, line 759]
Event: 1.011 Thread 0x0000020b163d30c0 Exception <a 'sun/nio/fs/WindowsException'{0x0000000713c720c0}> (0x0000000713c720c0) 
thrown [s\open\src\hotspot\share\prims\jni.cpp, line 516]
Event: 1.012 Thread 0x0000020b163d30c0 Exception <a 'sun/nio/fs/WindowsException'{0x0000000713c72630}> (0x0000000713c72630) 
thrown [s\open\src\hotspot\share\prims\jni.cpp, line 516]
Event: 1.130 Thread 0x0000020b163d30c0 Exception <a 'java/lang/NoSuchMethodError'{0x0000000713dee280}: 'int java.lang.invoke.DirectMethodHandle$Holder.invokeStaticInit(java.lang.Object, java.lang.Object, int, long)'> (0x0000000713dee280) 
thrown [s\open\src\hotspot\share\interpreter\linkResolver.cpp, line 759]
Event: 1.131 Thread 0x0000020b163d30c0 Exception <a 'java/lang/NoSuchMethodError'{0x0000000713df3b48}: 'java.lang.Object java.lang.invoke.DirectMethodHandle$Holder.newInvokeSpecial(java.lang.Object, java.lang.Object, int)'> (0x0000000713df3b48) 
thrown [s\open\src\hotspot\share\interpreter\linkResolver.cpp, line 759]
Event: 1.135 Thread 0x0000020b163d30c0 Exception <a 'java/lang/NoSuchMethodError'{0x0000000713a0fd90}: 'int java.lang.invoke.DirectMethodHandle$Holder.invokeStaticInit(java.lang.Object, java.lang.Object, long, long)'> (0x0000000713a0fd90) 
thrown [s\open\src\hotspot\share\interpreter\linkResolver.cpp, line 759]
Event: 1.136 Thread 0x0000020b163d30c0 Exception <a 'java/lang/NoSuchMethodError'{0x0000000713a15b18}: 'java.lang.Object java.lang.invoke.DirectMethodHandle$Holder.newInvokeSpecial(java.lang.Object, java.lang.Object, long)'> (0x0000000713a15b18) 
thrown [s\open\src\hotspot\share\interpreter\linkResolver.cpp, line 759]
Event: 1.137 Thread 0x0000020b163d30c0 Exception <a 'java/lang/NoSuchMethodError'{0x0000000713a193e0}: 'java.lang.Object java.lang.invoke.Invokers$Holder.linkToTargetMethod(java.lang.Object, long, java.lang.Object)'> (0x0000000713a193e0) 
thrown [s\open\src\hotspot\share\interpreter\linkResolver.cpp, line 759]
Event: 1.138 Thread 0x0000020b163d30c0 Exception <a 'java/lang/NoSuchMethodError'{0x0000000713a209e0}: 'int java.lang.invoke.DirectMethodHandle$Holder.invokeStaticInit(java.lang.Object, java.lang.Object, java.lang.Object, long)'> (0x0000000713a209e0) 
thrown [s\open\src\hotspot\share\interpreter\linkResolver.cpp, line 759]
Event: 1.186 Thread 0x0000020b163d30c0 Exception <a 'sun/nio/fs/WindowsException'{0x0000000713b45fb0}> (0x0000000713b45fb0) 
thrown [s\open\src\hotspot\share\prims\jni.cpp, line 516]
Event: 1.186 Thread 0x0000020b163d30c0 Exception <a 'sun/nio/fs/WindowsException'{0x0000000713b46368}> (0x0000000713b46368) 
thrown [s\open\src\hotspot\share\prims\jni.cpp, line 516]
Event: 1.247 Thread 0x0000020b163d30c0 Exception <a 'sun/nio/fs/WindowsException'{0x000000071383f6c0}> (0x000000071383f6c0) 
thrown [s\open\src\hotspot\share\prims\jni.cpp, line 516]
Event: 1.247 Thread 0x0000020b163d30c0 Exception <a 'sun/nio/fs/WindowsException'{0x000000071383fa48}> (0x000000071383fa48) 
thrown [s\open\src\hotspot\share\prims\jni.cpp, line 516]
Event: 1.610 Thread 0x0000020b163d30c0 Exception <a 'sun/nio/fs/WindowsException'{0x00000007138b62b0}> (0x00000007138b62b0) 
thrown [s\open\src\hotspot\share\prims\jni.cpp, line 516]
Event: 1.610 Thread 0x0000020b163d30c0 Exception <a 'sun/nio/fs/WindowsException'{0x00000007138b6650}> (0x00000007138b6650) 
thrown [s\open\src\hotspot\share\prims\jni.cpp, line 516]
Event: 1.654 Thread 0x0000020b163d30c0 Exception <a 'java/lang/NoSuchMethodError'{0x00000007138de268}: 'void java.lang.invoke.DirectMethodHandle$Holder.invokeStatic(java.lang.Object, long)'> (0x00000007138de268) 
thrown [s\open\src\hotspot\share\interpreter\linkResolver.cpp, line 759]
Event: 1.746 Thread 0x0000020b163d30c0 Exception <a 'sun/nio/fs/WindowsException'{0x000000071393c918}> (0x000000071393c918) 
thrown [s\open\src\hotspot\share\prims\jni.cpp, line 516]
Event: 1.747 Thread 0x0000020b163d30c0 Exception <a 'sun/nio/fs/WindowsException'{0x000000071393ccd8}> (0x000000071393ccd8) 
thrown [s\open\src\hotspot\share\prims\jni.cpp, line 516]
Event: 1.766 Thread 0x0000020b163d30c0 Exception <a 'sun/nio/fs/WindowsException'{0x000000071394e798}> (0x000000071394e798) 
thrown [s\open\src\hotspot\share\prims\jni.cpp, line 516]
Event: 1.766 Thread 0x0000020b163d30c0 Exception <a 'sun/nio/fs/WindowsException'{0x000000071394ea98}> (0x000000071394ea98) 
thrown [s\open\src\hotspot\share\prims\jni.cpp, line 516]

VM Operations (12 events):
Event: 0.296 Executing VM operation: HandshakeAllThreads
Event: 0.296 Executing VM operation: HandshakeAllThreads done
Event: 0.588 Executing VM operation: HandshakeAllThreads
Event: 0.588 Executing VM operation: HandshakeAllThreads done
Event: 0.943 Executing VM operation: HandshakeAllThreads
Event: 0.943 Executing VM operation: HandshakeAllThreads done
Event: 0.996 Executing VM operation: HandshakeAllThreads
Event: 0.996 Executing VM operation: HandshakeAllThreads done
Event: 1.053 Executing VM operation: HandshakeAllThreads
Event: 1.053 Executing VM operation: HandshakeAllThreads done
Event: 2.069 Executing VM operation: Cleanup
Event: 2.069 Executing VM operation: Cleanup done

Events (20 events):
Event: 1.140 loading class java/nio/BufferUnderflowException
Event: 1.140 loading class java/nio/BufferUnderflowException done
Event: 1.192 loading class java/lang/NoSuchFieldError
Event: 1.192 loading class java/lang/NoSuchFieldError done
Event: 1.202 loading class jdk/internal/misc/ScopedMemoryAccess$Scope
Event: 1.202 loading class jdk/internal/misc/ScopedMemoryAccess$Scope done
Event: 1.267 loading class jdk/internal/reflect/UnsafeQualifiedStaticIntegerFieldAccessorImpl
Event: 1.267 loading class jdk/internal/reflect/UnsafeQualifiedStaticIntegerFieldAccessorImpl done
Event: 1.560 Thread 0x0000020b7e4cf970 Thread exited: 0x0000020b7e4cf970
Event: 1.630 Loaded shared library C:\Users\06anla29\AppData\Local\Temp\lwjgl_06anla29\3.3.3+5\x64\lwjgl_stb.dll
Event: 1.754 Loaded shared library C:\Users\06anla29\AppData\Local\Temp\lwjgl_06anla29\3.3.3+5\x64\lwjgl_opengl.dll
Event: 1.771 Thread 0x0000020b7f50f030 Thread added: 0x0000020b7f50f030
Event: 2.031 loading class sun/net/ProgressMonitor
Event: 2.031 loading class sun/net/ProgressMonitor done
Event: 2.031 loading class sun/net/DefaultProgressMeteringPolicy
Event: 2.031 loading class sun/net/ProgressMeteringPolicy
Event: 2.031 loading class sun/net/ProgressMeteringPolicy done
Event: 2.032 loading class sun/net/DefaultProgressMeteringPolicy done
Event: 2.032 loading class java/io/BufferedReader$1
Event: 2.033 loading class java/io/BufferedReader$1 done


Dynamic libraries:
0x00007ff6e9780000 - 0x00007ff6e9790000 	C:\Program Files\Java\jdk-17\bin\java.exe
0x00007ff964eb0000 - 0x00007ff9650a8000 	C:\windows\SYSTEM32\ntdll.dll
0x00007ff963910000 - 0x00007ff9639cd000 	C:\windows\System32\KERNEL32.DLL
0x00007ff962690000 - 0x00007ff962986000 	C:\windows\System32\KERNELBASE.dll
0x00007ff962590000 - 0x00007ff962690000 	C:\windows\System32\ucrtbase.dll
0x00007ff94ff70000 - 0x00007ff94ff89000 	C:\Program Files\Java\jdk-17\bin\jli.dll
0x00007ff9544d0000 - 0x00007ff9544eb000 	C:\Program Files\Java\jdk-17\bin\VCRUNTIME140.dll
0x00007ff964710000 - 0x00007ff9647bf000 	C:\windows\System32\ADVAPI32.dll
0x00007ff9639d0000 - 0x00007ff963a6e000 	C:\windows\System32\msvcrt.dll
0x00007ff964dd0000 - 0x00007ff964e6c000 	C:\windows\System32\sechost.dll
0x00007ff963490000 - 0x00007ff9635b6000 	C:\windows\System32\RPCRT4.dll
0x00007ff963770000 - 0x00007ff96390e000 	C:\windows\System32\USER32.dll
0x00007ff962990000 - 0x00007ff9629b2000 	C:\windows\System32\win32u.dll
0x00007ff9423c0000 - 0x00007ff94265a000 	C:\windows\WinSxS\amd64_microsoft.windows.common-controls_6595b64144ccf1df_6.0.19041.3636_none_60b6a03d71f818d5\COMCTL32.dll
0x00007ff963400000 - 0x00007ff96342c000 	C:\windows\System32\GDI32.dll
0x00007ff962d60000 - 0x00007ff962e7a000 	C:\windows\System32\gdi32full.dll
0x00007ff9629c0000 - 0x00007ff962a5d000 	C:\windows\System32\msvcp_win.dll
0x00007ff957d50000 - 0x00007ff957d5a000 	C:\windows\SYSTEM32\VERSION.dll
0x00007ff9643e0000 - 0x00007ff964410000 	C:\windows\System32\IMM32.DLL
0x00007ff95b420000 - 0x00007ff95b42c000 	C:\Program Files\Java\jdk-17\bin\vcruntime140_1.dll
0x00007ff93dfc0000 - 0x00007ff93e04e000 	C:\Program Files\Java\jdk-17\bin\msvcp140.dll
0x00007ff8dc530000 - 0x00007ff8dd111000 	C:\Program Files\Java\jdk-17\bin\server\jvm.dll
0x00007ff964470000 - 0x00007ff964478000 	C:\windows\System32\PSAPI.DLL
0x00007ff9546b0000 - 0x00007ff9546d7000 	C:\windows\SYSTEM32\WINMM.dll
0x00007ff93d8c0000 - 0x00007ff93d8c9000 	C:\windows\SYSTEM32\WSOCK32.dll
0x00007ff964c90000 - 0x00007ff964cfb000 	C:\windows\System32\WS2_32.dll
0x00007ff960ab0000 - 0x00007ff960ac2000 	C:\windows\SYSTEM32\kernel.appcore.dll
0x00007ff95af40000 - 0x00007ff95af4a000 	C:\Program Files\Java\jdk-17\bin\jimage.dll
0x00007ff9607e0000 - 0x00007ff9609c4000 	C:\windows\SYSTEM32\DBGHELP.DLL
0x00007ff93f3a0000 - 0x00007ff93f3d4000 	C:\windows\SYSTEM32\dbgcore.DLL
0x00007ff962e80000 - 0x00007ff962f02000 	C:\windows\System32\bcryptPrimitives.dll
0x00007ff9476c0000 - 0x00007ff9476e5000 	C:\Program Files\Java\jdk-17\bin\java.dll
0x00007ff93dbb0000 - 0x00007ff93dc87000 	C:\Program Files\Java\jdk-17\bin\jsvml.dll
0x00007ff963c90000 - 0x00007ff9643d5000 	C:\windows\System32\SHELL32.dll
0x00007ff95ff70000 - 0x00007ff96070b000 	C:\windows\SYSTEM32\windows.storage.dll
0x00007ff963040000 - 0x00007ff963394000 	C:\windows\System32\combase.dll
0x00007ff961e80000 - 0x00007ff961ead000 	C:\windows\SYSTEM32\Wldp.dll
0x00007ff964490000 - 0x00007ff96453d000 	C:\windows\System32\SHCORE.dll
0x00007ff9633a0000 - 0x00007ff9633f5000 	C:\windows\System32\shlwapi.dll
0x00007ff9624c0000 - 0x00007ff9624e5000 	C:\windows\SYSTEM32\profapi.dll
0x00007ff93f240000 - 0x00007ff93f259000 	C:\Program Files\Java\jdk-17\bin\net.dll
0x00007ff9614d0000 - 0x00007ff9615da000 	C:\windows\SYSTEM32\WINHTTP.dll
0x00007ff961c60000 - 0x00007ff961cca000 	C:\windows\system32\mswsock.dll
0x00007ff93f140000 - 0x00007ff93f156000 	C:\Program Files\Java\jdk-17\bin\nio.dll
0x00007ff94f970000 - 0x00007ff94f988000 	C:\Program Files\Java\jdk-17\bin\zip.dll
0x00007ff92b830000 - 0x00007ff92b9c1000 	C:\Program Files\Java\jdk-17\bin\awt.dll
0x00007ff964d00000 - 0x00007ff964dcd000 	C:\windows\System32\OLEAUT32.dll
0x00007ff95f590000 - 0x00007ff95f620000 	C:\windows\SYSTEM32\apphelp.dll
0x00007ff95fa50000 - 0x00007ff95fa7f000 	C:\windows\system32\DWMAPI.DLL
0x00007ff95f690000 - 0x00007ff95f72e000 	C:\windows\system32\uxtheme.dll
0x00007ff94ff60000 - 0x00007ff94ff70000 	C:\Program Files\Java\jdk-17\bin\verify.dll
0x00007ff92b7b0000 - 0x00007ff92b82b000 	C:\Users\06anla29\AppData\Local\Temp\lwjgl_06anla29\3.3.3+5\x64\lwjgl.dll
0x00007ff92b540000 - 0x00007ff92b7b0000 	C:\Users\06anla29\AppData\Local\Temp\lwjgl_06anla29\3.3.3+5\x64\jemalloc.dll
0x00007ff92b4b0000 - 0x00007ff92b532000 	C:\Users\06anla29\AppData\Local\Temp\lwjgl_06anla29\3.3.3+5\x64\glfw.dll
0x00007ff93d8f0000 - 0x00007ff93d935000 	C:\windows\SYSTEM32\dinput8.dll
0x00007ff93f160000 - 0x00007ff93f171000 	C:\windows\SYSTEM32\xinput1_4.dll
0x00007ff962b80000 - 0x00007ff962bce000 	C:\windows\System32\cfgmgr32.dll
0x00007ff962320000 - 0x00007ff962353000 	C:\windows\SYSTEM32\DEVOBJ.dll
0x00007ff9464d0000 - 0x00007ff946622000 	C:\windows\SYSTEM32\inputhost.dll
0x00007ff95dbc0000 - 0x00007ff95dd15000 	C:\windows\SYSTEM32\wintypes.dll
0x00007ff95f2b0000 - 0x00007ff95f3a2000 	C:\windows\SYSTEM32\CoreMessaging.dll
0x00007ff95ebd0000 - 0x00007ff95ef2b000 	C:\windows\SYSTEM32\CoreUIComponents.dll
0x00007ff961690000 - 0x00007ff9616c3000 	C:\windows\SYSTEM32\ntmarta.dll
0x00007ff95aa70000 - 0x00007ff95ab66000 	C:\windows\SYSTEM32\PROPSYS.dll
0x00007ff963b50000 - 0x00007ff963c64000 	C:\windows\System32\MSCTF.dll
0x00007ff917f40000 - 0x00007ff918065000 	C:\windows\SYSTEM32\opengl32.dll
0x00007ff918950000 - 0x00007ff91897c000 	C:\windows\SYSTEM32\GLU32.dll
0x00007ff962f90000 - 0x00007ff963039000 	C:\windows\System32\clbcatq.dll
0x00007ff9245a0000 - 0x00007ff925754000 	C:\windows\System32\DriverStore\FileRepository\iigd_dch.inf_amd64_da775d7ecf291310\igxelpicd64.dll
0x00007ff9645d0000 - 0x00007ff9646fb000 	C:\windows\System32\ole32.dll
0x00007ff960af0000 - 0x00007ff960be3000 	C:\windows\system32\dxgi.dll
0x00007ff92ad50000 - 0x00007ff92b081000 	C:\windows\System32\DriverStore\FileRepository\iigd_dch.inf_amd64_da775d7ecf291310\igdml64.dll
0x00007ff953cd0000 - 0x00007ff95410c000 	C:\windows\System32\DriverStore\FileRepository\iigd_dch.inf_amd64_da775d7ecf291310\igdgmm64.dll
0x00007ff94b7a0000 - 0x00007ff94f806000 	C:\windows\System32\DriverStore\FileRepository\iigd_dch.inf_amd64_da775d7ecf291310\igc64.dll
0x00007ff961f20000 - 0x00007ff961f6b000 	C:\windows\SYSTEM32\powrprof.dll
0x00007ff961ee0000 - 0x00007ff961ef2000 	C:\windows\SYSTEM32\UMPDC.dll
0x00007ff946630000 - 0x00007ff946729000 	C:\windows\SYSTEM32\textinputframework.dll
0x00007ff92b420000 - 0x00007ff92b4a2000 	C:\Users\06anla29\AppData\Local\Temp\lwjgl_06anla29\3.3.3+5\x64\lwjgl_stb.dll
0x00007ff959c90000 - 0x00007ff959d3e000 	C:\windows\SYSTEM32\mscms.dll
0x00007ff962440000 - 0x00007ff96246e000 	C:\windows\SYSTEM32\USERENV.dll
0x00007ff959c70000 - 0x00007ff959c81000 	C:\windows\SYSTEM32\ColorAdapterClient.dll
0x00007ff92b3d0000 - 0x00007ff92b413000 	C:\windows\SYSTEM32\icm32.dll
0x00007ff92b370000 - 0x00007ff92b3ce000 	C:\Users\06anla29\AppData\Local\Temp\lwjgl_06anla29\3.3.3+5\x64\lwjgl_opengl.dll

dbghelp: loaded successfully - version: 4.0.5 - missing functions: none
symbol engine: initialized successfully - sym options: 0x614 - pdb path: .;C:\Program Files\Java\jdk-17\bin;C:\windows\SYSTEM32;C:\windows\WinSxS\amd64_microsoft.windows.common-controls_6595b64144ccf1df_6.0.19041.3636_none_60b6a03d71f818d5;C:\Program Files\Java\jdk-17\bin\server;C:\Users\06anla29\AppData\Local\Temp\lwjgl_06anla29\3.3.3+5\x64;C:\windows\System32\DriverStore\FileRepository\iigd_dch.inf_amd64_da775d7ecf291310

VM Arguments:
jvm_args: -Dfile.encoding=windows-1252 -Duser.country=US -Duser.language=en -Duser.variant 
java_command: com.ezzenix.Game
java_class_path (initial): C:\Users\06anla29\Desktop\minecraft-clone\build\classes\java\main;C:\Users\06anla29\Desktop\minecraft-clone\build\resources\main;C:\Users\06anla29\.gradle\caches\modules-2\files-2.1\org.joml\joml\1.10.5\22566d58af70ad3d72308bab63b8339906deb649\joml-1.10.5.jar;C:\Users\06anla29\.gradle\caches\modules-2\files-2.1\org.lwjgl\lwjgl-assimp\3.3.3\c2c34011cbda30ed8cf98bc5cbf97b49afe5279a\lwjgl-assimp-3.3.3.jar;C:\Users\06anla29\.gradle\caches\modules-2\files-2.1\org.lwjgl\lwjgl-assimp\3.3.3\d90ccdade594716062975cffd1431d387f770ac4\lwjgl-assimp-3.3.3-natives-windows.jar;C:\Users\06anla29\.gradle\caches\modules-2\files-2.1\org.lwjgl\lwjgl-bgfx\3.3.3\a19c4bfd1532863425098f05316726854aed8c51\lwjgl-bgfx-3.3.3.jar;C:\Users\06anla29\.gradle\caches\modules-2\files-2.1\org.lwjgl\lwjgl-bgfx\3.3.3\2db0ad304f20677e9269311cb6cb5f4f2eed889\lwjgl-bgfx-3.3.3-natives-windows.jar;C:\Users\06anla29\.gradle\caches\modules-2\files-2.1\org.lwjgl\lwjgl-cuda\3.3.3\e2de3beeba3e4c826317e31519a40f0585160acf\lwjgl-cuda-3.3.3.jar;C:\Users\06anla29\.gradle\caches\modules-2\files-2.1\org.lwjgl\lwjgl-egl\3.3.3\2f0d613e3f769577548f08b11ae9b7571980aeb1\lwjgl-egl-3.3.3.jar;C:\Users\06anla29\.gradle\caches\modules-2\files-2.1\org.lwjgl\lwjgl-fmod\3.3.3\aa6d1cf95ea97e903f6c733baf2477dbb3c41e3e\lwjgl-fmod-3.3.3.jar;C:\Users\06anla29\.gradle\caches\modules-2\files-2.1\org.lwjgl\lwjgl-freetype\3.3.3\a0db6c84a8becc8ca05f9dbfa985edc348a824c7\lwjgl-freetype-3.3.3.jar;C:\Users\06anla29\.gradle\caches\modules-2\files-2.1\org.lwjgl\lwjgl-freetype\3.3.3\81091b006dbb43fab04c8c638e9ac87c51b4096d\lwjgl-freetype-3.3.3-natives-windows.jar;C:\Users\06anla29\.gradle\caches\modules-2\files-2.1\org.lwjgl\lwjgl-glfw\3.3.3\efa1eb78c5ccd840e9f329717109b5e892d72f8e\lwjgl-glfw-3.3.3.jar;C:\Users\06anla29\.gradle\caches\modules-2\files-2.1\org.lwjgl\lwjgl-glfw\3.3.3\e449e28b4891fc423c54c85fbc5bb0b9efece67a\lwjgl-glfw-3.3.3-natives-windows.jar;C:\Users\06anla29\.gradle\caches\modules-2\files-2.1\org.lwjgl\l
Launcher Type: SUN_STANDARD

[Global flags]
     intx CICompilerCount                          = 4                                         {product} {ergonomic}
     uint ConcGCThreads                            = 2                                         {product} {ergonomic}
     uint G1ConcRefinementThreads                  = 8                                         {product} {ergonomic}
   size_t G1HeapRegionSize                         = 2097152                                   {product} {ergonomic}
    uintx GCDrainStackTargetSize                   = 64                                        {product} {ergonomic}
   size_t InitialHeapSize                          = 264241152                                 {product} {ergonomic}
   size_t MarkStackSize                            = 4194304                                   {product} {ergonomic}
   size_t MaxHeapSize                              = 4213178368                                {product} {ergonomic}
   size_t MaxNewSize                               = 2527068160                                {product} {ergonomic}
   size_t MinHeapDeltaBytes                        = 2097152                                   {product} {ergonomic}
   size_t MinHeapSize                              = 8388608                                   {product} {ergonomic}
    uintx NonNMethodCodeHeapSize                   = 5839372                                {pd product} {ergonomic}
    uintx NonProfiledCodeHeapSize                  = 122909434                              {pd product} {ergonomic}
    uintx ProfiledCodeHeapSize                     = 122909434                              {pd product} {ergonomic}
    uintx ReservedCodeCacheSize                    = 251658240                              {pd product} {ergonomic}
     bool SegmentedCodeCache                       = true                                      {product} {ergonomic}
   size_t SoftMaxHeapSize                          = 4213178368                             {manageable} {ergonomic}
     bool UseCompressedClassPointers               = true                           {product lp64_product} {ergonomic}
     bool UseCompressedOops                        = true                           {product lp64_product} {ergonomic}
     bool UseG1GC                                  = true                                      {product} {ergonomic}
     bool UseLargePagesIndividualAllocation        = false                                  {pd product} {ergonomic}

Logging:
Log output configuration:
 #0: stdout all=warning uptime,level,tags
 #1: stderr all=off uptime,level,tags

Environment Variables:
PATH=C:\Program Files\Common Files\Oracle\Java\javapath;C:\windows\system32;C:\windows;C:\windows\System32\Wbem;C:\windows\System32\WindowsPowerShell\v1.0\;C:\windows\System32\OpenSSH\;C:\Program Files\nodejs\;C:\Program Files (x86)\Windows Kits\10\Windows Performance Toolkit\;C:\Program Files\Git\cmd;C:\Program Files\dotnet\;C:\ProgramData\chocolatey\bin;C:\Users\06anla29\AppData\Local\Microsoft\WindowsApps;;C:\Users\06anla29\AppData\Local\Programs\Microsoft VS Code\bin;C:\Users\06anla29\.aftman\bin;C:\Users\06anla29\AppData\Roaming\npm;C:\Users\06anla29\.dotnet\tools
USERNAME=06anla29
OS=Windows_NT
PROCESSOR_IDENTIFIER=Intel64 Family 6 Model 140 Stepping 1, GenuineIntel



---------------  S Y S T E M  ---------------

OS:
 Windows 10 , 64 bit Build 19041 (10.0.19041.3636)
OS uptime: 0 days 0:18 hours
Hyper-V role detected

CPU: total 8 (initial active 8) (4 cores per cpu, 2 threads per core) family 6 model 140 stepping 1 microcode 0xac, cx8, cmov, fxsr, ht, mmx, 3dnowpref, sse, sse2, sse3, ssse3, sse4.1, sse4.2, popcnt, lzcnt, tsc, tscinvbit, avx, avx2, aes, erms, clmul, bmi1, bmi2, adx, avx512f, avx512dq, avx512cd, avx512bw, avx512vl, sha, fma, vzeroupper, avx512_vpopcntdq, avx512_vpclmulqdq, avx512_vaes, avx512_vnni, clflush, clflushopt, clwb, avx512_vbmi2, avx512_vbmi, hv

Memory: 4k page, system-wide physical 16064M (8841M free)
TotalPageFile size 17984M (AvailPageFile size 6105M)
current process WorkingSet (physical memory assigned to process): 156M, peak: 157M
current process commit charge ("private bytes"): 407M, peak: 408M

vm_info: Java HotSpot(TM) 64-Bit Server VM (17.0.9+11-LTS-201) for windows-amd64 JRE (17.0.9+11-LTS-201), built on Oct 10 2023 23:16:06 by "mach5one" with MS VC++ 17.1 (VS2022)

END.
