#
# A fatal error has been detected by the Java Runtime Environment:
#
#  EXCEPTION_ACCESS_VIOLATION (0xc0000005) at pc=0x00007ffffebbfbdd, pid=14192, tid=8836
#
# JRE version: Java(TM) SE Runtime Environment (17.0.9+11) (build 17.0.9+11-LTS-201)
# Java VM: Java HotSpot(TM) 64-Bit Server VM (17.0.9+11-LTS-201, mixed mode, sharing, tiered, compressed oops, compressed class ptrs, g1 gc, windows-amd64)
# Problematic frame:
# C  [lwjgl_opengl.dll+0xfbdd]
#
# No core dump will be written. Minidumps are not enabled by default on client versions of Windows
#
# If you would like to submit a bug report, please visit:
#   https://bugreport.java.com/bugreport/crash.jsp
# The crash happened outside the Java Virtual Machine in native code.
# See problematic frame for where to report the bug.
#

---------------  S U M M A R Y ------------

Command Line: -agentlib:jdwp=transport=dt_socket,server=n,suspend=y,address=127.0.0.1:50729 -Dfile.encoding=windows-1252 -Duser.country=US -Duser.language=en -Duser.variant com.ezzenix.Game

Host: 11th Gen Intel(R) Core(TM) i5-1135G7 @ 2.40GHz, 8 cores, 15G,  Windows 10 , 64 bit Build 19041 (10.0.19041.3636)
Time: Tue Jan  9 09:44:39 2024 W. Europe Standard Time elapsed time: 68.053607 seconds (0d 0h 1m 8s)

---------------  T H R E A D  ---------------

Current thread (0x0000017752ec55d0):  JavaThread "main" [_thread_in_native, id=8836, stack(0x00000065f4b00000,0x00000065f4c00000)]

Stack: [0x00000065f4b00000,0x00000065f4c00000],  sp=0x00000065f4bfede8,  free space=1019k
Native frames: (J=compiled Java code, j=interpreted, Vv=VM code, C=native code)
C  [lwjgl_opengl.dll+0xfbdd]

Java frames: (J=compiled Java code, j=interpreted, Vv=VM code)
j  org.lwjgl.opengl.GL30C.nglGenVertexArrays(IJ)V+0
j  org.lwjgl.opengl.GL30C.glGenVertexArrays()I+20
j  org.lwjgl.opengl.GL30.glGenVertexArrays()I+0
j  com.ezzenix.rendering.Mesh.<init>(Ljava/nio/FloatBuffer;I)V+10
j  com.ezzenix.rendering.ChunkBuilder.createMesh(Lcom/ezzenix/game/Chunk;)Lcom/ezzenix/rendering/Mesh;+536
j  com.ezzenix.game.Chunk.updateMesh()V+16
j  com.ezzenix.game.Chunk.<init>(II)V+94
j  com.ezzenix.game.World.<init>()V+21
j  com.ezzenix.Game.<init>()V+23
j  com.ezzenix.Game.main([Ljava/lang/String;)V+18
v  ~StubRoutines::call_stub

siginfo: EXCEPTION_ACCESS_VIOLATION (0xc0000005), reading address 0x00000000000013c8


Register to memory mapping:

RIP=0x00007ffffebbfbdd lwjgl_opengl.dll
RAX=0x000001777a0dcb70 points into unknown readable memory: 0x0000000000000000 | 00 00 00 00 00 00 00 00
RBX={method} {0x000001777667acf8} 'nglGenVertexArrays' '(IJ)V' in 'org/lwjgl/opengl/GL30C'
RCX=0x0000000000000001 is an unknown value
RDX=0x000001777ab81b4c points into unknown readable memory: 00 00 00 00
RSP=0x00000065f4bfede8 is pointing into the stack for thread: 0x0000017752ec55d0
RBP=0x00000065f4bfee70 is pointing into the stack for thread: 0x0000017752ec55d0
RSI=0x0000000000000110 is an unknown value
RDI=0x0000017761c8a218 is at code_begin+4280 in an Interpreter codelet
return entry points  [0x0000017761c89160, 0x0000017761c8b380]  8736 bytes
R8 =0x0000000000000001 is an unknown value
R9 =0x000001777ab81b4c points into unknown readable memory: 00 00 00 00
R10=0x0 is NULL
R11=0x00000007138e0670 is an oop: java.lang.Class 
{0x00000007138e0670} - klass: 'java/lang/Class'
 - ---- fields (total size 130 words):
 - private volatile transient 'classRedefinedCount' 'I' @12  0
 - private volatile transient 'cachedConstructor' 'Ljava/lang/reflect/Constructor;' @40  NULL (0)
 - private transient 'name' 'Ljava/lang/String;' @44  "org.lwjgl.opengl.GL30C"{0x00000007138e0a90} (e271c152)
 - private transient 'module' 'Ljava/lang/Module;' @48  a 'java/lang/Module'{0x0000000714900188} (e2920031)
 - private final 'classLoader' 'Ljava/lang/ClassLoader;' @52  a 'jdk/internal/loader/ClassLoaders$AppClassLoader'{0x00000007148fffc8} (e291fff9)
 - private transient 'classData' 'Ljava/lang/Object;' @56  NULL (0)
 - private transient 'packageName' 'Ljava/lang/String;' @60  "org.lwjgl.opengl"{0x0000000713df0050} (e27be00a)
 - private final 'componentType' 'Ljava/lang/Class;' @64  NULL (0)
 - private volatile transient 'reflectionData' 'Ljava/lang/ref/SoftReference;' @68  NULL (0)
 - private volatile transient 'genericInfo' 'Lsun/reflect/generics/repository/ClassRepository;' @72  NULL (0)
 - private volatile transient 'enumConstants' '[Ljava/lang/Object;' @76  NULL (0)
 - private volatile transient 'enumConstantDirectory' 'Ljava/util/Map;' @80  NULL (0)
 - private volatile transient 'annotationData' 'Ljava/lang/Class$AnnotationData;' @84  NULL (0)
 - private volatile transient 'annotationType' 'Lsun/reflect/annotation/AnnotationType;' @88  NULL (0)
 - transient 'classValueMap' 'Ljava/lang/ClassValue$ClassValueMap;' @92  NULL (0)
 - signature: Lorg/lwjgl/opengl/GL30C;
 - fake entry for mirror: 'org/lwjgl/opengl/GL30C'
 - fake entry for array: NULL
 - fake entry for oop_size: 130
 - fake entry for static_oop_field_count: 0
 - public static final 'GL_MAJOR_VERSION' 'I' @112  33307 (821b)
 - public static final 'GL_MINOR_VERSION' 'I' @116  33308 (821c)
 - public static final 'GL_NUM_EXTENSIONS' 'I' @120  33309 (821d)
 - public static final 'GL_CONTEXT_FLAGS' 'I' @124  33310 (821e)
 - public static final 'GL_CONTEXT_FLAG_FORWARD_COMPATIBLE_BIT' 'I' @128  1
 - public static final 'GL_COMPARE_REF_TO_TEXTURE' 'I' @132  34894 (884e)
 - public static final 'GL_CLIP_DISTANCE0' 'I' @136  12288 (3000)
 - public static final 'GL_CLIP_DISTANCE1' 'I' @140  12289 (3001)
 - public static final 'GL_CLIP_DISTANCE2' 'I' @144  12290 (3002)
 - public static final 'GL_CLIP_DISTANCE3' 'I' @148  12291 (3003)
 - public static final 'GL_CLIP_DISTANCE4' 'I' @152  12292 (3004)
 - public static final 'GL_CLIP_DISTANCE5' 'I' @156  12293 (3005)
 - public static final 'GL_CLIP_DISTANCE6' 'I' @160  12294 (3006)
 - public static final 'GL_CLIP_DISTANCE7' 'I' @164  12295 (3007)
 - public static final 'GL_MAX_CLIP_DISTANCES' 'I' @168  3378 (d32)
 - public static final 'GL_MAX_VARYING_COMPONENTS' 'I' @172  35659 (8b4b)
 - public static final 'GL_VERTEX_ATTRIB_ARRAY_INTEGER' 'I' @176  35069 (88fd)
 - public static final 'GL_SAMPLER_1D_ARRAY' 'I' @180  36288 (8dc0)
 - public static final 'GL_SAMPLER_2D_ARRAY' 'I' @184  36289 (8dc1)
 - public static final 'GL_SAMPLER_1D_ARRAY_SHADOW' 'I' @188  36291 (8dc3)
 - public static final 'GL_SAMPLER_2D_ARRAY_SHADOW' 'I' @192  36292 (8dc4)
 - public static final 'GL_SAMPLER_CUBE_SHADOW' 'I' @196  36293 (8dc5)
 - public static final 'GL_UNSIGNED_INT_VEC2' 'I' @200  36294 (8dc6)
 - public static final 'GL_UNSIGNED_INT_VEC3' 'I' @204  36295 (8dc7)
 - public static final 'GL_UNSIGNED_INT_VEC4' 'I' @208  36296 (8dc8)
 - public static final 'GL_INT_SAMPLER_1D' 'I' @212  36297 (8dc9)
 - public static final 'GL_INT_SAMPLER_2D' 'I' @216  36298 (8dca)
 - public static final 'GL_INT_SAMPLER_3D' 'I' @220  36299 (8dcb)
 - public static final 'GL_INT_SAMPLER_CUBE' 'I' @224  36300 (8dcc)
 - public static final 'GL_INT_SAMPLER_1D_ARRAY' 'I' @228  36302 (8dce)
 - public static final 'GL_INT_SAMPLER_2D_ARRAY' 'I' @232  36303 (8dcf)
 - public static final 'GL_UNSIGNED_INT_SAMPLER_1D' 'I' @236  36305 (8dd1)
 - public static final 'GL_UNSIGNED_INT_SAMPLER_2D' 'I' @240  36306 (8dd2)
 - public static final 'GL_UNSIGNED_INT_SAMPLER_3D' 'I' @244  36307 (8dd3)
 - public static final 'GL_UNSIGNED_INT_SAMPLER_CUBE' 'I' @248  36308 (8dd4)
 - public static final 'GL_UNSIGNED_INT_SAMPLER_1D_ARRAY' 'I' @252  36310 (8dd6)
 - public static final 'GL_UNSIGNED_INT_SAMPLER_2D_ARRAY' 'I' @256  36311 (8dd7)
 - public static final 'GL_MIN_PROGRAM_TEXEL_OFFSET' 'I' @260  35076 (8904)
 - public static final 'GL_MAX_PROGRAM_TEXEL_OFFSET' 'I' @264  35077 (8905)
 - public static final 'GL_QUERY_WAIT' 'I' @268  36371 (8e13)
 - public static final 'GL_QUERY_NO_WAIT' 'I' @272  36372 (8e14)
 - public static final 'GL_QUERY_BY_REGION_WAIT' 'I' @276  36373 (8e15)
 - public static final 'GL_QUERY_BY_REGION_NO_WAIT' 'I' @280  36374 (8e16)
 - public static final 'GL_MAP_READ_BIT' 'I' @284  1
 - public static final 'GL_MAP_WRITE_BIT' 'I' @288  2
 - public static final 'GL_MAP_INVALIDATE_RANGE_BIT' 'I' @292  4
 - public static final 'GL_MAP_INVALIDATE_BUFFER_BIT' 'I' @296  8
 - public static final 'GL_MAP_FLUSH_EXPLICIT_BIT' 'I' @300  16 (10)
 - public static final 'GL_MAP_UNSYNCHRONIZED_BIT' 'I' @304  32 (20)
 - public static final 'GL_BUFFER_ACCESS_FLAGS' 'I' @308  37151 (911f)
 - public static final 'GL_BUFFER_MAP_LENGTH' 'I' @312  37152 (9120)
 - public static final 'GL_BUFFER_MAP_OFFSET' 'I' @316  37153 (9121)
 - public static final 'GL_CLAMP_READ_COLOR' 'I' @320  35100 (891c)
 - public static final 'GL_FIXED_ONLY' 'I' @324  35101 (891d)
 - public static final 'GL_DEPTH_COMPONENT32F' 'I' @328  36012 (8cac)
 - public static final 'GL_DEPTH32F_STENCIL8' 'I' @332  36013 (8cad)
 - public static final 'GL_FLOAT_32_UNSIGNED_INT_24_8_REV' 'I' @336  36269 (8dad)
 - public static final 'GL_TEXTURE_RED_TYPE' 'I' @340  35856 (8c10)
 - public static final 'GL_TEXTURE_GREEN_TYPE' 'I' @344  35857 (8c11)
 - public static final 'GL_TEXTURE_BLUE_TYPE' 'I' @348  35858 (8c12)
 - public static final 'GL_TEXTURE_ALPHA_TYPE' 'I' @352  35859 (8c13)
 - public static final 'GL_TEXTURE_DEPTH_TYPE' 'I' @356  35862 (8c16)
 - public static final 'GL_UNSIGNED_NORMALIZED' 'I' @360  35863 (8c17)
 - public static final 'GL_RGBA32F' 'I' @364  34836 (8814)
 - public static final 'GL_RGB32F' 'I' @368  34837 (8815)
 - public static final 'GL_RGBA16F' 'I' @372  34842 (881a)
 - public static final 'GL_RGB16F' 'I' @376  34843 (881b)
 - public static final 'GL_R11F_G11F_B10F' 'I' @380  35898 (8c3a)
 - public static final 'GL_UNSIGNED_INT_10F_11F_11F_REV' 'I' @384  35899 (8c3b)
 - public static final 'GL_RGB9_E5' 'I' @388  35901 (8c3d)
 - public static final 'GL_UNSIGNED_INT_5_9_9_9_REV' 'I' @392  35902 (8c3e)
 - public static final 'GL_TEXTURE_SHARED_SIZE' 'I' @396  35903 (8c3f)
 - public static final 'GL_FRAMEBUFFER' 'I' @400  36160 (8d40)
 - public static final 'GL_READ_FRAMEBUFFER' 'I' @404  36008 (8ca8)
 - public static final 'GL_DRAW_FRAMEBUFFER' 'I' @408  36009 (8ca9)
 - public static final 'GL_RENDERBUFFER' 'I' @412  36161 (8d41)
 - public static final 'GL_STENCIL_INDEX1' 'I' @416  36166 (8d46)
 - public static final 'GL_STENCIL_INDEX4' 'I' @420  36167 (8d47)
 - public static final 'GL_STENCIL_INDEX8' 'I' @424  36168 (8d48)
 - public static final 'GL_STENCIL_INDEX16' 'I' @428  36169 (8d49)
 - public static final 'GL_RENDERBUFFER_WIDTH' 'I' @432  36162 (8d42)
 - public static final 'GL_RENDERBUFFER_HEIGHT' 'I' @436  36163 (8d43)
 - public static final 'GL_RENDERBUFFER_INTERNAL_FORMAT' 'I' @440  36164 (8d44)
 - public static final 'GL_RENDERBUFFER_RED_SIZE' 'I' @444  36176 (8d50)
 - public static final 'GL_RENDERBUFFER_GREEN_SIZE' 'I' @448  36177 (8d51)
 - public static final 'GL_RENDERBUFFER_BLUE_SIZE' 'I' @452  36178 (8d52)
 - public static final 'GL_RENDERBUFFER_ALPHA_SIZE' 'I' @456  36179 (8d53)
 - public static final 'GL_RENDERBUFFER_DEPTH_SIZE' 'I' @460  36180 (8d54)
 - public static final 'GL_RENDERBUFFER_STENCIL_SIZE' 'I' @464  36181 (8d55)
 - public static final 'GL_RENDERBUFFER_SAMPLES' 'I' @468  36011 (8cab)
 - public static final 'GL_FRAMEBUFFER_ATTACHMENT_OBJECT_TYPE' 'I' @472  36048 (8cd0)
 - public static final 'GL_FRAMEBUFFER_ATTACHMENT_OBJECT_NAME' 'I' @476  36049 (8cd1)
 - public static final 'GL_FRAMEBUFFER_ATTACHMENT_TEXTURE_LEVEL' 'I' @480  36050 (8cd2)
 - public static final 'GL_FRAMEBUFFER_ATTACHMENT_TEXTURE_CUBE_MAP_FACE' 'I' @484  36051 (8cd3)
 - public static final 'GL_FRAMEBUFFER_ATTACHMENT_TEXTURE_LAYER' 'I' @488  36052 (8cd4)
 - public static final 'GL_FRAMEBUFFER_ATTACHMENT_COLOR_ENCODING' 'I' @492  33296 (8210)
 - public static final 'GL_FRAMEBUFFER_ATTACHMENT_COMPONENT_TYPE' 'I' @496  33297 (8211)
 - public static final 'GL_FRAMEBUFFER_ATTACHMENT_RED_SIZE' 'I' @500  33298 (8212)
 - public static final 'GL_FRAMEBUFFER_ATTACHMENT_GREEN_SIZE' 'I' @504  33299 (8213)
 - public static final 'GL_FRAMEBUFFER_ATTACHMENT_BLUE_SIZE' 'I' @508  33300 (8214)
 - public static final 'GL_FRAMEBUFFER_ATTACHMENT_ALPHA_SIZE' 'I' @512  33301 (8215)
 - public static final 'GL_FRAMEBUFFER_ATTACHMENT_DEPTH_SIZE' 'I' @516  33302 (8216)
 - public static final 'GL_FRAMEBUFFER_ATTACHMENT_STENCIL_SIZE' 'I' @520  33303 (8217)
 - public static final 'GL_FRAMEBUFFER_DEFAULT' 'I' @524  33304 (8218)
 - public static final 'GL_COLOR_ATTACHMENT0' 'I' @528  36064 (8ce0)
 - public static final 'GL_COLOR_ATTACHMENT1' 'I' @532  36065 (8ce1)
 - public static final 'GL_COLOR_ATTACHMENT2' 'I' @536  36066 (8ce2)
 - public static final 'GL_COLOR_ATTACHMENT3' 'I' @540  36067 (8ce3)
 - public static final 'GL_COLOR_ATTACHMENT4' 'I' @544  36068 (8ce4)
 - public static final 'GL_COLOR_ATTACHMENT5' 'I' @548  36069 (8ce5)
 - public static final 'GL_COLOR_ATTACHMENT6' 'I' @552  36070 (8ce6)
 - public static final 'GL_COLOR_ATTACHMENT7' 'I' @556  36071 (8ce7)
 - public static final 'GL_COLOR_ATTACHMENT8' 'I' @560  36072 (8ce8)
 - public static final 'GL_COLOR_ATTACHMENT9' 'I' @564  36073 (8ce9)
 - public static final 'GL_COLOR_ATTACHMENT10' 'I' @568  36074 (8cea)
 - public static final 'GL_COLOR_ATTACHMENT11' 'I' @572  36075 (8ceb)
 - public static final 'GL_COLOR_ATTACHMENT12' 'I' @576  36076 (8cec)
 - public static final 'GL_COLOR_ATTACHMENT13' 'I' @580  36077 (8ced)
 - public static final 'GL_COLOR_ATTACHMENT14' 'I' @584  36078 (8cee)
 - public static final 'GL_COLOR_ATTACHMENT15' 'I' @588  36079 (8cef)
 - public static final 'GL_COLOR_ATTACHMENT16' 'I' @592  36080 (8cf0)
 - public static final 'GL_COLOR_ATTACHMENT17' 'I' @596  36081 (8cf1)
 - public static final 'GL_COLOR_ATTACHMENT18' 'I' @600  36082 (8cf2)
 - public static final 'GL_COLOR_ATTACHMENT19' 'I' @604  36083 (8cf3)
 - public static final 'GL_COLOR_ATTACHMENT20' 'I' @608  36084 (8cf4)
 - public static final 'GL_COLOR_ATTACHMENT21' 'I' @612  36085 (8cf5)
 - public static final 'GL_COLOR_ATTACHMENT22' 'I' @616  36086 (8cf6)
 - public static final 'GL_COLOR_ATTACHMENT23' 'I' @620  36087 (8cf7)
 - public static final 'GL_COLOR_ATTACHMENT24' 'I' @624  36088 (8cf8)
 - public static final 'GL_COLOR_ATTACHMENT25' 'I' @628  36089 (8cf9)
 - public static final 'GL_COLOR_ATTACHMENT26' 'I' @632  36090 (8cfa)
 - public static final 'GL_COLOR_ATTACHMENT27' 'I' @636  36091 (8cfb)
 - public static final 'GL_COLOR_ATTACHMENT28' 'I' @640  36092 (8cfc)
 - public static final 'GL_COLOR_ATTACHMENT29' 'I' @644  36093 (8cfd)
 - public static final 'GL_COLOR_ATTACHMENT30' 'I' @648  36094 (8cfe)
 - public static final 'GL_COLOR_ATTACHMENT31' 'I' @652  36095 (8cff)
 - public static final 'GL_DEPTH_ATTACHMENT' 'I' @656  36096 (8d00)
 - public static final 'GL_STENCIL_ATTACHMENT' 'I' @660  36128 (8d20)
 - public static final 'GL_DEPTH_STENCIL_ATTACHMENT' 'I' @664  33306 (821a)
 - public static final 'GL_MAX_SAMPLES' 'I' @668  36183 (8d57)
 - public static final 'GL_FRAMEBUFFER_COMPLETE' 'I' @672  36053 (8cd5)
 - public static final 'GL_FRAMEBUFFER_INCOMPLETE_ATTACHMENT' 'I' @676  36054 (8cd6)
 - public static final 'GL_FRAMEBUFFER_INCOMPLETE_MISSING_ATTACHMENT' 'I' @680  36055 (8cd7)
 - public static final 'GL_FRAMEBUFFER_INCOMPLETE_DRAW_BUFFER' 'I' @684  36059 (8cdb)
 - public static final 'GL_FRAMEBUFFER_INCOMPLETE_READ_BUFFER' 'I' @688  36060 (8cdc)
 - public static final 'GL_FRAMEBUFFER_UNSUPPORTED' 'I' @692  36061 (8cdd)
 - public static final 'GL_FRAMEBUFFER_INCOMPLETE_MULTISAMPLE' 'I' @696  36182 (8d56)
 - public static final 'GL_FRAMEBUFFER_UNDEFINED' 'I' @700  33305 (8219)
 - public static final 'GL_FRAMEBUFFER_BINDING' 'I' @704  36006 (8ca6)
 - public static final 'GL_DRAW_FRAMEBUFFER_BINDING' 'I' @708  36006 (8ca6)
 - public static final 'GL_READ_FRAMEBUFFER_BINDING' 'I' @712  36010 (8caa)
 - public static final 'GL_RENDERBUFFER_BINDING' 'I' @716  36007 (8ca7)
 - public static final 'GL_MAX_COLOR_ATTACHMENTS' 'I' @720  36063 (8cdf)
 - public static final 'GL_MAX_RENDERBUFFER_SIZE' 'I' @724  34024 (84e8)
 - public static final 'GL_INVALID_FRAMEBUFFER_OPERATION' 'I' @728  1286 (506)
 - public static final 'GL_DEPTH_STENCIL' 'I' @732  34041 (84f9)
 - public static final 'GL_UNSIGNED_INT_24_8' 'I' @736  34042 (84fa)
 - public static final 'GL_DEPTH24_STENCIL8' 'I' @740  35056 (88f0)
 - public static final 'GL_TEXTURE_STENCIL_SIZE' 'I' @744  35057 (88f1)
 - public static final 'GL_HALF_FLOAT' 'I' @748  5131 (140b)
 - public static final 'GL_RGBA32UI' 'I' @752  36208 (8d70)
 - public static final 'GL_RGB32UI' 'I' @756  36209 (8d71)
 - public static final 'GL_RGBA16UI' 'I' @760  36214 (8d76)
 - public static final 'GL_RGB16UI' 'I' @764  36215 (8d77)
 - public static final 'GL_RGBA8UI' 'I' @768  36220 (8d7c)
 - public static final 'GL_RGB8UI' 'I' @772  36221 (8d7d)
 - public static final 'GL_RGBA32I' 'I' @776  36226 (8d82)
 - public static final 'GL_RGB32I' 'I' @780  36227 (8d83)
 - public static final 'GL_RGBA16I' 'I' @784  36232 (8d88)
 - public static final 'GL_RGB16I' 'I' @788  36233 (8d89)
 - public static final 'GL_RGBA8I' 'I' @792  36238 (8d8e)
 - public static final 'GL_RGB8I' 'I' @796  36239 (8d8f)
 - public static final 'GL_RED_INTEGER' 'I' @800  36244 (8d94)
 - public static final 'GL_GREEN_INTEGER' 'I' @804  36245 (8d95)
 - public static final 'GL_BLUE_INTEGER' 'I' @808  36246 (8d96)
 - public static final 'GL_RGB_INTEGER' 'I' @812  36248 (8d98)
 - public static final 'GL_RGBA_INTEGER' 'I' @816  36249 (8d99)
 - public static final 'GL_BGR_INTEGER' 'I' @820  36250 (8d9a)
 - public static final 'GL_BGRA_INTEGER' 'I' @824  36251 (8d9b)
 - public static final 'GL_TEXTURE_1D_ARRAY' 'I' @828  35864 (8c18)
 - public static final 'GL_TEXTURE_2D_ARRAY' 'I' @832  35866 (8c1a)
 - public static final 'GL_PROXY_TEXTURE_2D_ARRAY' 'I' @836  35867 (8c1b)
 - public static final 'GL_PROXY_TEXTURE_1D_ARRAY' 'I' @840  35865 (8c19)
 - public static final 'GL_TEXTURE_BINDING_1D_ARRAY' 'I' @844  35868 (8c1c)
 - public static final 'GL_TEXTURE_BINDING_2D_ARRAY' 'I' @848  35869 (8c1d)
 - public static final 'GL_MAX_ARRAY_TEXTURE_LAYERS' 'I' @852  35071 (88ff)
 - public static final 'GL_COMPRESSED_RED_RGTC1' 'I' @856  36283 (8dbb)
 - public static final 'GL_COMPRESSED_SIGNED_RED_RGTC1' 'I' @860  36284 (8dbc)
 - public static final 'GL_COMPRESSED_RG_RGTC2' 'I' @864  36285 (8dbd)
 - public static final 'GL_COMPRESSED_SIGNED_RG_RGTC2' 'I' @868  36286 (8dbe)
 - public static final 'GL_R8' 'I' @872  33321 (8229)
 - public static final 'GL_R16' 'I' @876  33322 (822a)
 - public static final 'GL_RG8' 'I' @880  33323 (822b)
 - public static final 'GL_RG16' 'I' @884  33324 (822c)
 - public static final 'GL_R16F' 'I' @888  33325 (822d)
 - public static final 'GL_R32F' 'I' @892  33326 (822e)
 - public static final 'GL_RG16F' 'I' @896  33327 (822f)
 - public static final 'GL_RG32F' 'I' @900  33328 (8230)
 - public static final 'GL_R8I' 'I' @904  33329 (8231)
 - public static final 'GL_R8UI' 'I' @908  33330 (8232)
 - public static final 'GL_R16I' 'I' @912  33331 (8233)
 - public static final 'GL_R16UI' 'I' @916  33332 (8234)
 - public static final 'GL_R32I' 'I' @920  33333 (8235)
 - public static final 'GL_R32UI' 'I' @924  33334 (8236)
 - public static final 'GL_RG8I' 'I' @928  33335 (8237)
 - public static final 'GL_RG8UI' 'I' @932  33336 (8238)
 - public static final 'GL_RG16I' 'I' @936  33337 (8239)
 - public static final 'GL_RG16UI' 'I' @940  33338 (823a)
 - public static final 'GL_RG32I' 'I' @944  33339 (823b)
 - public static final 'GL_RG32UI' 'I' @948  33340 (823c)
 - public static final 'GL_RG' 'I' @952  33319 (8227)
 - public static final 'GL_COMPRESSED_RED' 'I' @956  33317 (8225)
 - public static final 'GL_COMPRESSED_RG' 'I' @960  33318 (8226)
 - public static final 'GL_RG_INTEGER' 'I' @964  33320 (8228)
 - public static final 'GL_TRANSFORM_FEEDBACK_BUFFER' 'I' @968  35982 (8c8e)
 - public static final 'GL_TRANSFORM_FEEDBACK_BUFFER_START' 'I' @972  35972 (8c84)
 - public static final 'GL_TRANSFORM_FEEDBACK_BUFFER_SIZE' 'I' @976  35973 (8c85)
 - public static final 'GL_TRANSFORM_FEEDBACK_BUFFER_BINDING' 'I' @980  35983 (8c8f)
 - public static final 'GL_INTERLEAVED_ATTRIBS' 'I' @984  35980 (8c8c)
 - public static final 'GL_SEPARATE_ATTRIBS' 'I' @988  35981 (8c8d)
 - public static final 'GL_PRIMITIVES_GENERATED' 'I' @992  35975 (8c87)
 - public static final 'GL_TRANSFORM_FEEDBACK_PRIMITIVES_WRITTEN' 'I' @996  35976 (8c88)
 - public static final 'GL_RASTERIZER_DISCARD' 'I' @1000  35977 (8c89)
 - public static final 'GL_MAX_TRANSFORM_FEEDBACK_INTERLEAVED_COMPONENTS' 'I' @1004  35978 (8c8a)
 - public static final 'GL_MAX_TRANSFORM_FEEDBACK_SEPARATE_ATTRIBS' 'I' @1008  35979 (8c8b)
 - public static final 'GL_MAX_TRANSFORM_FEEDBACK_SEPARATE_COMPONENTS' 'I' @1012  35968 (8c80)
 - public static final 'GL_TRANSFORM_FEEDBACK_VARYINGS' 'I' @1016  35971 (8c83)
 - public static final 'GL_TRANSFORM_FEEDBACK_BUFFER_MODE' 'I' @1020  35967 (8c7f)
 - public static final 'GL_TRANSFORM_FEEDBACK_VARYING_MAX_LENGTH' 'I' @1024  35958 (8c76)
 - public static final 'GL_VERTEX_ARRAY_BINDING' 'I' @1028  34229 (85b5)
 - public static final 'GL_FRAMEBUFFER_SRGB' 'I' @1032  36281 (8db9)
R12=0x0 is NULL
R13={method} {0x000001777667acf8} 'nglGenVertexArrays' '(IJ)V' in 'org/lwjgl/opengl/GL30C'
R14=0x00000065f4bfeea0 is pointing into the stack for thread: 0x0000017752ec55d0
R15=0x0000017752ec55d0 is a thread


Registers:
RAX=0x000001777a0dcb70, RBX=0x000001777667acf0, RCX=0x0000000000000001, RDX=0x000001777ab81b4c
RSP=0x00000065f4bfede8, RBP=0x00000065f4bfee70, RSI=0x0000000000000110, RDI=0x0000017761c8a218
R8 =0x0000000000000001, R9 =0x000001777ab81b4c, R10=0x0000000000000000, R11=0x00000007138e0670
R12=0x0000000000000000, R13=0x000001777667acf0, R14=0x00000065f4bfeea0, R15=0x0000017752ec55d0
RIP=0x00007ffffebbfbdd, EFLAGS=0x0000000000010206

Top of Stack: (sp=0x00000065f4bfede8)
0x00000065f4bfede8:   0000017761c91366 0000017761c8a218
0x00000065f4bfedf8:   0000017761c90e76 000001777667acf0
0x00000065f4bfee08:   0000000000000110 00000065f4bfee88
0x00000065f4bfee18:   0000017761c8a218 0000017761c90e1d
0x00000065f4bfee28:   00000065f4bfee28 000001777667acf0
0x00000065f4bfee38:   00000065f4bfeea0 00000177766b0000
0x00000065f4bfee48:   0000000000000000 00000007138e0670
0x00000065f4bfee58:   000001777667acf0 0000000000000000
0x00000065f4bfee68:   00000065f4bfee90 00000065f4bfeef0
0x00000065f4bfee78:   0000017761c89efa 00000007138e0670
0x00000065f4bfee88:   0000017761c8d4f8 000001777ab81b4c
0x00000065f4bfee98:   0000000000000000 0000000000000001
0x00000065f4bfeea8:   00000065f4bfeea8 000001777667ae64
0x00000065f4bfeeb8:   00000065f4bfef20 00000177766b0000
0x00000065f4bfeec8:   0000000000000000 00000007138e0670
0x00000065f4bfeed8:   000001777667aed0 00000065f4bfee90 

Instructions: (pc=0x00007ffffebbfbdd)
0x00007ffffebbfadd:   98 13 00 00 cc cc cc cc cc cc cc cc cc cc cc cc
0x00007ffffebbfaed:   cc cc cc 48 8b 01 48 8b 48 18 48 ff a1 a0 13 00
0x00007ffffebbfafd:   00 cc cc 40 53 48 8b 01 41 8b d8 4c 8b 44 24 30
0x00007ffffebbfb0d:   41 8b d1 44 8b 4c 24 38 8b cb 4c 8b 50 18 5b 49
0x00007ffffebbfb1d:   ff a2 a8 13 00 00 cc cc cc cc cc cc cc cc cc cc
0x00007ffffebbfb2d:   cc cc cc 40 53 48 83 ec 40 48 8b 01 41 8b d8 44
0x00007ffffebbfb3d:   8b 44 24 70 41 8b d1 4c 8b 4c 24 78 8b cb 4c 8b
0x00007ffffebbfb4d:   50 18 48 8b 84 24 90 00 00 00 48 89 44 24 30 48
0x00007ffffebbfb5d:   8b 84 24 88 00 00 00 48 89 44 24 28 48 8b 84 24
0x00007ffffebbfb6d:   80 00 00 00 48 89 44 24 20 41 ff 92 b0 13 00 00
0x00007ffffebbfb7d:   48 83 c4 40 5b c3 cc cc cc cc cc cc cc cc cc cc
0x00007ffffebbfb8d:   cc cc cc 48 8b 01 41 8b c8 48 8b 50 18 48 ff a2
0x00007ffffebbfb9d:   b8 13 00 00 cc cc cc cc cc cc cc cc cc cc cc cc
0x00007ffffebbfbad:   cc cc cc 48 8b 01 49 8b d1 41 8b c8 4c 8b 50 18
0x00007ffffebbfbbd:   49 ff a2 c0 13 00 00 cc cc cc cc cc cc cc cc cc
0x00007ffffebbfbcd:   cc cc cc 48 8b 01 49 8b d1 41 8b c8 4c 8b 50 18
0x00007ffffebbfbdd:   49 ff a2 c8 13 00 00 cc cc cc cc cc cc cc cc cc
0x00007ffffebbfbed:   cc cc cc 48 8b 01 48 8b 48 18 48 8b 81 d0 13 00
0x00007ffffebbfbfd:   00 41 8b c8 48 ff e0 cc cc cc cc cc cc cc cc cc
0x00007ffffebbfc0d:   cc cc cc 40 53 48 8b 01 41 8b d8 44 8b 44 24 30
0x00007ffffebbfc1d:   41 8b d1 44 8b 4c 24 38 8b cb 4c 8b 50 18 5b 49
0x00007ffffebbfc2d:   ff a2 d8 13 00 00 cc cc cc cc cc cc cc cc cc cc
0x00007ffffebbfc3d:   cc cc cc 40 53 48 8b 01 41 8b d8 44 8b 44 24 30
0x00007ffffebbfc4d:   41 8b d1 4c 8b 4c 24 38 8b cb 4c 8b 50 18 8b 44
0x00007ffffebbfc5d:   24 40 89 44 24 30 5b 49 ff a2 e0 13 00 00 cc cc
0x00007ffffebbfc6d:   cc cc cc 40 53 48 8b 01 41 8b d8 4c 8b 44 24 30
0x00007ffffebbfc7d:   41 8b d1 4c 8b 4c 24 38 8b cb 4c 8b 50 18 48 8b
0x00007ffffebbfc8d:   44 24 40 48 89 44 24 30 5b 49 ff a2 e8 13 00 00
0x00007ffffebbfc9d:   cc cc cc 48 8b 01 41 8b c8 48 8b 50 18 48 ff a2
0x00007ffffebbfcad:   f0 13 00 00 cc cc cc cc cc cc cc cc cc cc cc cc
0x00007ffffebbfcbd:   cc cc cc 48 8b 01 45 8b d8 44 8b 44 24 28 41 8b
0x00007ffffebbfccd:   d1 41 8b cb 4c 8b 50 18 49 ff a2 f8 13 00 00 cc 


Stack slot to memory mapping:
stack at sp + 0 slots: 0x0000017761c91366 is at code_begin+1958 in an Interpreter codelet
method entry point (kind = native)  [0x0000017761c90bc0, 0x0000017761c91ce0]  4384 bytes
stack at sp + 1 slots: 0x0000017761c8a218 is at code_begin+4280 in an Interpreter codelet
return entry points  [0x0000017761c89160, 0x0000017761c8b380]  8736 bytes
stack at sp + 2 slots: 0x0000017761c90e76 is at code_begin+694 in an Interpreter codelet
method entry point (kind = native)  [0x0000017761c90bc0, 0x0000017761c91ce0]  4384 bytes
stack at sp + 3 slots: {method} {0x000001777667acf8} 'nglGenVertexArrays' '(IJ)V' in 'org/lwjgl/opengl/GL30C'
stack at sp + 4 slots: 0x0000000000000110 is an unknown value
stack at sp + 5 slots: 0x00000065f4bfee88 is pointing into the stack for thread: 0x0000017752ec55d0
stack at sp + 6 slots: 0x0000017761c8a218 is at code_begin+4280 in an Interpreter codelet
return entry points  [0x0000017761c89160, 0x0000017761c8b380]  8736 bytes
stack at sp + 7 slots: 0x0000017761c90e1d is at code_begin+605 in an Interpreter codelet
method entry point (kind = native)  [0x0000017761c90bc0, 0x0000017761c91ce0]  4384 bytes


---------------  P R O C E S S  ---------------

Threads class SMR info:
_java_thread_list=0x000001777a458150, length=16, elements={
0x0000017752ec55d0, 0x0000017775a394d0, 0x0000017775a39fa0, 0x0000017775b50080,
0x0000017775b50950, 0x0000017775b53230, 0x0000017775b53b00, 0x0000017775b5c490,
0x0000017775b82770, 0x0000017775b83080, 0x0000017775cdb760, 0x0000017775cce340,
0x0000017775cce830, 0x0000017775ce5da0, 0x0000017775d0d7a0, 0x000001777a409880
}

Java Threads: ( => current thread )
=>0x0000017752ec55d0 JavaThread "main" [_thread_in_native, id=8836, stack(0x00000065f4b00000,0x00000065f4c00000)]
  0x0000017775a394d0 JavaThread "Reference Handler" daemon [_thread_blocked, id=1040, stack(0x00000065f5200000,0x00000065f5300000)]
  0x0000017775a39fa0 JavaThread "Finalizer" daemon [_thread_blocked, id=6564, stack(0x00000065f5300000,0x00000065f5400000)]
  0x0000017775b50080 JavaThread "Signal Dispatcher" daemon [_thread_blocked, id=1580, stack(0x00000065f5400000,0x00000065f5500000)]
  0x0000017775b50950 JavaThread "Attach Listener" daemon [_thread_blocked, id=13992, stack(0x00000065f5500000,0x00000065f5600000)]
  0x0000017775b53230 JavaThread "Service Thread" daemon [_thread_blocked, id=14088, stack(0x00000065f5600000,0x00000065f5700000)]
  0x0000017775b53b00 JavaThread "Monitor Deflation Thread" daemon [_thread_blocked, id=7976, stack(0x00000065f5700000,0x00000065f5800000)]
  0x0000017775b5c490 JavaThread "C2 CompilerThread0" daemon [_thread_blocked, id=14120, stack(0x00000065f5800000,0x00000065f5900000)]
  0x0000017775b82770 JavaThread "C1 CompilerThread0" daemon [_thread_blocked, id=2580, stack(0x00000065f5900000,0x00000065f5a00000)]
  0x0000017775b83080 JavaThread "Sweeper thread" daemon [_thread_blocked, id=2476, stack(0x00000065f5a00000,0x00000065f5b00000)]
  0x0000017775cdb760 JavaThread "JDWP Transport Listener: dt_socket" daemon [_thread_blocked, id=9036, stack(0x00000065f5b00000,0x00000065f5c00000)]
  0x0000017775cce340 JavaThread "JDWP Event Helper Thread" daemon [_thread_blocked, id=13464, stack(0x00000065f5c00000,0x00000065f5d00000)]
  0x0000017775cce830 JavaThread "JDWP Command Reader" daemon [_thread_in_native, id=1872, stack(0x00000065f5d00000,0x00000065f5e00000)]
  0x0000017775ce5da0 JavaThread "Notification Thread" daemon [_thread_blocked, id=10976, stack(0x00000065f5e00000,0x00000065f5f00000)]
  0x0000017775d0d7a0 JavaThread "Common-Cleaner" daemon [_thread_blocked, id=820, stack(0x00000065f6000000,0x00000065f6100000)]
  0x000001777a409880 JavaThread "Java2D Disposer" daemon [_thread_blocked, id=13516, stack(0x00000065f6200000,0x00000065f6300000)]

Other Threads:
  0x0000017775a33240 VMThread "VM Thread" [stack: 0x00000065f5100000,0x00000065f5200000] [id=5576]
  0x0000017775ceb360 WatcherThread [stack: 0x00000065f5f00000,0x00000065f6000000] [id=4380]
  0x0000017752f2f5b0 GCTaskThread "GC Thread#0" [stack: 0x00000065f4c00000,0x00000065f4d00000] [id=4116]
  0x0000017752f42030 ConcurrentGCThread "G1 Main Marker" [stack: 0x00000065f4d00000,0x00000065f4e00000] [id=10856]
  0x0000017752f42a40 ConcurrentGCThread "G1 Conc#0" [stack: 0x00000065f4e00000,0x00000065f4f00000] [id=684]
  0x0000017752f7d480 ConcurrentGCThread "G1 Refine#0" [stack: 0x00000065f4f00000,0x00000065f5000000] [id=7988]
  0x00000177758ef150 ConcurrentGCThread "G1 Service" [stack: 0x00000065f5000000,0x00000065f5100000] [id=7692]

Threads with active compile tasks:

VM state: not at safepoint (normal execution)

VM Mutex/Monitor currently owned by a thread: None

Heap address: 0x0000000704e00000, size: 4018 MB, Compressed Oops mode: Zero based, Oop shift amount: 3

CDS archive(s) mapped at: [0x0000017700000000-0x0000017700bd0000-0x0000017700bd0000), size 12386304, SharedBaseAddress: 0x0000017700000000, ArchiveRelocationMode: 1.
Compressed class space mapped at: 0x0000017701000000-0x0000017741000000, reserved size: 1073741824
Narrow klass base: 0x0000017700000000, Narrow klass shift: 0, Narrow klass range: 0x100000000

GC Precious Log:
 CPUs: 8 total, 8 available
 Memory: 16064M
 Large Page Support: Disabled
 NUMA Support: Disabled
 Compressed Oops: Enabled (Zero based)
 Heap Region Size: 2M
 Heap Min Capacity: 8M
 Heap Initial Capacity: 252M
 Heap Max Capacity: 4018M
 Pre-touch: Disabled
 Parallel Workers: 8
 Concurrent Workers: 2
 Concurrent Refinement Workers: 8
 Periodic GC: Disabled

Heap:
 garbage-first heap   total 258048K, used 16384K [0x0000000704e00000, 0x0000000800000000)
  region size 2048K, 9 young (18432K), 0 survivors (0K)
 Metaspace       used 6322K, committed 6528K, reserved 1114112K
  class space    used 481K, committed 576K, reserved 1048576K

Heap Regions: E=young(eden), S=young(survivor), O=old, HS=humongous(starts), HC=humongous(continues), CS=collection set, F=free, OA=open archive, CA=closed archive, TAMS=top-at-mark-start (previous, next)
|   0|0x0000000704e00000, 0x0000000704e00000, 0x0000000705000000|  0%| F|  |TAMS 0x0000000704e00000, 0x0000000704e00000| Untracked 
|   1|0x0000000705000000, 0x0000000705000000, 0x0000000705200000|  0%| F|  |TAMS 0x0000000705000000, 0x0000000705000000| Untracked 
|   2|0x0000000705200000, 0x0000000705200000, 0x0000000705400000|  0%| F|  |TAMS 0x0000000705200000, 0x0000000705200000| Untracked 
|   3|0x0000000705400000, 0x0000000705400000, 0x0000000705600000|  0%| F|  |TAMS 0x0000000705400000, 0x0000000705400000| Untracked 
|   4|0x0000000705600000, 0x0000000705600000, 0x0000000705800000|  0%| F|  |TAMS 0x0000000705600000, 0x0000000705600000| Untracked 
|   5|0x0000000705800000, 0x0000000705800000, 0x0000000705a00000|  0%| F|  |TAMS 0x0000000705800000, 0x0000000705800000| Untracked 
|   6|0x0000000705a00000, 0x0000000705a00000, 0x0000000705c00000|  0%| F|  |TAMS 0x0000000705a00000, 0x0000000705a00000| Untracked 
|   7|0x0000000705c00000, 0x0000000705c00000, 0x0000000705e00000|  0%| F|  |TAMS 0x0000000705c00000, 0x0000000705c00000| Untracked 
|   8|0x0000000705e00000, 0x0000000705e00000, 0x0000000706000000|  0%| F|  |TAMS 0x0000000705e00000, 0x0000000705e00000| Untracked 
|   9|0x0000000706000000, 0x0000000706000000, 0x0000000706200000|  0%| F|  |TAMS 0x0000000706000000, 0x0000000706000000| Untracked 
|  10|0x0000000706200000, 0x0000000706200000, 0x0000000706400000|  0%| F|  |TAMS 0x0000000706200000, 0x0000000706200000| Untracked 
|  11|0x0000000706400000, 0x0000000706400000, 0x0000000706600000|  0%| F|  |TAMS 0x0000000706400000, 0x0000000706400000| Untracked 
|  12|0x0000000706600000, 0x0000000706600000, 0x0000000706800000|  0%| F|  |TAMS 0x0000000706600000, 0x0000000706600000| Untracked 
|  13|0x0000000706800000, 0x0000000706800000, 0x0000000706a00000|  0%| F|  |TAMS 0x0000000706800000, 0x0000000706800000| Untracked 
|  14|0x0000000706a00000, 0x0000000706a00000, 0x0000000706c00000|  0%| F|  |TAMS 0x0000000706a00000, 0x0000000706a00000| Untracked 
|  15|0x0000000706c00000, 0x0000000706c00000, 0x0000000706e00000|  0%| F|  |TAMS 0x0000000706c00000, 0x0000000706c00000| Untracked 
|  16|0x0000000706e00000, 0x0000000706e00000, 0x0000000707000000|  0%| F|  |TAMS 0x0000000706e00000, 0x0000000706e00000| Untracked 
|  17|0x0000000707000000, 0x0000000707000000, 0x0000000707200000|  0%| F|  |TAMS 0x0000000707000000, 0x0000000707000000| Untracked 
|  18|0x0000000707200000, 0x0000000707200000, 0x0000000707400000|  0%| F|  |TAMS 0x0000000707200000, 0x0000000707200000| Untracked 
|  19|0x0000000707400000, 0x0000000707400000, 0x0000000707600000|  0%| F|  |TAMS 0x0000000707400000, 0x0000000707400000| Untracked 
|  20|0x0000000707600000, 0x0000000707600000, 0x0000000707800000|  0%| F|  |TAMS 0x0000000707600000, 0x0000000707600000| Untracked 
|  21|0x0000000707800000, 0x0000000707800000, 0x0000000707a00000|  0%| F|  |TAMS 0x0000000707800000, 0x0000000707800000| Untracked 
|  22|0x0000000707a00000, 0x0000000707a00000, 0x0000000707c00000|  0%| F|  |TAMS 0x0000000707a00000, 0x0000000707a00000| Untracked 
|  23|0x0000000707c00000, 0x0000000707c00000, 0x0000000707e00000|  0%| F|  |TAMS 0x0000000707c00000, 0x0000000707c00000| Untracked 
|  24|0x0000000707e00000, 0x0000000707e00000, 0x0000000708000000|  0%| F|  |TAMS 0x0000000707e00000, 0x0000000707e00000| Untracked 
|  25|0x0000000708000000, 0x0000000708000000, 0x0000000708200000|  0%| F|  |TAMS 0x0000000708000000, 0x0000000708000000| Untracked 
|  26|0x0000000708200000, 0x0000000708200000, 0x0000000708400000|  0%| F|  |TAMS 0x0000000708200000, 0x0000000708200000| Untracked 
|  27|0x0000000708400000, 0x0000000708400000, 0x0000000708600000|  0%| F|  |TAMS 0x0000000708400000, 0x0000000708400000| Untracked 
|  28|0x0000000708600000, 0x0000000708600000, 0x0000000708800000|  0%| F|  |TAMS 0x0000000708600000, 0x0000000708600000| Untracked 
|  29|0x0000000708800000, 0x0000000708800000, 0x0000000708a00000|  0%| F|  |TAMS 0x0000000708800000, 0x0000000708800000| Untracked 
|  30|0x0000000708a00000, 0x0000000708a00000, 0x0000000708c00000|  0%| F|  |TAMS 0x0000000708a00000, 0x0000000708a00000| Untracked 
|  31|0x0000000708c00000, 0x0000000708c00000, 0x0000000708e00000|  0%| F|  |TAMS 0x0000000708c00000, 0x0000000708c00000| Untracked 
|  32|0x0000000708e00000, 0x0000000708e00000, 0x0000000709000000|  0%| F|  |TAMS 0x0000000708e00000, 0x0000000708e00000| Untracked 
|  33|0x0000000709000000, 0x0000000709000000, 0x0000000709200000|  0%| F|  |TAMS 0x0000000709000000, 0x0000000709000000| Untracked 
|  34|0x0000000709200000, 0x0000000709200000, 0x0000000709400000|  0%| F|  |TAMS 0x0000000709200000, 0x0000000709200000| Untracked 
|  35|0x0000000709400000, 0x0000000709400000, 0x0000000709600000|  0%| F|  |TAMS 0x0000000709400000, 0x0000000709400000| Untracked 
|  36|0x0000000709600000, 0x0000000709600000, 0x0000000709800000|  0%| F|  |TAMS 0x0000000709600000, 0x0000000709600000| Untracked 
|  37|0x0000000709800000, 0x0000000709800000, 0x0000000709a00000|  0%| F|  |TAMS 0x0000000709800000, 0x0000000709800000| Untracked 
|  38|0x0000000709a00000, 0x0000000709a00000, 0x0000000709c00000|  0%| F|  |TAMS 0x0000000709a00000, 0x0000000709a00000| Untracked 
|  39|0x0000000709c00000, 0x0000000709c00000, 0x0000000709e00000|  0%| F|  |TAMS 0x0000000709c00000, 0x0000000709c00000| Untracked 
|  40|0x0000000709e00000, 0x0000000709e00000, 0x000000070a000000|  0%| F|  |TAMS 0x0000000709e00000, 0x0000000709e00000| Untracked 
|  41|0x000000070a000000, 0x000000070a000000, 0x000000070a200000|  0%| F|  |TAMS 0x000000070a000000, 0x000000070a000000| Untracked 
|  42|0x000000070a200000, 0x000000070a200000, 0x000000070a400000|  0%| F|  |TAMS 0x000000070a200000, 0x000000070a200000| Untracked 
|  43|0x000000070a400000, 0x000000070a400000, 0x000000070a600000|  0%| F|  |TAMS 0x000000070a400000, 0x000000070a400000| Untracked 
|  44|0x000000070a600000, 0x000000070a600000, 0x000000070a800000|  0%| F|  |TAMS 0x000000070a600000, 0x000000070a600000| Untracked 
|  45|0x000000070a800000, 0x000000070a800000, 0x000000070aa00000|  0%| F|  |TAMS 0x000000070a800000, 0x000000070a800000| Untracked 
|  46|0x000000070aa00000, 0x000000070aa00000, 0x000000070ac00000|  0%| F|  |TAMS 0x000000070aa00000, 0x000000070aa00000| Untracked 
|  47|0x000000070ac00000, 0x000000070ac00000, 0x000000070ae00000|  0%| F|  |TAMS 0x000000070ac00000, 0x000000070ac00000| Untracked 
|  48|0x000000070ae00000, 0x000000070ae00000, 0x000000070b000000|  0%| F|  |TAMS 0x000000070ae00000, 0x000000070ae00000| Untracked 
|  49|0x000000070b000000, 0x000000070b000000, 0x000000070b200000|  0%| F|  |TAMS 0x000000070b000000, 0x000000070b000000| Untracked 
|  50|0x000000070b200000, 0x000000070b200000, 0x000000070b400000|  0%| F|  |TAMS 0x000000070b200000, 0x000000070b200000| Untracked 
|  51|0x000000070b400000, 0x000000070b400000, 0x000000070b600000|  0%| F|  |TAMS 0x000000070b400000, 0x000000070b400000| Untracked 
|  52|0x000000070b600000, 0x000000070b600000, 0x000000070b800000|  0%| F|  |TAMS 0x000000070b600000, 0x000000070b600000| Untracked 
|  53|0x000000070b800000, 0x000000070b800000, 0x000000070ba00000|  0%| F|  |TAMS 0x000000070b800000, 0x000000070b800000| Untracked 
|  54|0x000000070ba00000, 0x000000070ba00000, 0x000000070bc00000|  0%| F|  |TAMS 0x000000070ba00000, 0x000000070ba00000| Untracked 
|  55|0x000000070bc00000, 0x000000070bc00000, 0x000000070be00000|  0%| F|  |TAMS 0x000000070bc00000, 0x000000070bc00000| Untracked 
|  56|0x000000070be00000, 0x000000070be00000, 0x000000070c000000|  0%| F|  |TAMS 0x000000070be00000, 0x000000070be00000| Untracked 
|  57|0x000000070c000000, 0x000000070c000000, 0x000000070c200000|  0%| F|  |TAMS 0x000000070c000000, 0x000000070c000000| Untracked 
|  58|0x000000070c200000, 0x000000070c200000, 0x000000070c400000|  0%| F|  |TAMS 0x000000070c200000, 0x000000070c200000| Untracked 
|  59|0x000000070c400000, 0x000000070c400000, 0x000000070c600000|  0%| F|  |TAMS 0x000000070c400000, 0x000000070c400000| Untracked 
|  60|0x000000070c600000, 0x000000070c600000, 0x000000070c800000|  0%| F|  |TAMS 0x000000070c600000, 0x000000070c600000| Untracked 
|  61|0x000000070c800000, 0x000000070c800000, 0x000000070ca00000|  0%| F|  |TAMS 0x000000070c800000, 0x000000070c800000| Untracked 
|  62|0x000000070ca00000, 0x000000070ca00000, 0x000000070cc00000|  0%| F|  |TAMS 0x000000070ca00000, 0x000000070ca00000| Untracked 
|  63|0x000000070cc00000, 0x000000070cc00000, 0x000000070ce00000|  0%| F|  |TAMS 0x000000070cc00000, 0x000000070cc00000| Untracked 
|  64|0x000000070ce00000, 0x000000070ce00000, 0x000000070d000000|  0%| F|  |TAMS 0x000000070ce00000, 0x000000070ce00000| Untracked 
|  65|0x000000070d000000, 0x000000070d000000, 0x000000070d200000|  0%| F|  |TAMS 0x000000070d000000, 0x000000070d000000| Untracked 
|  66|0x000000070d200000, 0x000000070d200000, 0x000000070d400000|  0%| F|  |TAMS 0x000000070d200000, 0x000000070d200000| Untracked 
|  67|0x000000070d400000, 0x000000070d400000, 0x000000070d600000|  0%| F|  |TAMS 0x000000070d400000, 0x000000070d400000| Untracked 
|  68|0x000000070d600000, 0x000000070d600000, 0x000000070d800000|  0%| F|  |TAMS 0x000000070d600000, 0x000000070d600000| Untracked 
|  69|0x000000070d800000, 0x000000070d800000, 0x000000070da00000|  0%| F|  |TAMS 0x000000070d800000, 0x000000070d800000| Untracked 
|  70|0x000000070da00000, 0x000000070da00000, 0x000000070dc00000|  0%| F|  |TAMS 0x000000070da00000, 0x000000070da00000| Untracked 
|  71|0x000000070dc00000, 0x000000070dc00000, 0x000000070de00000|  0%| F|  |TAMS 0x000000070dc00000, 0x000000070dc00000| Untracked 
|  72|0x000000070de00000, 0x000000070de00000, 0x000000070e000000|  0%| F|  |TAMS 0x000000070de00000, 0x000000070de00000| Untracked 
|  73|0x000000070e000000, 0x000000070e000000, 0x000000070e200000|  0%| F|  |TAMS 0x000000070e000000, 0x000000070e000000| Untracked 
|  74|0x000000070e200000, 0x000000070e200000, 0x000000070e400000|  0%| F|  |TAMS 0x000000070e200000, 0x000000070e200000| Untracked 
|  75|0x000000070e400000, 0x000000070e400000, 0x000000070e600000|  0%| F|  |TAMS 0x000000070e400000, 0x000000070e400000| Untracked 
|  76|0x000000070e600000, 0x000000070e600000, 0x000000070e800000|  0%| F|  |TAMS 0x000000070e600000, 0x000000070e600000| Untracked 
|  77|0x000000070e800000, 0x000000070e800000, 0x000000070ea00000|  0%| F|  |TAMS 0x000000070e800000, 0x000000070e800000| Untracked 
|  78|0x000000070ea00000, 0x000000070ea00000, 0x000000070ec00000|  0%| F|  |TAMS 0x000000070ea00000, 0x000000070ea00000| Untracked 
|  79|0x000000070ec00000, 0x000000070ec00000, 0x000000070ee00000|  0%| F|  |TAMS 0x000000070ec00000, 0x000000070ec00000| Untracked 
|  80|0x000000070ee00000, 0x000000070ee00000, 0x000000070f000000|  0%| F|  |TAMS 0x000000070ee00000, 0x000000070ee00000| Untracked 
|  81|0x000000070f000000, 0x000000070f000000, 0x000000070f200000|  0%| F|  |TAMS 0x000000070f000000, 0x000000070f000000| Untracked 
|  82|0x000000070f200000, 0x000000070f200000, 0x000000070f400000|  0%| F|  |TAMS 0x000000070f200000, 0x000000070f200000| Untracked 
|  83|0x000000070f400000, 0x000000070f400000, 0x000000070f600000|  0%| F|  |TAMS 0x000000070f400000, 0x000000070f400000| Untracked 
|  84|0x000000070f600000, 0x000000070f600000, 0x000000070f800000|  0%| F|  |TAMS 0x000000070f600000, 0x000000070f600000| Untracked 
|  85|0x000000070f800000, 0x000000070f800000, 0x000000070fa00000|  0%| F|  |TAMS 0x000000070f800000, 0x000000070f800000| Untracked 
|  86|0x000000070fa00000, 0x000000070fa00000, 0x000000070fc00000|  0%| F|  |TAMS 0x000000070fa00000, 0x000000070fa00000| Untracked 
|  87|0x000000070fc00000, 0x000000070fc00000, 0x000000070fe00000|  0%| F|  |TAMS 0x000000070fc00000, 0x000000070fc00000| Untracked 
|  88|0x000000070fe00000, 0x000000070fe00000, 0x0000000710000000|  0%| F|  |TAMS 0x000000070fe00000, 0x000000070fe00000| Untracked 
|  89|0x0000000710000000, 0x0000000710000000, 0x0000000710200000|  0%| F|  |TAMS 0x0000000710000000, 0x0000000710000000| Untracked 
|  90|0x0000000710200000, 0x0000000710200000, 0x0000000710400000|  0%| F|  |TAMS 0x0000000710200000, 0x0000000710200000| Untracked 
|  91|0x0000000710400000, 0x0000000710400000, 0x0000000710600000|  0%| F|  |TAMS 0x0000000710400000, 0x0000000710400000| Untracked 
|  92|0x0000000710600000, 0x0000000710600000, 0x0000000710800000|  0%| F|  |TAMS 0x0000000710600000, 0x0000000710600000| Untracked 
|  93|0x0000000710800000, 0x0000000710800000, 0x0000000710a00000|  0%| F|  |TAMS 0x0000000710800000, 0x0000000710800000| Untracked 
|  94|0x0000000710a00000, 0x0000000710a00000, 0x0000000710c00000|  0%| F|  |TAMS 0x0000000710a00000, 0x0000000710a00000| Untracked 
|  95|0x0000000710c00000, 0x0000000710c00000, 0x0000000710e00000|  0%| F|  |TAMS 0x0000000710c00000, 0x0000000710c00000| Untracked 
|  96|0x0000000710e00000, 0x0000000710e00000, 0x0000000711000000|  0%| F|  |TAMS 0x0000000710e00000, 0x0000000710e00000| Untracked 
|  97|0x0000000711000000, 0x0000000711000000, 0x0000000711200000|  0%| F|  |TAMS 0x0000000711000000, 0x0000000711000000| Untracked 
|  98|0x0000000711200000, 0x0000000711200000, 0x0000000711400000|  0%| F|  |TAMS 0x0000000711200000, 0x0000000711200000| Untracked 
|  99|0x0000000711400000, 0x0000000711400000, 0x0000000711600000|  0%| F|  |TAMS 0x0000000711400000, 0x0000000711400000| Untracked 
| 100|0x0000000711600000, 0x0000000711600000, 0x0000000711800000|  0%| F|  |TAMS 0x0000000711600000, 0x0000000711600000| Untracked 
| 101|0x0000000711800000, 0x0000000711800000, 0x0000000711a00000|  0%| F|  |TAMS 0x0000000711800000, 0x0000000711800000| Untracked 
| 102|0x0000000711a00000, 0x0000000711a00000, 0x0000000711c00000|  0%| F|  |TAMS 0x0000000711a00000, 0x0000000711a00000| Untracked 
| 103|0x0000000711c00000, 0x0000000711c00000, 0x0000000711e00000|  0%| F|  |TAMS 0x0000000711c00000, 0x0000000711c00000| Untracked 
| 104|0x0000000711e00000, 0x0000000711e00000, 0x0000000712000000|  0%| F|  |TAMS 0x0000000711e00000, 0x0000000711e00000| Untracked 
| 105|0x0000000712000000, 0x0000000712000000, 0x0000000712200000|  0%| F|  |TAMS 0x0000000712000000, 0x0000000712000000| Untracked 
| 106|0x0000000712200000, 0x0000000712200000, 0x0000000712400000|  0%| F|  |TAMS 0x0000000712200000, 0x0000000712200000| Untracked 
| 107|0x0000000712400000, 0x0000000712400000, 0x0000000712600000|  0%| F|  |TAMS 0x0000000712400000, 0x0000000712400000| Untracked 
| 108|0x0000000712600000, 0x0000000712600000, 0x0000000712800000|  0%| F|  |TAMS 0x0000000712600000, 0x0000000712600000| Untracked 
| 109|0x0000000712800000, 0x0000000712800000, 0x0000000712a00000|  0%| F|  |TAMS 0x0000000712800000, 0x0000000712800000| Untracked 
| 110|0x0000000712a00000, 0x0000000712a00000, 0x0000000712c00000|  0%| F|  |TAMS 0x0000000712a00000, 0x0000000712a00000| Untracked 
| 111|0x0000000712c00000, 0x0000000712c00000, 0x0000000712e00000|  0%| F|  |TAMS 0x0000000712c00000, 0x0000000712c00000| Untracked 
| 112|0x0000000712e00000, 0x0000000712e00000, 0x0000000713000000|  0%| F|  |TAMS 0x0000000712e00000, 0x0000000712e00000| Untracked 
| 113|0x0000000713000000, 0x0000000713000000, 0x0000000713200000|  0%| F|  |TAMS 0x0000000713000000, 0x0000000713000000| Untracked 
| 114|0x0000000713200000, 0x0000000713200000, 0x0000000713400000|  0%| F|  |TAMS 0x0000000713200000, 0x0000000713200000| Untracked 
| 115|0x0000000713400000, 0x0000000713400000, 0x0000000713600000|  0%| F|  |TAMS 0x0000000713400000, 0x0000000713400000| Untracked 
| 116|0x0000000713600000, 0x0000000713600000, 0x0000000713800000|  0%| F|  |TAMS 0x0000000713600000, 0x0000000713600000| Untracked 
| 117|0x0000000713800000, 0x00000007138fa220, 0x0000000713a00000| 48%| E|  |TAMS 0x0000000713800000, 0x0000000713800000| Complete 
| 118|0x0000000713a00000, 0x0000000713c00000, 0x0000000713c00000|100%| E|CS|TAMS 0x0000000713a00000, 0x0000000713a00000| Complete 
| 119|0x0000000713c00000, 0x0000000713e00000, 0x0000000713e00000|100%| E|CS|TAMS 0x0000000713c00000, 0x0000000713c00000| Complete 
| 120|0x0000000713e00000, 0x0000000714000000, 0x0000000714000000|100%| E|CS|TAMS 0x0000000713e00000, 0x0000000713e00000| Complete 
| 121|0x0000000714000000, 0x0000000714200000, 0x0000000714200000|100%| E|CS|TAMS 0x0000000714000000, 0x0000000714000000| Complete 
| 122|0x0000000714200000, 0x0000000714400000, 0x0000000714400000|100%| E|CS|TAMS 0x0000000714200000, 0x0000000714200000| Complete 
| 123|0x0000000714400000, 0x0000000714600000, 0x0000000714600000|100%| E|CS|TAMS 0x0000000714400000, 0x0000000714400000| Complete 
| 124|0x0000000714600000, 0x0000000714800000, 0x0000000714800000|100%| E|CS|TAMS 0x0000000714600000, 0x0000000714600000| Complete 
| 125|0x0000000714800000, 0x0000000714a00000, 0x0000000714a00000|100%| E|CS|TAMS 0x0000000714800000, 0x0000000714800000| Complete 

Card table byte_map: [0x000001776a260000,0x000001776aa40000] _byte_map_base: 0x0000017766a39000

Marking Bits (Prev, Next): (CMBitMap*) 0x0000017752f2fbd0, (CMBitMap*) 0x0000017752f2fc10
 Prev Bits: [0x000001776b220000, 0x000001776f0e8000)
 Next Bits: [0x000001776f0f0000, 0x0000017772fb8000)

Polling page: 0x0000017752680000

Metaspace:

Usage:
  Non-class:      5.70 MB used.
      Class:    481.42 KB used.
       Both:      6.17 MB used.

Virtual space:
  Non-class space:       64.00 MB reserved,       5.81 MB (  9%) committed,  1 nodes.
      Class space:        1.00 GB reserved,     576.00 KB ( <1%) committed,  1 nodes.
             Both:        1.06 GB reserved,       6.38 MB ( <1%) committed. 

Chunk freelists:
   Non-Class:  9.28 MB
       Class:  15.48 MB
        Both:  24.76 MB

MaxMetaspaceSize: unlimited
CompressedClassSpaceSize: 1.00 GB
Initial GC threshold: 21.00 MB
Current GC threshold: 21.00 MB
CDS: on
MetaspaceReclaimPolicy: balanced
 - commit_granule_bytes: 65536.
 - commit_granule_words: 8192.
 - virtual_space_node_default_size: 8388608.
 - enlarge_chunks_in_place: 1.
 - new_chunks_are_fully_committed: 0.
 - uncommit_free_chunks: 1.
 - use_allocation_guard: 0.
 - handle_deallocations: 1.


Internal statistics:

num_allocs_failed_limit: 0.
num_arena_births: 112.
num_arena_deaths: 0.
num_vsnodes_births: 2.
num_vsnodes_deaths: 0.
num_space_committed: 102.
num_space_uncommitted: 0.
num_chunks_returned_to_freelist: 0.
num_chunks_taken_from_freelist: 203.
num_chunk_merges: 0.
num_chunk_splits: 135.
num_chunks_enlarged: 87.
num_inconsistent_stats: 0.

CodeHeap 'non-profiled nmethods': size=120000Kb used=323Kb max_used=323Kb free=119677Kb
 bounds [0x0000017762220000, 0x0000017762490000, 0x0000017769750000]
CodeHeap 'profiled nmethods': size=120000Kb used=1343Kb max_used=1343Kb free=118656Kb
 bounds [0x000001775a750000, 0x000001775a9c0000, 0x0000017761c80000]
CodeHeap 'non-nmethods': size=5760Kb used=1762Kb max_used=1762Kb free=3997Kb
 bounds [0x0000017761c80000, 0x0000017761ef0000, 0x0000017762220000]
 total_blobs=1934 nmethods=796 adapters=1051
 compilation: enabled
              stopped_count=0, restarted_count=0
 full_count=0

Compilation events (20 events):
Event: 6.426 Thread 0x0000017775b82770 nmethod 786 0x000001775a89bf90 code [0x000001775a89c140, 0x000001775a89c3b8]
Event: 6.426 Thread 0x0000017775b82770  787       3       java.lang.invoke.InvokerBytecodeGenerator::loadInsnOpcode (98 bytes)
Event: 6.426 Thread 0x0000017775b82770 nmethod 787 0x000001775a89c510 code [0x000001775a89c780, 0x000001775a89d1b8]
Event: 6.427 Thread 0x0000017775b82770  785       3       jdk.internal.org.objectweb.asm.ByteVector::enlarge (51 bytes)
Event: 6.427 Thread 0x0000017775b82770 nmethod 785 0x000001775a89d510 code [0x000001775a89d6c0, 0x000001775a89da08]
Event: 6.427 Thread 0x0000017775b82770  789       3       jdk.internal.org.objectweb.asm.ByteVector::<init> (13 bytes)
Event: 6.427 Thread 0x0000017775b82770 nmethod 789 0x000001775a89db10 code [0x000001775a89dcc0, 0x000001775a89df38]
Event: 6.427 Thread 0x0000017775b82770  790       3       jdk.internal.org.objectweb.asm.ByteVector::putByteArray (49 bytes)
Event: 6.427 Thread 0x0000017775b82770 nmethod 790 0x000001775a89e010 code [0x000001775a89e1c0, 0x000001775a89e498]
Event: 6.427 Thread 0x0000017775b82770  791       1       java.lang.reflect.Field::getType (5 bytes)
Event: 6.427 Thread 0x0000017775b82770 nmethod 791 0x000001776226ec90 code [0x000001776226ee20, 0x000001776226eef8]
Event: 6.428 Thread 0x0000017775c0f6d0  793       4       java.lang.String::isEmpty (14 bytes)
Event: 6.429 Thread 0x0000017775c0f6d0 nmethod 793 0x000001776226f390 code [0x000001776226f500, 0x000001776226f598]
Event: 6.433 Thread 0x0000017775b5c490 nmethod 776 0x000001776226f690 code [0x000001776226f880, 0x0000017762270080]
Event: 6.439 Thread 0x0000017775b5c490  794       4       java.lang.Math::min (11 bytes)
Event: 6.440 Thread 0x0000017775b5c490 nmethod 794 0x0000017762270910 code [0x0000017762270a80, 0x0000017762270ad8]
Event: 6.444 Thread 0x0000017775b82770  795   !   3       java.nio.DirectFloatBufferU::put (36 bytes)
Event: 6.445 Thread 0x0000017775b82770 nmethod 795 0x000001775a89e590 code [0x000001775a89e800, 0x000001775a89f368]
Event: 6.445 Thread 0x0000017775b82770  796       3       java.nio.Buffer::nextPutIndex (30 bytes)
Event: 6.445 Thread 0x0000017775b82770 nmethod 796 0x000001775a89f990 code [0x000001775a89fb40, 0x000001775a89fd88]

GC Heap History (0 events):
No events

Deoptimization events (20 events):
Event: 6.438 Thread 0x0000017752ec55d0 DEOPT PACKING pc=0x000001775a874e3c sp=0x00000065f4bfd650
Event: 6.438 Thread 0x0000017752ec55d0 DEOPT UNPACKING pc=0x0000017761cd66e3 sp=0x00000065f4bfcb68 mode 1
Event: 6.438 Thread 0x0000017752ec55d0 DEOPT PACKING pc=0x000001775a86c7e4 sp=0x00000065f4bfd720
Event: 6.438 Thread 0x0000017752ec55d0 DEOPT UNPACKING pc=0x0000017761cd66e3 sp=0x00000065f4bfcc18 mode 1
Event: 6.438 Thread 0x0000017752ec55d0 DEOPT PACKING pc=0x000001775a873fcc sp=0x00000065f4bfd7e0
Event: 6.438 Thread 0x0000017752ec55d0 DEOPT UNPACKING pc=0x0000017761cd66e3 sp=0x00000065f4bfcc80 mode 1
Event: 6.438 Thread 0x0000017752ec55d0 DEOPT PACKING pc=0x000001775a7bf18c sp=0x00000065f4bfd820
Event: 6.438 Thread 0x0000017752ec55d0 DEOPT UNPACKING pc=0x0000017761cd66e3 sp=0x00000065f4bfcc80 mode 1
Event: 6.438 Thread 0x0000017752ec55d0 DEOPT PACKING pc=0x000001775a7d49bc sp=0x00000065f4bfd8b0
Event: 6.438 Thread 0x0000017752ec55d0 DEOPT UNPACKING pc=0x0000017761cd66e3 sp=0x00000065f4bfcd88 mode 1
Event: 6.438 Thread 0x0000017752ec55d0 DEOPT PACKING pc=0x000001775a83188c sp=0x00000065f4bfd930
Event: 6.438 Thread 0x0000017752ec55d0 DEOPT UNPACKING pc=0x0000017761cd66e3 sp=0x00000065f4bfce60 mode 1
Event: 6.438 Thread 0x0000017752ec55d0 DEOPT PACKING pc=0x000001775a86454c sp=0x00000065f4bfda20
Event: 6.438 Thread 0x0000017752ec55d0 DEOPT UNPACKING pc=0x0000017761cd66e3 sp=0x00000065f4bfced8 mode 1
Event: 6.438 Thread 0x0000017752ec55d0 DEOPT PACKING pc=0x000001775a86414c sp=0x00000065f4bfda80
Event: 6.438 Thread 0x0000017752ec55d0 DEOPT UNPACKING pc=0x0000017761cd66e3 sp=0x00000065f4bfcf20 mode 1
Event: 6.438 Thread 0x0000017752ec55d0 DEOPT PACKING pc=0x000001775a7bf18c sp=0x00000065f4bfdac0
Event: 6.438 Thread 0x0000017752ec55d0 DEOPT UNPACKING pc=0x0000017761cd66e3 sp=0x00000065f4bfcf20 mode 1
Event: 6.438 Thread 0x0000017752ec55d0 DEOPT PACKING pc=0x000001775a85a414 sp=0x00000065f4bfdb50
Event: 6.438 Thread 0x0000017752ec55d0 DEOPT UNPACKING pc=0x0000017761cd66e3 sp=0x00000065f4bfd0c0 mode 1

Classes unloaded (0 events):
No events

Classes redefined (0 events):
No events

Internal exceptions (20 events):
Event: 0.484 Thread 0x0000017752ec55d0 Exception <a 'java/lang/NoSuchMethodError'{0x000000071411e978}: 'java.lang.Object java.lang.invoke.DirectMethodHandle$Holder.invokeStaticInit(java.lang.Object)'> (0x000000071411e978) 
thrown [s\open\src\hotspot\share\interpreter\linkResolver.cpp, line 759]
Event: 6.291 Thread 0x0000017752ec55d0 Exception <a 'java/lang/NoSuchMethodError'{0x0000000713eef5b0}: 'void java.lang.invoke.DirectMethodHandle$Holder.invokeStatic(java.lang.Object, java.lang.Object)'> (0x0000000713eef5b0) 
thrown [s\open\src\hotspot\share\interpreter\linkResolver.cpp, line 759]
Event: 6.292 Thread 0x0000017752ec55d0 Exception <a 'java/lang/NoSuchMethodError'{0x0000000713ef4978}: 'void java.lang.invoke.DirectMethodHandle$Holder.invokeSpecial(java.lang.Object, java.lang.Object, java.lang.Object)'> (0x0000000713ef4978) 
thrown [s\open\src\hotspot\share\interpreter\linkResolver.cpp, line 759]
Event: 6.294 Thread 0x0000017752ec55d0 Exception <a 'java/lang/NoSuchMethodError'{0x0000000713f03048}: 'java.lang.Object java.lang.invoke.DirectMethodHandle$Holder.invokeStatic(java.lang.Object, java.lang.Object, int)'> (0x0000000713f03048) 
thrown [s\open\src\hotspot\share\interpreter\linkResolver.cpp, line 759]
Event: 6.295 Thread 0x0000017752ec55d0 Exception <a 'java/lang/NoSuchMethodError'{0x0000000713f0ed38}: 'void java.lang.invoke.DelegatingMethodHandle$Holder.delegate(java.lang.Object, java.lang.Object, int, java.lang.Object)'> (0x0000000713f0ed38) 
thrown [s\open\src\hotspot\share\interpreter\linkResolver.cpp, line 759]
Event: 6.295 Thread 0x0000017752ec55d0 Exception <a 'java/lang/NoSuchMethodError'{0x0000000713f12e80}: 'int java.lang.invoke.DirectMethodHandle$Holder.invokeSpecial(java.lang.Object, java.lang.Object, java.lang.Object)'> (0x0000000713f12e80) 
thrown [s\open\src\hotspot\share\interpreter\linkResolver.cpp, line 759]
Event: 6.336 Thread 0x0000017752ec55d0 Exception <a 'sun/nio/fs/WindowsException'{0x0000000713fa7580}> (0x0000000713fa7580) 
thrown [s\open\src\hotspot\share\prims\jni.cpp, line 516]
Event: 6.336 Thread 0x0000017752ec55d0 Exception <a 'sun/nio/fs/WindowsException'{0x0000000713fa7af0}> (0x0000000713fa7af0) 
thrown [s\open\src\hotspot\share\prims\jni.cpp, line 516]
Event: 6.420 Thread 0x0000017752ec55d0 Exception <a 'java/lang/NoSuchMethodError'{0x0000000713d34458}: 'int java.lang.invoke.DirectMethodHandle$Holder.invokeStaticInit(java.lang.Object, java.lang.Object, int, long)'> (0x0000000713d34458) 
thrown [s\open\src\hotspot\share\interpreter\linkResolver.cpp, line 759]
Event: 6.421 Thread 0x0000017752ec55d0 Exception <a 'java/lang/NoSuchMethodError'{0x0000000713d39d20}: 'java.lang.Object java.lang.invoke.DirectMethodHandle$Holder.newInvokeSpecial(java.lang.Object, java.lang.Object, int)'> (0x0000000713d39d20) 
thrown [s\open\src\hotspot\share\interpreter\linkResolver.cpp, line 759]
Event: 6.424 Thread 0x0000017752ec55d0 Exception <a 'java/lang/NoSuchMethodError'{0x0000000713d55df0}: 'int java.lang.invoke.DirectMethodHandle$Holder.invokeStaticInit(java.lang.Object, java.lang.Object, long, long)'> (0x0000000713d55df0) 
thrown [s\open\src\hotspot\share\interpreter\linkResolver.cpp, line 759]
Event: 6.425 Thread 0x0000017752ec55d0 Exception <a 'java/lang/NoSuchMethodError'{0x0000000713d5bb78}: 'java.lang.Object java.lang.invoke.DirectMethodHandle$Holder.newInvokeSpecial(java.lang.Object, java.lang.Object, long)'> (0x0000000713d5bb78) 
thrown [s\open\src\hotspot\share\interpreter\linkResolver.cpp, line 759]
Event: 6.425 Thread 0x0000017752ec55d0 Exception <a 'java/lang/NoSuchMethodError'{0x0000000713d5f440}: 'java.lang.Object java.lang.invoke.Invokers$Holder.linkToTargetMethod(java.lang.Object, long, java.lang.Object)'> (0x0000000713d5f440) 
thrown [s\open\src\hotspot\share\interpreter\linkResolver.cpp, line 759]
Event: 6.426 Thread 0x0000017752ec55d0 Exception <a 'java/lang/NoSuchMethodError'{0x0000000713d66a40}: 'int java.lang.invoke.DirectMethodHandle$Holder.invokeStaticInit(java.lang.Object, java.lang.Object, java.lang.Object, long)'> (0x0000000713d66a40) 
thrown [s\open\src\hotspot\share\interpreter\linkResolver.cpp, line 759]
Event: 41.404 Thread 0x0000017752ec55d0 Exception <a 'sun/nio/fs/WindowsException'{0x0000000713b07798}> (0x0000000713b07798) 
thrown [s\open\src\hotspot\share\prims\jni.cpp, line 516]
Event: 41.404 Thread 0x0000017752ec55d0 Exception <a 'sun/nio/fs/WindowsException'{0x0000000713b07b58}> (0x0000000713b07b58) 
thrown [s\open\src\hotspot\share\prims\jni.cpp, line 516]
Event: 45.131 Thread 0x0000017752ec55d0 Exception <a 'sun/nio/fs/WindowsException'{0x0000000713b1e090}> (0x0000000713b1e090) 
thrown [s\open\src\hotspot\share\prims\jni.cpp, line 516]
Event: 45.132 Thread 0x0000017752ec55d0 Exception <a 'sun/nio/fs/WindowsException'{0x0000000713b1e390}> (0x0000000713b1e390) 
thrown [s\open\src\hotspot\share\prims\jni.cpp, line 516]
Event: 45.601 Thread 0x0000017752ec55d0 Exception <a 'sun/nio/fs/WindowsException'{0x0000000713bc7c48}> (0x0000000713bc7c48) 
thrown [s\open\src\hotspot\share\prims\jni.cpp, line 516]
Event: 45.602 Thread 0x0000017752ec55d0 Exception <a 'sun/nio/fs/WindowsException'{0x0000000713bc8000}> (0x0000000713bc8000) 
thrown [s\open\src\hotspot\share\prims\jni.cpp, line 516]

VM Operations (20 events):
Event: 39.508 Executing VM operation: get/set locals
Event: 39.508 Executing VM operation: get/set locals done
Event: 39.509 Executing VM operation: get/set locals
Event: 39.509 Executing VM operation: get/set locals done
Event: 39.509 Executing VM operation: get/set locals
Event: 39.509 Executing VM operation: get/set locals done
Event: 40.617 Executing VM operation: ChangeSingleStep
Event: 40.617 Executing VM operation: ChangeSingleStep done
Event: 40.618 Executing VM operation: ChangeSingleStep
Event: 40.618 Executing VM operation: ChangeSingleStep done
Event: 40.624 Executing VM operation: get/set locals
Event: 40.624 Executing VM operation: get/set locals done
Event: 40.625 Executing VM operation: get/set locals
Event: 40.625 Executing VM operation: get/set locals done
Event: 40.625 Executing VM operation: get/set locals
Event: 40.625 Executing VM operation: get/set locals done
Event: 41.180 Executing VM operation: ChangeSingleStep
Event: 41.180 Executing VM operation: ChangeSingleStep done
Event: 49.877 Executing VM operation: ChangeSingleStep
Event: 49.877 Executing VM operation: ChangeSingleStep done

Events (20 events):
Event: 6.405 loading class sun/misc/Unsafe
Event: 6.405 loading class sun/misc/Unsafe done
Event: 6.405 loading class jdk/internal/reflect/UnsafeFieldAccessorFactory
Event: 6.405 loading class jdk/internal/reflect/UnsafeFieldAccessorFactory done
Event: 6.405 loading class jdk/internal/reflect/UnsafeQualifiedStaticObjectFieldAccessorImpl
Event: 6.405 loading class jdk/internal/reflect/UnsafeQualifiedStaticFieldAccessorImpl
Event: 6.405 loading class jdk/internal/reflect/UnsafeQualifiedStaticFieldAccessorImpl done
Event: 6.405 loading class jdk/internal/reflect/UnsafeQualifiedStaticObjectFieldAccessorImpl done
Event: 6.419 loading class java/util/function/LongPredicate
Event: 6.419 loading class java/util/function/LongPredicate done
Event: 6.421 loading class jdk/internal/access/foreign/MemorySegmentProxy
Event: 6.421 loading class jdk/internal/access/foreign/MemorySegmentProxy done
Event: 6.427 loading class java/nio/InvalidMarkException
Event: 6.427 loading class java/nio/InvalidMarkException done
Event: 6.427 loading class java/nio/BufferUnderflowException
Event: 6.427 loading class java/nio/BufferUnderflowException done
Event: 11.445 Thread 0x0000017775c0f6d0 Thread exited: 0x0000017775c0f6d0
Event: 41.411 Loaded shared library C:\Users\06anla29\AppData\Local\Temp\lwjgl_06anla29\3.3.3+5\x64\lwjgl_opengl.dll
Event: 45.093 loading class java/lang/NoSuchFieldError
Event: 45.093 loading class java/lang/NoSuchFieldError done


Dynamic libraries:
0x00007ff7b5e20000 - 0x00007ff7b5e30000 	C:\Program Files\Java\jdk-17\bin\java.exe
0x00007ff81cb30000 - 0x00007ff81cd28000 	C:\windows\SYSTEM32\ntdll.dll
0x00007ff81b690000 - 0x00007ff81b74d000 	C:\windows\System32\KERNEL32.DLL
0x00007ff81a360000 - 0x00007ff81a656000 	C:\windows\System32\KERNELBASE.dll
0x00007ff817130000 - 0x00007ff8171c0000 	C:\windows\SYSTEM32\apphelp.dll
0x00007ff81a8f0000 - 0x00007ff81a9f0000 	C:\windows\System32\ucrtbase.dll
0x00007ff8126c0000 - 0x00007ff8126d9000 	C:\Program Files\Java\jdk-17\bin\jli.dll
0x00007ff801750000 - 0x00007ff80176b000 	C:\Program Files\Java\jdk-17\bin\VCRUNTIME140.dll
0x00007ff81b5e0000 - 0x00007ff81b68f000 	C:\windows\System32\ADVAPI32.dll
0x00007ff81c870000 - 0x00007ff81c90e000 	C:\windows\System32\msvcrt.dll
0x00007ff81af10000 - 0x00007ff81afac000 	C:\windows\System32\sechost.dll
0x00007ff81b910000 - 0x00007ff81ba36000 	C:\windows\System32\RPCRT4.dll
0x00007ff81c3e0000 - 0x00007ff81c57e000 	C:\windows\System32\USER32.dll
0x00007ff81a7c0000 - 0x00007ff81a7e2000 	C:\windows\System32\win32u.dll
0x00007ff81c840000 - 0x00007ff81c86c000 	C:\windows\System32\GDI32.dll
0x00007ffff9930000 - 0x00007ffff9bca000 	C:\windows\WinSxS\amd64_microsoft.windows.common-controls_6595b64144ccf1df_6.0.19041.3636_none_60b6a03d71f818d5\COMCTL32.dll
0x00007ff81a9f0000 - 0x00007ff81ab0a000 	C:\windows\System32\gdi32full.dll
0x00007ff81a2c0000 - 0x00007ff81a35d000 	C:\windows\System32\msvcp_win.dll
0x00007ff80f260000 - 0x00007ff80f26a000 	C:\windows\SYSTEM32\VERSION.dll
0x00007ff81bc60000 - 0x00007ff81bc90000 	C:\windows\System32\IMM32.DLL
0x00007ff812840000 - 0x00007ff81284c000 	C:\Program Files\Java\jdk-17\bin\vcruntime140_1.dll
0x00007fffe4280000 - 0x00007fffe430e000 	C:\Program Files\Java\jdk-17\bin\msvcp140.dll
0x00007fffddbc0000 - 0x00007fffde7a1000 	C:\Program Files\Java\jdk-17\bin\server\jvm.dll
0x00007ff81b900000 - 0x00007ff81b908000 	C:\windows\System32\PSAPI.DLL
0x00007ff80ef80000 - 0x00007ff80efa7000 	C:\windows\SYSTEM32\WINMM.dll
0x00007ff80b770000 - 0x00007ff80b779000 	C:\windows\SYSTEM32\WSOCK32.dll
0x00007ff81ba40000 - 0x00007ff81baab000 	C:\windows\System32\WS2_32.dll
0x00007ff818730000 - 0x00007ff818742000 	C:\windows\SYSTEM32\kernel.appcore.dll
0x00007ff8127a0000 - 0x00007ff8127aa000 	C:\Program Files\Java\jdk-17\bin\jimage.dll
0x00007ff818460000 - 0x00007ff818644000 	C:\windows\SYSTEM32\DBGHELP.DLL
0x00007ffff6a90000 - 0x00007ffff6ac4000 	C:\windows\SYSTEM32\dbgcore.DLL
0x00007ff81a860000 - 0x00007ff81a8e2000 	C:\windows\System32\bcryptPrimitives.dll
0x00007ff812da0000 - 0x00007ff812ddb000 	C:\Program Files\Java\jdk-17\bin\jdwp.dll
0x00007ff800680000 - 0x00007ff8006a5000 	C:\Program Files\Java\jdk-17\bin\java.dll
0x00007fffe0da0000 - 0x00007fffe0e77000 	C:\Program Files\Java\jdk-17\bin\jsvml.dll
0x00007ff81bc90000 - 0x00007ff81c3d5000 	C:\windows\System32\SHELL32.dll
0x00007ff817bf0000 - 0x00007ff81838b000 	C:\windows\SYSTEM32\windows.storage.dll
0x00007ff81abb0000 - 0x00007ff81af04000 	C:\windows\System32\combase.dll
0x00007ff819b00000 - 0x00007ff819b2d000 	C:\windows\SYSTEM32\Wldp.dll
0x00007ff81ca30000 - 0x00007ff81cadd000 	C:\windows\System32\SHCORE.dll
0x00007ff81c6b0000 - 0x00007ff81c705000 	C:\windows\System32\shlwapi.dll
0x00007ff81a140000 - 0x00007ff81a165000 	C:\windows\SYSTEM32\profapi.dll
0x00007ff812640000 - 0x00007ff81264c000 	C:\Program Files\Java\jdk-17\bin\dt_socket.dll
0x00007ff819590000 - 0x00007ff8195cb000 	C:\windows\SYSTEM32\IPHLPAPI.DLL
0x00007ff8198e0000 - 0x00007ff81994a000 	C:\windows\system32\mswsock.dll
0x00007ff800660000 - 0x00007ff800679000 	C:\Program Files\Java\jdk-17\bin\net.dll
0x00007ff819150000 - 0x00007ff81925a000 	C:\windows\SYSTEM32\WINHTTP.dll
0x00007ff800520000 - 0x00007ff800536000 	C:\Program Files\Java\jdk-17\bin\nio.dll
0x00007ff801730000 - 0x00007ff801748000 	C:\Program Files\Java\jdk-17\bin\zip.dll
0x00007fffdfe40000 - 0x00007fffdffd1000 	C:\Program Files\Java\jdk-17\bin\awt.dll
0x00007ff81c5e0000 - 0x00007ff81c6ad000 	C:\windows\System32\OLEAUT32.dll
0x00007ff8176d0000 - 0x00007ff8176ff000 	C:\windows\system32\DWMAPI.DLL
0x00007ff817310000 - 0x00007ff8173ae000 	C:\windows\system32\uxtheme.dll
0x00007ff8085e0000 - 0x00007ff8085f0000 	C:\Program Files\Java\jdk-17\bin\verify.dll
0x00007ffffe6b0000 - 0x00007ffffe72b000 	C:\Users\06anla29\AppData\Local\Temp\lwjgl_06anla29\3.3.3+5\x64\lwjgl.dll
0x00007ffffebb0000 - 0x00007ffffec0e000 	C:\Users\06anla29\AppData\Local\Temp\lwjgl_06anla29\3.3.3+5\x64\lwjgl_opengl.dll
0x00007fffccd90000 - 0x00007fffcceb5000 	C:\windows\SYSTEM32\opengl32.dll
0x00007fffccd20000 - 0x00007fffccd4c000 	C:\windows\SYSTEM32\GLU32.dll
0x00007fffdf8e0000 - 0x00007fffdfb50000 	C:\Users\06anla29\AppData\Local\Temp\lwjgl_06anla29\3.3.3+5\x64\jemalloc.dll

dbghelp: loaded successfully - version: 4.0.5 - missing functions: none
symbol engine: initialized successfully - sym options: 0x614 - pdb path: .;C:\Program Files\Java\jdk-17\bin;C:\windows\SYSTEM32;C:\windows\WinSxS\amd64_microsoft.windows.common-controls_6595b64144ccf1df_6.0.19041.3636_none_60b6a03d71f818d5;C:\Program Files\Java\jdk-17\bin\server;C:\Users\06anla29\AppData\Local\Temp\lwjgl_06anla29\3.3.3+5\x64

VM Arguments:
jvm_args: -agentlib:jdwp=transport=dt_socket,server=n,suspend=y,address=127.0.0.1:50729 -Dfile.encoding=windows-1252 -Duser.country=US -Duser.language=en -Duser.variant 
java_command: com.ezzenix.Game
java_class_path (initial): C:\Users\06anla29\Desktop\minecraft-clone\build\classes\java\main;C:\Users\06anla29\Desktop\minecraft-clone\build\resources\main;C:\Users\06anla29\.gradle\caches\modules-2\files-2.1\org.joml\joml\1.10.5\22566d58af70ad3d72308bab63b8339906deb649\joml-1.10.5.jar;C:\Users\06anla29\.gradle\caches\modules-2\files-2.1\org.lwjgl\lwjgl-assimp\3.3.3\c2c34011cbda30ed8cf98bc5cbf97b49afe5279a\lwjgl-assimp-3.3.3.jar;C:\Users\06anla29\.gradle\caches\modules-2\files-2.1\org.lwjgl\lwjgl-assimp\3.3.3\d90ccdade594716062975cffd1431d387f770ac4\lwjgl-assimp-3.3.3-natives-windows.jar;C:\Users\06anla29\.gradle\caches\modules-2\files-2.1\org.lwjgl\lwjgl-bgfx\3.3.3\a19c4bfd1532863425098f05316726854aed8c51\lwjgl-bgfx-3.3.3.jar;C:\Users\06anla29\.gradle\caches\modules-2\files-2.1\org.lwjgl\lwjgl-bgfx\3.3.3\2db0ad304f20677e9269311cb6cb5f4f2eed889\lwjgl-bgfx-3.3.3-natives-windows.jar;C:\Users\06anla29\.gradle\caches\modules-2\files-2.1\org.lwjgl\lwjgl-cuda\3.3.3\e2de3beeba3e4c826317e31519a40f0585160acf\lwjgl-cuda-3.3.3.jar;C:\Users\06anla29\.gradle\caches\modules-2\files-2.1\org.lwjgl\lwjgl-egl\3.3.3\2f0d613e3f769577548f08b11ae9b7571980aeb1\lwjgl-egl-3.3.3.jar;C:\Users\06anla29\.gradle\caches\modules-2\files-2.1\org.lwjgl\lwjgl-fmod\3.3.3\aa6d1cf95ea97e903f6c733baf2477dbb3c41e3e\lwjgl-fmod-3.3.3.jar;C:\Users\06anla29\.gradle\caches\modules-2\files-2.1\org.lwjgl\lwjgl-freetype\3.3.3\a0db6c84a8becc8ca05f9dbfa985edc348a824c7\lwjgl-freetype-3.3.3.jar;C:\Users\06anla29\.gradle\caches\modules-2\files-2.1\org.lwjgl\lwjgl-freetype\3.3.3\81091b006dbb43fab04c8c638e9ac87c51b4096d\lwjgl-freetype-3.3.3-natives-windows.jar;C:\Users\06anla29\.gradle\caches\modules-2\files-2.1\org.lwjgl\lwjgl-glfw\3.3.3\efa1eb78c5ccd840e9f329717109b5e892d72f8e\lwjgl-glfw-3.3.3.jar;C:\Users\06anla29\.gradle\caches\modules-2\files-2.1\org.lwjgl\lwjgl-glfw\3.3.3\e449e28b4891fc423c54c85fbc5bb0b9efece67a\lwjgl-glfw-3.3.3-natives-windows.jar;C:\Users\06anla29\.gradle\caches\modules-2\files-2.1\org.lwjgl\l
Launcher Type: SUN_STANDARD

[Global flags]
     intx CICompilerCount                          = 4                                         {product} {ergonomic}
     uint ConcGCThreads                            = 2                                         {product} {ergonomic}
     uint G1ConcRefinementThreads                  = 8                                         {product} {ergonomic}
   size_t G1HeapRegionSize                         = 2097152                                   {product} {ergonomic}
    uintx GCDrainStackTargetSize                   = 64                                        {product} {ergonomic}
   size_t InitialHeapSize                          = 264241152                                 {product} {ergonomic}
   size_t MarkStackSize                            = 4194304                                   {product} {ergonomic}
   size_t MaxHeapSize                              = 4213178368                                {product} {ergonomic}
   size_t MaxNewSize                               = 2527068160                                {product} {ergonomic}
   size_t MinHeapDeltaBytes                        = 2097152                                   {product} {ergonomic}
   size_t MinHeapSize                              = 8388608                                   {product} {ergonomic}
    uintx NonNMethodCodeHeapSize                   = 5839372                                {pd product} {ergonomic}
    uintx NonProfiledCodeHeapSize                  = 122909434                              {pd product} {ergonomic}
    uintx ProfiledCodeHeapSize                     = 122909434                              {pd product} {ergonomic}
    uintx ReservedCodeCacheSize                    = 251658240                              {pd product} {ergonomic}
     bool SegmentedCodeCache                       = true                                      {product} {ergonomic}
   size_t SoftMaxHeapSize                          = 4213178368                             {manageable} {ergonomic}
     bool UseCompressedClassPointers               = true                           {product lp64_product} {ergonomic}
     bool UseCompressedOops                        = true                           {product lp64_product} {ergonomic}
     bool UseG1GC                                  = true                                      {product} {ergonomic}
     bool UseLargePagesIndividualAllocation        = false                                  {pd product} {ergonomic}

Logging:
Log output configuration:
 #0: stdout all=warning uptime,level,tags
 #1: stderr all=off uptime,level,tags

Environment Variables:
PATH=C:\windows\system32;C:\windows;C:\windows\System32\Wbem;C:\windows\System32\WindowsPowerShell\v1.0\;C:\windows\System32\OpenSSH\;C:\Program Files\nodejs\;C:\Program Files (x86)\Windows Kits\10\Windows Performance Toolkit\;C:\Program Files\Git\cmd;C:\Program Files\dotnet\;C:\ProgramData\chocolatey\bin;C:\Users\06anla29\AppData\Local\Microsoft\WindowsApps;;C:\Users\06anla29\AppData\Local\Programs\Microsoft VS Code\bin;C:\Users\06anla29\.aftman\bin;C:\Users\06anla29\AppData\Roaming\npm;C:\Users\06anla29\.dotnet\tools
USERNAME=06anla29
OS=Windows_NT
PROCESSOR_IDENTIFIER=Intel64 Family 6 Model 140 Stepping 1, GenuineIntel



---------------  S Y S T E M  ---------------

OS:
 Windows 10 , 64 bit Build 19041 (10.0.19041.3636)
OS uptime: 0 days 1:40 hours
Hyper-V role detected

CPU: total 8 (initial active 8) (4 cores per cpu, 2 threads per core) family 6 model 140 stepping 1 microcode 0xac, cx8, cmov, fxsr, ht, mmx, 3dnowpref, sse, sse2, sse3, ssse3, sse4.1, sse4.2, popcnt, lzcnt, tsc, tscinvbit, avx, avx2, aes, erms, clmul, bmi1, bmi2, adx, avx512f, avx512dq, avx512cd, avx512bw, avx512vl, sha, fma, vzeroupper, avx512_vpopcntdq, avx512_vpclmulqdq, avx512_vaes, avx512_vnni, clflush, clflushopt, clwb, avx512_vbmi2, avx512_vbmi, hv

Memory: 4k page, system-wide physical 16064M (7166M free)
TotalPageFile size 17984M (AvailPageFile size 3026M)
current process WorkingSet (physical memory assigned to process): 69M, peak: 69M
current process commit charge ("private bytes"): 362M, peak: 362M

vm_info: Java HotSpot(TM) 64-Bit Server VM (17.0.9+11-LTS-201) for windows-amd64 JRE (17.0.9+11-LTS-201), built on Oct 10 2023 23:16:06 by "mach5one" with MS VC++ 17.1 (VS2022)

END.
