#
# A fatal error has been detected by the Java Runtime Environment:
#
#  EXCEPTION_ACCESS_VIOLATION (0xc0000005) at pc=0x00007ffffebbfbdd, pid=2956, tid=10168
#
# JRE version: Java(TM) SE Runtime Environment (17.0.9+11) (build 17.0.9+11-LTS-201)
# Java VM: Java HotSpot(TM) 64-Bit Server VM (17.0.9+11-LTS-201, mixed mode, sharing, tiered, compressed oops, compressed class ptrs, g1 gc, windows-amd64)
# Problematic frame:
# C  [lwjgl_opengl.dll+0xfbdd]
#
# No core dump will be written. Minidumps are not enabled by default on client versions of Windows
#
# If you would like to submit a bug report, please visit:
#   https://bugreport.java.com/bugreport/crash.jsp
# The crash happened outside the Java Virtual Machine in native code.
# See problematic frame for where to report the bug.
#

---------------  S U M M A R Y ------------

Command Line: -Dfile.encoding=windows-1252 -Duser.country=US -Duser.language=en -Duser.variant com.ezzenix.Game

Host: 11th Gen Intel(R) Core(TM) i5-1135G7 @ 2.40GHz, 8 cores, 15G,  Windows 10 , 64 bit Build 19041 (10.0.19041.3636)
Time: Tue Jan  9 09:39:28 2024 W. Europe Standard Time elapsed time: 0.543594 seconds (0d 0h 0m 0s)

---------------  T H R E A D  ---------------

Current thread (0x000001bfe37a33a0):  JavaThread "main" [_thread_in_native, id=10168, stack(0x00000039c2c00000,0x00000039c2d00000)]

Stack: [0x00000039c2c00000,0x00000039c2d00000],  sp=0x00000039c2cff0e8,  free space=1020k
Native frames: (J=compiled Java code, j=interpreted, Vv=VM code, C=native code)
C  [lwjgl_opengl.dll+0xfbdd]

Java frames: (J=compiled Java code, j=interpreted, Vv=VM code)
j  org.lwjgl.opengl.GL30C.nglGenVertexArrays(IJ)V+0
j  org.lwjgl.opengl.GL30C.glGenVertexArrays()I+20
j  org.lwjgl.opengl.GL30.glGenVertexArrays()I+0
j  com.ezzenix.rendering.Mesh.<init>(Ljava/nio/FloatBuffer;I)V+10
j  com.ezzenix.rendering.ChunkBuilder.createMesh(Lcom/ezzenix/game/Chunk;)Lcom/ezzenix/rendering/Mesh;+591
j  com.ezzenix.game.Chunk.updateMesh()V+16
j  com.ezzenix.game.Chunk.<init>(II)V+94
j  com.ezzenix.game.World.<init>()V+21
j  com.ezzenix.Game.<init>()V+23
j  com.ezzenix.Game.main([Ljava/lang/String;)V+18
v  ~StubRoutines::call_stub

siginfo: EXCEPTION_ACCESS_VIOLATION (0xc0000005), reading address 0x00000000000013c8


Register to memory mapping:

RIP=0x00007ffffebbfbdd lwjgl_opengl.dll
RAX=0x000001bfce52eba0 points into unknown readable memory: 0x0000000000000000 | 00 00 00 00 00 00 00 00
RBX={method} {0x000001bfca676028} 'nglGenVertexArrays' '(IJ)V' in 'org/lwjgl/opengl/GL30C'
RCX=0x0000000000000001 is an unknown value
RDX=0x000001bfce42d1cc points into unknown readable memory: 00 00 00 00
RSP=0x00000039c2cff0e8 is pointing into the stack for thread: 0x000001bfe37a33a0
RBP=0x00000039c2cff178 is pointing into the stack for thread: 0x000001bfe37a33a0
RSI=0x000001bfca50a5c0 is pointing into metadata
RDI=0x000001bff3d594fe is at code_begin+1118 in an Interpreter codelet
return entry points  [0x000001bff3d590a0, 0x000001bff3d59ba0]  2816 bytes
R8 =0x0000000000000001 is an unknown value
R9 =0x000001bfce42d1cc points into unknown readable memory: 00 00 00 00
R10=0x0 is NULL
R11=0x000000071389bd38 is an oop: java.lang.Class 
{0x000000071389bd38} - klass: 'java/lang/Class'
 - ---- fields (total size 130 words):
 - private volatile transient 'classRedefinedCount' 'I' @12  0
 - private volatile transient 'cachedConstructor' 'Ljava/lang/reflect/Constructor;' @40  NULL (0)
 - private transient 'name' 'Ljava/lang/String;' @44  "org.lwjgl.opengl.GL30C"{0x000000071389c158} (e271382b)
 - private transient 'module' 'Ljava/lang/Module;' @48  a 'java/lang/Module'{0x0000000714900190} (e2920032)
 - private final 'classLoader' 'Ljava/lang/ClassLoader;' @52  a 'jdk/internal/loader/ClassLoaders$AppClassLoader'{0x00000007148fffd0} (e291fffa)
 - private transient 'classData' 'Ljava/lang/Object;' @56  NULL (0)
 - private transient 'packageName' 'Ljava/lang/String;' @60  "org.lwjgl.opengl"{0x0000000713da8540} (e27b50a8)
 - private final 'componentType' 'Ljava/lang/Class;' @64  NULL (0)
 - private volatile transient 'reflectionData' 'Ljava/lang/ref/SoftReference;' @68  NULL (0)
 - private volatile transient 'genericInfo' 'Lsun/reflect/generics/repository/ClassRepository;' @72  NULL (0)
 - private volatile transient 'enumConstants' '[Ljava/lang/Object;' @76  NULL (0)
 - private volatile transient 'enumConstantDirectory' 'Ljava/util/Map;' @80  NULL (0)
 - private volatile transient 'annotationData' 'Ljava/lang/Class$AnnotationData;' @84  NULL (0)
 - private volatile transient 'annotationType' 'Lsun/reflect/annotation/AnnotationType;' @88  NULL (0)
 - transient 'classValueMap' 'Ljava/lang/ClassValue$ClassValueMap;' @92  NULL (0)
 - signature: Lorg/lwjgl/opengl/GL30C;
 - fake entry for mirror: 'org/lwjgl/opengl/GL30C'
 - fake entry for array: NULL
 - fake entry for oop_size: 130
 - fake entry for static_oop_field_count: 0
 - public static final 'GL_MAJOR_VERSION' 'I' @112  33307 (821b)
 - public static final 'GL_MINOR_VERSION' 'I' @116  33308 (821c)
 - public static final 'GL_NUM_EXTENSIONS' 'I' @120  33309 (821d)
 - public static final 'GL_CONTEXT_FLAGS' 'I' @124  33310 (821e)
 - public static final 'GL_CONTEXT_FLAG_FORWARD_COMPATIBLE_BIT' 'I' @128  1
 - public static final 'GL_COMPARE_REF_TO_TEXTURE' 'I' @132  34894 (884e)
 - public static final 'GL_CLIP_DISTANCE0' 'I' @136  12288 (3000)
 - public static final 'GL_CLIP_DISTANCE1' 'I' @140  12289 (3001)
 - public static final 'GL_CLIP_DISTANCE2' 'I' @144  12290 (3002)
 - public static final 'GL_CLIP_DISTANCE3' 'I' @148  12291 (3003)
 - public static final 'GL_CLIP_DISTANCE4' 'I' @152  12292 (3004)
 - public static final 'GL_CLIP_DISTANCE5' 'I' @156  12293 (3005)
 - public static final 'GL_CLIP_DISTANCE6' 'I' @160  12294 (3006)
 - public static final 'GL_CLIP_DISTANCE7' 'I' @164  12295 (3007)
 - public static final 'GL_MAX_CLIP_DISTANCES' 'I' @168  3378 (d32)
 - public static final 'GL_MAX_VARYING_COMPONENTS' 'I' @172  35659 (8b4b)
 - public static final 'GL_VERTEX_ATTRIB_ARRAY_INTEGER' 'I' @176  35069 (88fd)
 - public static final 'GL_SAMPLER_1D_ARRAY' 'I' @180  36288 (8dc0)
 - public static final 'GL_SAMPLER_2D_ARRAY' 'I' @184  36289 (8dc1)
 - public static final 'GL_SAMPLER_1D_ARRAY_SHADOW' 'I' @188  36291 (8dc3)
 - public static final 'GL_SAMPLER_2D_ARRAY_SHADOW' 'I' @192  36292 (8dc4)
 - public static final 'GL_SAMPLER_CUBE_SHADOW' 'I' @196  36293 (8dc5)
 - public static final 'GL_UNSIGNED_INT_VEC2' 'I' @200  36294 (8dc6)
 - public static final 'GL_UNSIGNED_INT_VEC3' 'I' @204  36295 (8dc7)
 - public static final 'GL_UNSIGNED_INT_VEC4' 'I' @208  36296 (8dc8)
 - public static final 'GL_INT_SAMPLER_1D' 'I' @212  36297 (8dc9)
 - public static final 'GL_INT_SAMPLER_2D' 'I' @216  36298 (8dca)
 - public static final 'GL_INT_SAMPLER_3D' 'I' @220  36299 (8dcb)
 - public static final 'GL_INT_SAMPLER_CUBE' 'I' @224  36300 (8dcc)
 - public static final 'GL_INT_SAMPLER_1D_ARRAY' 'I' @228  36302 (8dce)
 - public static final 'GL_INT_SAMPLER_2D_ARRAY' 'I' @232  36303 (8dcf)
 - public static final 'GL_UNSIGNED_INT_SAMPLER_1D' 'I' @236  36305 (8dd1)
 - public static final 'GL_UNSIGNED_INT_SAMPLER_2D' 'I' @240  36306 (8dd2)
 - public static final 'GL_UNSIGNED_INT_SAMPLER_3D' 'I' @244  36307 (8dd3)
 - public static final 'GL_UNSIGNED_INT_SAMPLER_CUBE' 'I' @248  36308 (8dd4)
 - public static final 'GL_UNSIGNED_INT_SAMPLER_1D_ARRAY' 'I' @252  36310 (8dd6)
 - public static final 'GL_UNSIGNED_INT_SAMPLER_2D_ARRAY' 'I' @256  36311 (8dd7)
 - public static final 'GL_MIN_PROGRAM_TEXEL_OFFSET' 'I' @260  35076 (8904)
 - public static final 'GL_MAX_PROGRAM_TEXEL_OFFSET' 'I' @264  35077 (8905)
 - public static final 'GL_QUERY_WAIT' 'I' @268  36371 (8e13)
 - public static final 'GL_QUERY_NO_WAIT' 'I' @272  36372 (8e14)
 - public static final 'GL_QUERY_BY_REGION_WAIT' 'I' @276  36373 (8e15)
 - public static final 'GL_QUERY_BY_REGION_NO_WAIT' 'I' @280  36374 (8e16)
 - public static final 'GL_MAP_READ_BIT' 'I' @284  1
 - public static final 'GL_MAP_WRITE_BIT' 'I' @288  2
 - public static final 'GL_MAP_INVALIDATE_RANGE_BIT' 'I' @292  4
 - public static final 'GL_MAP_INVALIDATE_BUFFER_BIT' 'I' @296  8
 - public static final 'GL_MAP_FLUSH_EXPLICIT_BIT' 'I' @300  16 (10)
 - public static final 'GL_MAP_UNSYNCHRONIZED_BIT' 'I' @304  32 (20)
 - public static final 'GL_BUFFER_ACCESS_FLAGS' 'I' @308  37151 (911f)
 - public static final 'GL_BUFFER_MAP_LENGTH' 'I' @312  37152 (9120)
 - public static final 'GL_BUFFER_MAP_OFFSET' 'I' @316  37153 (9121)
 - public static final 'GL_CLAMP_READ_COLOR' 'I' @320  35100 (891c)
 - public static final 'GL_FIXED_ONLY' 'I' @324  35101 (891d)
 - public static final 'GL_DEPTH_COMPONENT32F' 'I' @328  36012 (8cac)
 - public static final 'GL_DEPTH32F_STENCIL8' 'I' @332  36013 (8cad)
 - public static final 'GL_FLOAT_32_UNSIGNED_INT_24_8_REV' 'I' @336  36269 (8dad)
 - public static final 'GL_TEXTURE_RED_TYPE' 'I' @340  35856 (8c10)
 - public static final 'GL_TEXTURE_GREEN_TYPE' 'I' @344  35857 (8c11)
 - public static final 'GL_TEXTURE_BLUE_TYPE' 'I' @348  35858 (8c12)
 - public static final 'GL_TEXTURE_ALPHA_TYPE' 'I' @352  35859 (8c13)
 - public static final 'GL_TEXTURE_DEPTH_TYPE' 'I' @356  35862 (8c16)
 - public static final 'GL_UNSIGNED_NORMALIZED' 'I' @360  35863 (8c17)
 - public static final 'GL_RGBA32F' 'I' @364  34836 (8814)
 - public static final 'GL_RGB32F' 'I' @368  34837 (8815)
 - public static final 'GL_RGBA16F' 'I' @372  34842 (881a)
 - public static final 'GL_RGB16F' 'I' @376  34843 (881b)
 - public static final 'GL_R11F_G11F_B10F' 'I' @380  35898 (8c3a)
 - public static final 'GL_UNSIGNED_INT_10F_11F_11F_REV' 'I' @384  35899 (8c3b)
 - public static final 'GL_RGB9_E5' 'I' @388  35901 (8c3d)
 - public static final 'GL_UNSIGNED_INT_5_9_9_9_REV' 'I' @392  35902 (8c3e)
 - public static final 'GL_TEXTURE_SHARED_SIZE' 'I' @396  35903 (8c3f)
 - public static final 'GL_FRAMEBUFFER' 'I' @400  36160 (8d40)
 - public static final 'GL_READ_FRAMEBUFFER' 'I' @404  36008 (8ca8)
 - public static final 'GL_DRAW_FRAMEBUFFER' 'I' @408  36009 (8ca9)
 - public static final 'GL_RENDERBUFFER' 'I' @412  36161 (8d41)
 - public static final 'GL_STENCIL_INDEX1' 'I' @416  36166 (8d46)
 - public static final 'GL_STENCIL_INDEX4' 'I' @420  36167 (8d47)
 - public static final 'GL_STENCIL_INDEX8' 'I' @424  36168 (8d48)
 - public static final 'GL_STENCIL_INDEX16' 'I' @428  36169 (8d49)
 - public static final 'GL_RENDERBUFFER_WIDTH' 'I' @432  36162 (8d42)
 - public static final 'GL_RENDERBUFFER_HEIGHT' 'I' @436  36163 (8d43)
 - public static final 'GL_RENDERBUFFER_INTERNAL_FORMAT' 'I' @440  36164 (8d44)
 - public static final 'GL_RENDERBUFFER_RED_SIZE' 'I' @444  36176 (8d50)
 - public static final 'GL_RENDERBUFFER_GREEN_SIZE' 'I' @448  36177 (8d51)
 - public static final 'GL_RENDERBUFFER_BLUE_SIZE' 'I' @452  36178 (8d52)
 - public static final 'GL_RENDERBUFFER_ALPHA_SIZE' 'I' @456  36179 (8d53)
 - public static final 'GL_RENDERBUFFER_DEPTH_SIZE' 'I' @460  36180 (8d54)
 - public static final 'GL_RENDERBUFFER_STENCIL_SIZE' 'I' @464  36181 (8d55)
 - public static final 'GL_RENDERBUFFER_SAMPLES' 'I' @468  36011 (8cab)
 - public static final 'GL_FRAMEBUFFER_ATTACHMENT_OBJECT_TYPE' 'I' @472  36048 (8cd0)
 - public static final 'GL_FRAMEBUFFER_ATTACHMENT_OBJECT_NAME' 'I' @476  36049 (8cd1)
 - public static final 'GL_FRAMEBUFFER_ATTACHMENT_TEXTURE_LEVEL' 'I' @480  36050 (8cd2)
 - public static final 'GL_FRAMEBUFFER_ATTACHMENT_TEXTURE_CUBE_MAP_FACE' 'I' @484  36051 (8cd3)
 - public static final 'GL_FRAMEBUFFER_ATTACHMENT_TEXTURE_LAYER' 'I' @488  36052 (8cd4)
 - public static final 'GL_FRAMEBUFFER_ATTACHMENT_COLOR_ENCODING' 'I' @492  33296 (8210)
 - public static final 'GL_FRAMEBUFFER_ATTACHMENT_COMPONENT_TYPE' 'I' @496  33297 (8211)
 - public static final 'GL_FRAMEBUFFER_ATTACHMENT_RED_SIZE' 'I' @500  33298 (8212)
 - public static final 'GL_FRAMEBUFFER_ATTACHMENT_GREEN_SIZE' 'I' @504  33299 (8213)
 - public static final 'GL_FRAMEBUFFER_ATTACHMENT_BLUE_SIZE' 'I' @508  33300 (8214)
 - public static final 'GL_FRAMEBUFFER_ATTACHMENT_ALPHA_SIZE' 'I' @512  33301 (8215)
 - public static final 'GL_FRAMEBUFFER_ATTACHMENT_DEPTH_SIZE' 'I' @516  33302 (8216)
 - public static final 'GL_FRAMEBUFFER_ATTACHMENT_STENCIL_SIZE' 'I' @520  33303 (8217)
 - public static final 'GL_FRAMEBUFFER_DEFAULT' 'I' @524  33304 (8218)
 - public static final 'GL_COLOR_ATTACHMENT0' 'I' @528  36064 (8ce0)
 - public static final 'GL_COLOR_ATTACHMENT1' 'I' @532  36065 (8ce1)
 - public static final 'GL_COLOR_ATTACHMENT2' 'I' @536  36066 (8ce2)
 - public static final 'GL_COLOR_ATTACHMENT3' 'I' @540  36067 (8ce3)
 - public static final 'GL_COLOR_ATTACHMENT4' 'I' @544  36068 (8ce4)
 - public static final 'GL_COLOR_ATTACHMENT5' 'I' @548  36069 (8ce5)
 - public static final 'GL_COLOR_ATTACHMENT6' 'I' @552  36070 (8ce6)
 - public static final 'GL_COLOR_ATTACHMENT7' 'I' @556  36071 (8ce7)
 - public static final 'GL_COLOR_ATTACHMENT8' 'I' @560  36072 (8ce8)
 - public static final 'GL_COLOR_ATTACHMENT9' 'I' @564  36073 (8ce9)
 - public static final 'GL_COLOR_ATTACHMENT10' 'I' @568  36074 (8cea)
 - public static final 'GL_COLOR_ATTACHMENT11' 'I' @572  36075 (8ceb)
 - public static final 'GL_COLOR_ATTACHMENT12' 'I' @576  36076 (8cec)
 - public static final 'GL_COLOR_ATTACHMENT13' 'I' @580  36077 (8ced)
 - public static final 'GL_COLOR_ATTACHMENT14' 'I' @584  36078 (8cee)
 - public static final 'GL_COLOR_ATTACHMENT15' 'I' @588  36079 (8cef)
 - public static final 'GL_COLOR_ATTACHMENT16' 'I' @592  36080 (8cf0)
 - public static final 'GL_COLOR_ATTACHMENT17' 'I' @596  36081 (8cf1)
 - public static final 'GL_COLOR_ATTACHMENT18' 'I' @600  36082 (8cf2)
 - public static final 'GL_COLOR_ATTACHMENT19' 'I' @604  36083 (8cf3)
 - public static final 'GL_COLOR_ATTACHMENT20' 'I' @608  36084 (8cf4)
 - public static final 'GL_COLOR_ATTACHMENT21' 'I' @612  36085 (8cf5)
 - public static final 'GL_COLOR_ATTACHMENT22' 'I' @616  36086 (8cf6)
 - public static final 'GL_COLOR_ATTACHMENT23' 'I' @620  36087 (8cf7)
 - public static final 'GL_COLOR_ATTACHMENT24' 'I' @624  36088 (8cf8)
 - public static final 'GL_COLOR_ATTACHMENT25' 'I' @628  36089 (8cf9)
 - public static final 'GL_COLOR_ATTACHMENT26' 'I' @632  36090 (8cfa)
 - public static final 'GL_COLOR_ATTACHMENT27' 'I' @636  36091 (8cfb)
 - public static final 'GL_COLOR_ATTACHMENT28' 'I' @640  36092 (8cfc)
 - public static final 'GL_COLOR_ATTACHMENT29' 'I' @644  36093 (8cfd)
 - public static final 'GL_COLOR_ATTACHMENT30' 'I' @648  36094 (8cfe)
 - public static final 'GL_COLOR_ATTACHMENT31' 'I' @652  36095 (8cff)
 - public static final 'GL_DEPTH_ATTACHMENT' 'I' @656  36096 (8d00)
 - public static final 'GL_STENCIL_ATTACHMENT' 'I' @660  36128 (8d20)
 - public static final 'GL_DEPTH_STENCIL_ATTACHMENT' 'I' @664  33306 (821a)
 - public static final 'GL_MAX_SAMPLES' 'I' @668  36183 (8d57)
 - public static final 'GL_FRAMEBUFFER_COMPLETE' 'I' @672  36053 (8cd5)
 - public static final 'GL_FRAMEBUFFER_INCOMPLETE_ATTACHMENT' 'I' @676  36054 (8cd6)
 - public static final 'GL_FRAMEBUFFER_INCOMPLETE_MISSING_ATTACHMENT' 'I' @680  36055 (8cd7)
 - public static final 'GL_FRAMEBUFFER_INCOMPLETE_DRAW_BUFFER' 'I' @684  36059 (8cdb)
 - public static final 'GL_FRAMEBUFFER_INCOMPLETE_READ_BUFFER' 'I' @688  36060 (8cdc)
 - public static final 'GL_FRAMEBUFFER_UNSUPPORTED' 'I' @692  36061 (8cdd)
 - public static final 'GL_FRAMEBUFFER_INCOMPLETE_MULTISAMPLE' 'I' @696  36182 (8d56)
 - public static final 'GL_FRAMEBUFFER_UNDEFINED' 'I' @700  33305 (8219)
 - public static final 'GL_FRAMEBUFFER_BINDING' 'I' @704  36006 (8ca6)
 - public static final 'GL_DRAW_FRAMEBUFFER_BINDING' 'I' @708  36006 (8ca6)
 - public static final 'GL_READ_FRAMEBUFFER_BINDING' 'I' @712  36010 (8caa)
 - public static final 'GL_RENDERBUFFER_BINDING' 'I' @716  36007 (8ca7)
 - public static final 'GL_MAX_COLOR_ATTACHMENTS' 'I' @720  36063 (8cdf)
 - public static final 'GL_MAX_RENDERBUFFER_SIZE' 'I' @724  34024 (84e8)
 - public static final 'GL_INVALID_FRAMEBUFFER_OPERATION' 'I' @728  1286 (506)
 - public static final 'GL_DEPTH_STENCIL' 'I' @732  34041 (84f9)
 - public static final 'GL_UNSIGNED_INT_24_8' 'I' @736  34042 (84fa)
 - public static final 'GL_DEPTH24_STENCIL8' 'I' @740  35056 (88f0)
 - public static final 'GL_TEXTURE_STENCIL_SIZE' 'I' @744  35057 (88f1)
 - public static final 'GL_HALF_FLOAT' 'I' @748  5131 (140b)
 - public static final 'GL_RGBA32UI' 'I' @752  36208 (8d70)
 - public static final 'GL_RGB32UI' 'I' @756  36209 (8d71)
 - public static final 'GL_RGBA16UI' 'I' @760  36214 (8d76)
 - public static final 'GL_RGB16UI' 'I' @764  36215 (8d77)
 - public static final 'GL_RGBA8UI' 'I' @768  36220 (8d7c)
 - public static final 'GL_RGB8UI' 'I' @772  36221 (8d7d)
 - public static final 'GL_RGBA32I' 'I' @776  36226 (8d82)
 - public static final 'GL_RGB32I' 'I' @780  36227 (8d83)
 - public static final 'GL_RGBA16I' 'I' @784  36232 (8d88)
 - public static final 'GL_RGB16I' 'I' @788  36233 (8d89)
 - public static final 'GL_RGBA8I' 'I' @792  36238 (8d8e)
 - public static final 'GL_RGB8I' 'I' @796  36239 (8d8f)
 - public static final 'GL_RED_INTEGER' 'I' @800  36244 (8d94)
 - public static final 'GL_GREEN_INTEGER' 'I' @804  36245 (8d95)
 - public static final 'GL_BLUE_INTEGER' 'I' @808  36246 (8d96)
 - public static final 'GL_RGB_INTEGER' 'I' @812  36248 (8d98)
 - public static final 'GL_RGBA_INTEGER' 'I' @816  36249 (8d99)
 - public static final 'GL_BGR_INTEGER' 'I' @820  36250 (8d9a)
 - public static final 'GL_BGRA_INTEGER' 'I' @824  36251 (8d9b)
 - public static final 'GL_TEXTURE_1D_ARRAY' 'I' @828  35864 (8c18)
 - public static final 'GL_TEXTURE_2D_ARRAY' 'I' @832  35866 (8c1a)
 - public static final 'GL_PROXY_TEXTURE_2D_ARRAY' 'I' @836  35867 (8c1b)
 - public static final 'GL_PROXY_TEXTURE_1D_ARRAY' 'I' @840  35865 (8c19)
 - public static final 'GL_TEXTURE_BINDING_1D_ARRAY' 'I' @844  35868 (8c1c)
 - public static final 'GL_TEXTURE_BINDING_2D_ARRAY' 'I' @848  35869 (8c1d)
 - public static final 'GL_MAX_ARRAY_TEXTURE_LAYERS' 'I' @852  35071 (88ff)
 - public static final 'GL_COMPRESSED_RED_RGTC1' 'I' @856  36283 (8dbb)
 - public static final 'GL_COMPRESSED_SIGNED_RED_RGTC1' 'I' @860  36284 (8dbc)
 - public static final 'GL_COMPRESSED_RG_RGTC2' 'I' @864  36285 (8dbd)
 - public static final 'GL_COMPRESSED_SIGNED_RG_RGTC2' 'I' @868  36286 (8dbe)
 - public static final 'GL_R8' 'I' @872  33321 (8229)
 - public static final 'GL_R16' 'I' @876  33322 (822a)
 - public static final 'GL_RG8' 'I' @880  33323 (822b)
 - public static final 'GL_RG16' 'I' @884  33324 (822c)
 - public static final 'GL_R16F' 'I' @888  33325 (822d)
 - public static final 'GL_R32F' 'I' @892  33326 (822e)
 - public static final 'GL_RG16F' 'I' @896  33327 (822f)
 - public static final 'GL_RG32F' 'I' @900  33328 (8230)
 - public static final 'GL_R8I' 'I' @904  33329 (8231)
 - public static final 'GL_R8UI' 'I' @908  33330 (8232)
 - public static final 'GL_R16I' 'I' @912  33331 (8233)
 - public static final 'GL_R16UI' 'I' @916  33332 (8234)
 - public static final 'GL_R32I' 'I' @920  33333 (8235)
 - public static final 'GL_R32UI' 'I' @924  33334 (8236)
 - public static final 'GL_RG8I' 'I' @928  33335 (8237)
 - public static final 'GL_RG8UI' 'I' @932  33336 (8238)
 - public static final 'GL_RG16I' 'I' @936  33337 (8239)
 - public static final 'GL_RG16UI' 'I' @940  33338 (823a)
 - public static final 'GL_RG32I' 'I' @944  33339 (823b)
 - public static final 'GL_RG32UI' 'I' @948  33340 (823c)
 - public static final 'GL_RG' 'I' @952  33319 (8227)
 - public static final 'GL_COMPRESSED_RED' 'I' @956  33317 (8225)
 - public static final 'GL_COMPRESSED_RG' 'I' @960  33318 (8226)
 - public static final 'GL_RG_INTEGER' 'I' @964  33320 (8228)
 - public static final 'GL_TRANSFORM_FEEDBACK_BUFFER' 'I' @968  35982 (8c8e)
 - public static final 'GL_TRANSFORM_FEEDBACK_BUFFER_START' 'I' @972  35972 (8c84)
 - public static final 'GL_TRANSFORM_FEEDBACK_BUFFER_SIZE' 'I' @976  35973 (8c85)
 - public static final 'GL_TRANSFORM_FEEDBACK_BUFFER_BINDING' 'I' @980  35983 (8c8f)
 - public static final 'GL_INTERLEAVED_ATTRIBS' 'I' @984  35980 (8c8c)
 - public static final 'GL_SEPARATE_ATTRIBS' 'I' @988  35981 (8c8d)
 - public static final 'GL_PRIMITIVES_GENERATED' 'I' @992  35975 (8c87)
 - public static final 'GL_TRANSFORM_FEEDBACK_PRIMITIVES_WRITTEN' 'I' @996  35976 (8c88)
 - public static final 'GL_RASTERIZER_DISCARD' 'I' @1000  35977 (8c89)
 - public static final 'GL_MAX_TRANSFORM_FEEDBACK_INTERLEAVED_COMPONENTS' 'I' @1004  35978 (8c8a)
 - public static final 'GL_MAX_TRANSFORM_FEEDBACK_SEPARATE_ATTRIBS' 'I' @1008  35979 (8c8b)
 - public static final 'GL_MAX_TRANSFORM_FEEDBACK_SEPARATE_COMPONENTS' 'I' @1012  35968 (8c80)
 - public static final 'GL_TRANSFORM_FEEDBACK_VARYINGS' 'I' @1016  35971 (8c83)
 - public static final 'GL_TRANSFORM_FEEDBACK_BUFFER_MODE' 'I' @1020  35967 (8c7f)
 - public static final 'GL_TRANSFORM_FEEDBACK_VARYING_MAX_LENGTH' 'I' @1024  35958 (8c76)
 - public static final 'GL_VERTEX_ARRAY_BINDING' 'I' @1028  34229 (85b5)
 - public static final 'GL_FRAMEBUFFER_SRGB' 'I' @1032  36281 (8db9)
R12=0x0 is NULL
R13={method} {0x000001bfca676028} 'nglGenVertexArrays' '(IJ)V' in 'org/lwjgl/opengl/GL30C'
R14=0x00000039c2cff1a8 is pointing into the stack for thread: 0x000001bfe37a33a0
R15=0x000001bfe37a33a0 is a thread


Registers:
RAX=0x000001bfce52eba0, RBX=0x000001bfca676020, RCX=0x0000000000000001, RDX=0x000001bfce42d1cc
RSP=0x00000039c2cff0e8, RBP=0x00000039c2cff178, RSI=0x000001bfca50a5c0, RDI=0x000001bff3d594fe
R8 =0x0000000000000001, R9 =0x000001bfce42d1cc, R10=0x0000000000000000, R11=0x000000071389bd38
R12=0x0000000000000000, R13=0x000001bfca676020, R14=0x00000039c2cff1a8, R15=0x000001bfe37a33a0
RIP=0x00007ffffebbfbdd, EFLAGS=0x0000000000010206

Top of Stack: (sp=0x00000039c2cff0e8)
0x00000039c2cff0e8:   000001bff3d5d621 000001bff3d594fe
0x00000039c2cff0f8:   000001bff3d5d33c 000001bfca676020
0x00000039c2cff108:   000001bfca50a5c0 00000039c2cff128
0x00000039c2cff118:   00000039c2cff190 000001bff3d595cd
0x00000039c2cff128:   000001bff3d5d2f6 00000039c2cff130
0x00000039c2cff138:   000001bfca676020 00000039c2cff1a8
0x00000039c2cff148:   000001bfca6aa0a0 0000000000000000
0x00000039c2cff158:   000000071389bd38 000001bfca676020
0x00000039c2cff168:   0000000000000000 00000039c2cff198
0x00000039c2cff178:   00000039c2cff1f8 000001bff3d594fe
0x00000039c2cff188:   000000071389bd38 000001bff3d5af78
0x00000039c2cff198:   000001bfce42d1cc 0000000000000000
0x00000039c2cff1a8:   0000000000000001 00000039c2cff1b0
0x00000039c2cff1b8:   000001bfca676194 00000039c2cff228
0x00000039c2cff1c8:   000001bfca6aa0a0 0000000000000000
0x00000039c2cff1d8:   000000071389bd38 000001bfca676200 

Instructions: (pc=0x00007ffffebbfbdd)
0x00007ffffebbfadd:   98 13 00 00 cc cc cc cc cc cc cc cc cc cc cc cc
0x00007ffffebbfaed:   cc cc cc 48 8b 01 48 8b 48 18 48 ff a1 a0 13 00
0x00007ffffebbfafd:   00 cc cc 40 53 48 8b 01 41 8b d8 4c 8b 44 24 30
0x00007ffffebbfb0d:   41 8b d1 44 8b 4c 24 38 8b cb 4c 8b 50 18 5b 49
0x00007ffffebbfb1d:   ff a2 a8 13 00 00 cc cc cc cc cc cc cc cc cc cc
0x00007ffffebbfb2d:   cc cc cc 40 53 48 83 ec 40 48 8b 01 41 8b d8 44
0x00007ffffebbfb3d:   8b 44 24 70 41 8b d1 4c 8b 4c 24 78 8b cb 4c 8b
0x00007ffffebbfb4d:   50 18 48 8b 84 24 90 00 00 00 48 89 44 24 30 48
0x00007ffffebbfb5d:   8b 84 24 88 00 00 00 48 89 44 24 28 48 8b 84 24
0x00007ffffebbfb6d:   80 00 00 00 48 89 44 24 20 41 ff 92 b0 13 00 00
0x00007ffffebbfb7d:   48 83 c4 40 5b c3 cc cc cc cc cc cc cc cc cc cc
0x00007ffffebbfb8d:   cc cc cc 48 8b 01 41 8b c8 48 8b 50 18 48 ff a2
0x00007ffffebbfb9d:   b8 13 00 00 cc cc cc cc cc cc cc cc cc cc cc cc
0x00007ffffebbfbad:   cc cc cc 48 8b 01 49 8b d1 41 8b c8 4c 8b 50 18
0x00007ffffebbfbbd:   49 ff a2 c0 13 00 00 cc cc cc cc cc cc cc cc cc
0x00007ffffebbfbcd:   cc cc cc 48 8b 01 49 8b d1 41 8b c8 4c 8b 50 18
0x00007ffffebbfbdd:   49 ff a2 c8 13 00 00 cc cc cc cc cc cc cc cc cc
0x00007ffffebbfbed:   cc cc cc 48 8b 01 48 8b 48 18 48 8b 81 d0 13 00
0x00007ffffebbfbfd:   00 41 8b c8 48 ff e0 cc cc cc cc cc cc cc cc cc
0x00007ffffebbfc0d:   cc cc cc 40 53 48 8b 01 41 8b d8 44 8b 44 24 30
0x00007ffffebbfc1d:   41 8b d1 44 8b 4c 24 38 8b cb 4c 8b 50 18 5b 49
0x00007ffffebbfc2d:   ff a2 d8 13 00 00 cc cc cc cc cc cc cc cc cc cc
0x00007ffffebbfc3d:   cc cc cc 40 53 48 8b 01 41 8b d8 44 8b 44 24 30
0x00007ffffebbfc4d:   41 8b d1 4c 8b 4c 24 38 8b cb 4c 8b 50 18 8b 44
0x00007ffffebbfc5d:   24 40 89 44 24 30 5b 49 ff a2 e0 13 00 00 cc cc
0x00007ffffebbfc6d:   cc cc cc 40 53 48 8b 01 41 8b d8 4c 8b 44 24 30
0x00007ffffebbfc7d:   41 8b d1 4c 8b 4c 24 38 8b cb 4c 8b 50 18 48 8b
0x00007ffffebbfc8d:   44 24 40 48 89 44 24 30 5b 49 ff a2 e8 13 00 00
0x00007ffffebbfc9d:   cc cc cc 48 8b 01 41 8b c8 48 8b 50 18 48 ff a2
0x00007ffffebbfcad:   f0 13 00 00 cc cc cc cc cc cc cc cc cc cc cc cc
0x00007ffffebbfcbd:   cc cc cc 48 8b 01 45 8b d8 44 8b 44 24 28 41 8b
0x00007ffffebbfccd:   d1 41 8b cb 4c 8b 50 18 49 ff a2 f8 13 00 00 cc 


Stack slot to memory mapping:
stack at sp + 0 slots: 0x000001bff3d5d621 is at code_begin+993 in an Interpreter codelet
method entry point (kind = native)  [0x000001bff3d5d240, 0x000001bff3d5dbc0]  2432 bytes
stack at sp + 1 slots: 0x000001bff3d594fe is at code_begin+1118 in an Interpreter codelet
return entry points  [0x000001bff3d590a0, 0x000001bff3d59ba0]  2816 bytes
stack at sp + 2 slots: 0x000001bff3d5d33c is at code_begin+252 in an Interpreter codelet
method entry point (kind = native)  [0x000001bff3d5d240, 0x000001bff3d5dbc0]  2432 bytes
stack at sp + 3 slots: {method} {0x000001bfca676028} 'nglGenVertexArrays' '(IJ)V' in 'org/lwjgl/opengl/GL30C'
stack at sp + 4 slots: 0x000001bfca50a5c0 is pointing into metadata
stack at sp + 5 slots: 0x00000039c2cff128 is pointing into the stack for thread: 0x000001bfe37a33a0
stack at sp + 6 slots: 0x00000039c2cff190 is pointing into the stack for thread: 0x000001bfe37a33a0
stack at sp + 7 slots: 0x000001bff3d595cd is at code_begin+1325 in an Interpreter codelet
return entry points  [0x000001bff3d590a0, 0x000001bff3d59ba0]  2816 bytes


---------------  P R O C E S S  ---------------

Threads class SMR info:
_java_thread_list=0x000001bf88d875f0, length=15, elements={
0x000001bfe37a33a0, 0x000001bf881728b0, 0x000001bf88173470, 0x000001bf88186e80,
0x000001bf88187840, 0x000001bf8818a210, 0x000001bf8818b1e0, 0x000001bf8818bf80,
0x000001bf8818ce40, 0x000001bf8818e260, 0x000001bf884645f0, 0x000001bf8848f300,
0x000001bf886de610, 0x000001bf88e1c080, 0x000001bf88d7c4c0
}

Java Threads: ( => current thread )
=>0x000001bfe37a33a0 JavaThread "main" [_thread_in_native, id=10168, stack(0x00000039c2c00000,0x00000039c2d00000)]
  0x000001bf881728b0 JavaThread "Reference Handler" daemon [_thread_blocked, id=1580, stack(0x00000039c3300000,0x00000039c3400000)]
  0x000001bf88173470 JavaThread "Finalizer" daemon [_thread_blocked, id=2476, stack(0x00000039c3400000,0x00000039c3500000)]
  0x000001bf88186e80 JavaThread "Signal Dispatcher" daemon [_thread_blocked, id=2688, stack(0x00000039c3500000,0x00000039c3600000)]
  0x000001bf88187840 JavaThread "Attach Listener" daemon [_thread_blocked, id=8452, stack(0x00000039c3600000,0x00000039c3700000)]
  0x000001bf8818a210 JavaThread "Service Thread" daemon [_thread_blocked, id=13520, stack(0x00000039c3700000,0x00000039c3800000)]
  0x000001bf8818b1e0 JavaThread "Monitor Deflation Thread" daemon [_thread_blocked, id=13488, stack(0x00000039c3800000,0x00000039c3900000)]
  0x000001bf8818bf80 JavaThread "C2 CompilerThread0" daemon [_thread_in_vm, id=13636, stack(0x00000039c3900000,0x00000039c3a00000)]
  0x000001bf8818ce40 JavaThread "C1 CompilerThread0" daemon [_thread_blocked, id=13068, stack(0x00000039c3a00000,0x00000039c3b00000)]
  0x000001bf8818e260 JavaThread "Sweeper thread" daemon [_thread_blocked, id=7860, stack(0x00000039c3b00000,0x00000039c3c00000)]
  0x000001bf884645f0 JavaThread "Notification Thread" daemon [_thread_blocked, id=13092, stack(0x00000039c3c00000,0x00000039c3d00000)]
  0x000001bf8848f300 JavaThread "Common-Cleaner" daemon [_thread_blocked, id=11744, stack(0x00000039c3e00000,0x00000039c3f00000)]
  0x000001bf886de610 JavaThread "Java2D Disposer" daemon [_thread_blocked, id=7476, stack(0x00000039c3f00000,0x00000039c4000000)]
  0x000001bf88e1c080 JavaThread "C2 CompilerThread1" daemon [_thread_blocked, id=13780, stack(0x00000039c4000000,0x00000039c4100000)]
  0x000001bf88d7c4c0 JavaThread "C2 CompilerThread2" daemon [_thread_blocked, id=684, stack(0x00000039c4100000,0x00000039c4200000)]

Other Threads:
  0x000001bf8816ade0 VMThread "VM Thread" [stack: 0x00000039c3200000,0x00000039c3300000] [id=14116]
  0x000001bfe3842620 WatcherThread [stack: 0x00000039c3d00000,0x00000039c3e00000] [id=13472]
  0x000001bfe380ec30 GCTaskThread "GC Thread#0" [stack: 0x00000039c2d00000,0x00000039c2e00000] [id=13156]
  0x000001bfe381f690 ConcurrentGCThread "G1 Main Marker" [stack: 0x00000039c2e00000,0x00000039c2f00000] [id=9416]
  0x000001bfe38200a0 ConcurrentGCThread "G1 Conc#0" [stack: 0x00000039c2f00000,0x00000039c3000000] [id=12524]
  0x000001bfe385e990 ConcurrentGCThread "G1 Refine#0" [stack: 0x00000039c3000000,0x00000039c3100000] [id=14184]
  0x000001bf880a8b30 ConcurrentGCThread "G1 Service" [stack: 0x00000039c3100000,0x00000039c3200000] [id=7076]

Threads with active compile tasks:
C2 CompilerThread0      580  865   !   4       jdk.internal.loader.URLClassPath$JarLoader::ensureOpen (36 bytes)

VM state: not at safepoint (normal execution)

VM Mutex/Monitor currently owned by a thread: None

Heap address: 0x0000000704e00000, size: 4018 MB, Compressed Oops mode: Zero based, Oop shift amount: 3

CDS archive(s) mapped at: [0x000001bf89000000-0x000001bf89bd0000-0x000001bf89bd0000), size 12386304, SharedBaseAddress: 0x000001bf89000000, ArchiveRelocationMode: 1.
Compressed class space mapped at: 0x000001bf8a000000-0x000001bfca000000, reserved size: 1073741824
Narrow klass base: 0x000001bf89000000, Narrow klass shift: 0, Narrow klass range: 0x100000000

GC Precious Log:
 CPUs: 8 total, 8 available
 Memory: 16064M
 Large Page Support: Disabled
 NUMA Support: Disabled
 Compressed Oops: Enabled (Zero based)
 Heap Region Size: 2M
 Heap Min Capacity: 8M
 Heap Initial Capacity: 252M
 Heap Max Capacity: 4018M
 Pre-touch: Disabled
 Parallel Workers: 8
 Concurrent Workers: 2
 Concurrent Refinement Workers: 8
 Periodic GC: Disabled

Heap:
 garbage-first heap   total 258048K, used 16384K [0x0000000704e00000, 0x0000000800000000)
  region size 2048K, 9 young (18432K), 0 survivors (0K)
 Metaspace       used 6317K, committed 6528K, reserved 1114112K
  class space    used 480K, committed 576K, reserved 1048576K

Heap Regions: E=young(eden), S=young(survivor), O=old, HS=humongous(starts), HC=humongous(continues), CS=collection set, F=free, OA=open archive, CA=closed archive, TAMS=top-at-mark-start (previous, next)
|   0|0x0000000704e00000, 0x0000000704e00000, 0x0000000705000000|  0%| F|  |TAMS 0x0000000704e00000, 0x0000000704e00000| Untracked 
|   1|0x0000000705000000, 0x0000000705000000, 0x0000000705200000|  0%| F|  |TAMS 0x0000000705000000, 0x0000000705000000| Untracked 
|   2|0x0000000705200000, 0x0000000705200000, 0x0000000705400000|  0%| F|  |TAMS 0x0000000705200000, 0x0000000705200000| Untracked 
|   3|0x0000000705400000, 0x0000000705400000, 0x0000000705600000|  0%| F|  |TAMS 0x0000000705400000, 0x0000000705400000| Untracked 
|   4|0x0000000705600000, 0x0000000705600000, 0x0000000705800000|  0%| F|  |TAMS 0x0000000705600000, 0x0000000705600000| Untracked 
|   5|0x0000000705800000, 0x0000000705800000, 0x0000000705a00000|  0%| F|  |TAMS 0x0000000705800000, 0x0000000705800000| Untracked 
|   6|0x0000000705a00000, 0x0000000705a00000, 0x0000000705c00000|  0%| F|  |TAMS 0x0000000705a00000, 0x0000000705a00000| Untracked 
|   7|0x0000000705c00000, 0x0000000705c00000, 0x0000000705e00000|  0%| F|  |TAMS 0x0000000705c00000, 0x0000000705c00000| Untracked 
|   8|0x0000000705e00000, 0x0000000705e00000, 0x0000000706000000|  0%| F|  |TAMS 0x0000000705e00000, 0x0000000705e00000| Untracked 
|   9|0x0000000706000000, 0x0000000706000000, 0x0000000706200000|  0%| F|  |TAMS 0x0000000706000000, 0x0000000706000000| Untracked 
|  10|0x0000000706200000, 0x0000000706200000, 0x0000000706400000|  0%| F|  |TAMS 0x0000000706200000, 0x0000000706200000| Untracked 
|  11|0x0000000706400000, 0x0000000706400000, 0x0000000706600000|  0%| F|  |TAMS 0x0000000706400000, 0x0000000706400000| Untracked 
|  12|0x0000000706600000, 0x0000000706600000, 0x0000000706800000|  0%| F|  |TAMS 0x0000000706600000, 0x0000000706600000| Untracked 
|  13|0x0000000706800000, 0x0000000706800000, 0x0000000706a00000|  0%| F|  |TAMS 0x0000000706800000, 0x0000000706800000| Untracked 
|  14|0x0000000706a00000, 0x0000000706a00000, 0x0000000706c00000|  0%| F|  |TAMS 0x0000000706a00000, 0x0000000706a00000| Untracked 
|  15|0x0000000706c00000, 0x0000000706c00000, 0x0000000706e00000|  0%| F|  |TAMS 0x0000000706c00000, 0x0000000706c00000| Untracked 
|  16|0x0000000706e00000, 0x0000000706e00000, 0x0000000707000000|  0%| F|  |TAMS 0x0000000706e00000, 0x0000000706e00000| Untracked 
|  17|0x0000000707000000, 0x0000000707000000, 0x0000000707200000|  0%| F|  |TAMS 0x0000000707000000, 0x0000000707000000| Untracked 
|  18|0x0000000707200000, 0x0000000707200000, 0x0000000707400000|  0%| F|  |TAMS 0x0000000707200000, 0x0000000707200000| Untracked 
|  19|0x0000000707400000, 0x0000000707400000, 0x0000000707600000|  0%| F|  |TAMS 0x0000000707400000, 0x0000000707400000| Untracked 
|  20|0x0000000707600000, 0x0000000707600000, 0x0000000707800000|  0%| F|  |TAMS 0x0000000707600000, 0x0000000707600000| Untracked 
|  21|0x0000000707800000, 0x0000000707800000, 0x0000000707a00000|  0%| F|  |TAMS 0x0000000707800000, 0x0000000707800000| Untracked 
|  22|0x0000000707a00000, 0x0000000707a00000, 0x0000000707c00000|  0%| F|  |TAMS 0x0000000707a00000, 0x0000000707a00000| Untracked 
|  23|0x0000000707c00000, 0x0000000707c00000, 0x0000000707e00000|  0%| F|  |TAMS 0x0000000707c00000, 0x0000000707c00000| Untracked 
|  24|0x0000000707e00000, 0x0000000707e00000, 0x0000000708000000|  0%| F|  |TAMS 0x0000000707e00000, 0x0000000707e00000| Untracked 
|  25|0x0000000708000000, 0x0000000708000000, 0x0000000708200000|  0%| F|  |TAMS 0x0000000708000000, 0x0000000708000000| Untracked 
|  26|0x0000000708200000, 0x0000000708200000, 0x0000000708400000|  0%| F|  |TAMS 0x0000000708200000, 0x0000000708200000| Untracked 
|  27|0x0000000708400000, 0x0000000708400000, 0x0000000708600000|  0%| F|  |TAMS 0x0000000708400000, 0x0000000708400000| Untracked 
|  28|0x0000000708600000, 0x0000000708600000, 0x0000000708800000|  0%| F|  |TAMS 0x0000000708600000, 0x0000000708600000| Untracked 
|  29|0x0000000708800000, 0x0000000708800000, 0x0000000708a00000|  0%| F|  |TAMS 0x0000000708800000, 0x0000000708800000| Untracked 
|  30|0x0000000708a00000, 0x0000000708a00000, 0x0000000708c00000|  0%| F|  |TAMS 0x0000000708a00000, 0x0000000708a00000| Untracked 
|  31|0x0000000708c00000, 0x0000000708c00000, 0x0000000708e00000|  0%| F|  |TAMS 0x0000000708c00000, 0x0000000708c00000| Untracked 
|  32|0x0000000708e00000, 0x0000000708e00000, 0x0000000709000000|  0%| F|  |TAMS 0x0000000708e00000, 0x0000000708e00000| Untracked 
|  33|0x0000000709000000, 0x0000000709000000, 0x0000000709200000|  0%| F|  |TAMS 0x0000000709000000, 0x0000000709000000| Untracked 
|  34|0x0000000709200000, 0x0000000709200000, 0x0000000709400000|  0%| F|  |TAMS 0x0000000709200000, 0x0000000709200000| Untracked 
|  35|0x0000000709400000, 0x0000000709400000, 0x0000000709600000|  0%| F|  |TAMS 0x0000000709400000, 0x0000000709400000| Untracked 
|  36|0x0000000709600000, 0x0000000709600000, 0x0000000709800000|  0%| F|  |TAMS 0x0000000709600000, 0x0000000709600000| Untracked 
|  37|0x0000000709800000, 0x0000000709800000, 0x0000000709a00000|  0%| F|  |TAMS 0x0000000709800000, 0x0000000709800000| Untracked 
|  38|0x0000000709a00000, 0x0000000709a00000, 0x0000000709c00000|  0%| F|  |TAMS 0x0000000709a00000, 0x0000000709a00000| Untracked 
|  39|0x0000000709c00000, 0x0000000709c00000, 0x0000000709e00000|  0%| F|  |TAMS 0x0000000709c00000, 0x0000000709c00000| Untracked 
|  40|0x0000000709e00000, 0x0000000709e00000, 0x000000070a000000|  0%| F|  |TAMS 0x0000000709e00000, 0x0000000709e00000| Untracked 
|  41|0x000000070a000000, 0x000000070a000000, 0x000000070a200000|  0%| F|  |TAMS 0x000000070a000000, 0x000000070a000000| Untracked 
|  42|0x000000070a200000, 0x000000070a200000, 0x000000070a400000|  0%| F|  |TAMS 0x000000070a200000, 0x000000070a200000| Untracked 
|  43|0x000000070a400000, 0x000000070a400000, 0x000000070a600000|  0%| F|  |TAMS 0x000000070a400000, 0x000000070a400000| Untracked 
|  44|0x000000070a600000, 0x000000070a600000, 0x000000070a800000|  0%| F|  |TAMS 0x000000070a600000, 0x000000070a600000| Untracked 
|  45|0x000000070a800000, 0x000000070a800000, 0x000000070aa00000|  0%| F|  |TAMS 0x000000070a800000, 0x000000070a800000| Untracked 
|  46|0x000000070aa00000, 0x000000070aa00000, 0x000000070ac00000|  0%| F|  |TAMS 0x000000070aa00000, 0x000000070aa00000| Untracked 
|  47|0x000000070ac00000, 0x000000070ac00000, 0x000000070ae00000|  0%| F|  |TAMS 0x000000070ac00000, 0x000000070ac00000| Untracked 
|  48|0x000000070ae00000, 0x000000070ae00000, 0x000000070b000000|  0%| F|  |TAMS 0x000000070ae00000, 0x000000070ae00000| Untracked 
|  49|0x000000070b000000, 0x000000070b000000, 0x000000070b200000|  0%| F|  |TAMS 0x000000070b000000, 0x000000070b000000| Untracked 
|  50|0x000000070b200000, 0x000000070b200000, 0x000000070b400000|  0%| F|  |TAMS 0x000000070b200000, 0x000000070b200000| Untracked 
|  51|0x000000070b400000, 0x000000070b400000, 0x000000070b600000|  0%| F|  |TAMS 0x000000070b400000, 0x000000070b400000| Untracked 
|  52|0x000000070b600000, 0x000000070b600000, 0x000000070b800000|  0%| F|  |TAMS 0x000000070b600000, 0x000000070b600000| Untracked 
|  53|0x000000070b800000, 0x000000070b800000, 0x000000070ba00000|  0%| F|  |TAMS 0x000000070b800000, 0x000000070b800000| Untracked 
|  54|0x000000070ba00000, 0x000000070ba00000, 0x000000070bc00000|  0%| F|  |TAMS 0x000000070ba00000, 0x000000070ba00000| Untracked 
|  55|0x000000070bc00000, 0x000000070bc00000, 0x000000070be00000|  0%| F|  |TAMS 0x000000070bc00000, 0x000000070bc00000| Untracked 
|  56|0x000000070be00000, 0x000000070be00000, 0x000000070c000000|  0%| F|  |TAMS 0x000000070be00000, 0x000000070be00000| Untracked 
|  57|0x000000070c000000, 0x000000070c000000, 0x000000070c200000|  0%| F|  |TAMS 0x000000070c000000, 0x000000070c000000| Untracked 
|  58|0x000000070c200000, 0x000000070c200000, 0x000000070c400000|  0%| F|  |TAMS 0x000000070c200000, 0x000000070c200000| Untracked 
|  59|0x000000070c400000, 0x000000070c400000, 0x000000070c600000|  0%| F|  |TAMS 0x000000070c400000, 0x000000070c400000| Untracked 
|  60|0x000000070c600000, 0x000000070c600000, 0x000000070c800000|  0%| F|  |TAMS 0x000000070c600000, 0x000000070c600000| Untracked 
|  61|0x000000070c800000, 0x000000070c800000, 0x000000070ca00000|  0%| F|  |TAMS 0x000000070c800000, 0x000000070c800000| Untracked 
|  62|0x000000070ca00000, 0x000000070ca00000, 0x000000070cc00000|  0%| F|  |TAMS 0x000000070ca00000, 0x000000070ca00000| Untracked 
|  63|0x000000070cc00000, 0x000000070cc00000, 0x000000070ce00000|  0%| F|  |TAMS 0x000000070cc00000, 0x000000070cc00000| Untracked 
|  64|0x000000070ce00000, 0x000000070ce00000, 0x000000070d000000|  0%| F|  |TAMS 0x000000070ce00000, 0x000000070ce00000| Untracked 
|  65|0x000000070d000000, 0x000000070d000000, 0x000000070d200000|  0%| F|  |TAMS 0x000000070d000000, 0x000000070d000000| Untracked 
|  66|0x000000070d200000, 0x000000070d200000, 0x000000070d400000|  0%| F|  |TAMS 0x000000070d200000, 0x000000070d200000| Untracked 
|  67|0x000000070d400000, 0x000000070d400000, 0x000000070d600000|  0%| F|  |TAMS 0x000000070d400000, 0x000000070d400000| Untracked 
|  68|0x000000070d600000, 0x000000070d600000, 0x000000070d800000|  0%| F|  |TAMS 0x000000070d600000, 0x000000070d600000| Untracked 
|  69|0x000000070d800000, 0x000000070d800000, 0x000000070da00000|  0%| F|  |TAMS 0x000000070d800000, 0x000000070d800000| Untracked 
|  70|0x000000070da00000, 0x000000070da00000, 0x000000070dc00000|  0%| F|  |TAMS 0x000000070da00000, 0x000000070da00000| Untracked 
|  71|0x000000070dc00000, 0x000000070dc00000, 0x000000070de00000|  0%| F|  |TAMS 0x000000070dc00000, 0x000000070dc00000| Untracked 
|  72|0x000000070de00000, 0x000000070de00000, 0x000000070e000000|  0%| F|  |TAMS 0x000000070de00000, 0x000000070de00000| Untracked 
|  73|0x000000070e000000, 0x000000070e000000, 0x000000070e200000|  0%| F|  |TAMS 0x000000070e000000, 0x000000070e000000| Untracked 
|  74|0x000000070e200000, 0x000000070e200000, 0x000000070e400000|  0%| F|  |TAMS 0x000000070e200000, 0x000000070e200000| Untracked 
|  75|0x000000070e400000, 0x000000070e400000, 0x000000070e600000|  0%| F|  |TAMS 0x000000070e400000, 0x000000070e400000| Untracked 
|  76|0x000000070e600000, 0x000000070e600000, 0x000000070e800000|  0%| F|  |TAMS 0x000000070e600000, 0x000000070e600000| Untracked 
|  77|0x000000070e800000, 0x000000070e800000, 0x000000070ea00000|  0%| F|  |TAMS 0x000000070e800000, 0x000000070e800000| Untracked 
|  78|0x000000070ea00000, 0x000000070ea00000, 0x000000070ec00000|  0%| F|  |TAMS 0x000000070ea00000, 0x000000070ea00000| Untracked 
|  79|0x000000070ec00000, 0x000000070ec00000, 0x000000070ee00000|  0%| F|  |TAMS 0x000000070ec00000, 0x000000070ec00000| Untracked 
|  80|0x000000070ee00000, 0x000000070ee00000, 0x000000070f000000|  0%| F|  |TAMS 0x000000070ee00000, 0x000000070ee00000| Untracked 
|  81|0x000000070f000000, 0x000000070f000000, 0x000000070f200000|  0%| F|  |TAMS 0x000000070f000000, 0x000000070f000000| Untracked 
|  82|0x000000070f200000, 0x000000070f200000, 0x000000070f400000|  0%| F|  |TAMS 0x000000070f200000, 0x000000070f200000| Untracked 
|  83|0x000000070f400000, 0x000000070f400000, 0x000000070f600000|  0%| F|  |TAMS 0x000000070f400000, 0x000000070f400000| Untracked 
|  84|0x000000070f600000, 0x000000070f600000, 0x000000070f800000|  0%| F|  |TAMS 0x000000070f600000, 0x000000070f600000| Untracked 
|  85|0x000000070f800000, 0x000000070f800000, 0x000000070fa00000|  0%| F|  |TAMS 0x000000070f800000, 0x000000070f800000| Untracked 
|  86|0x000000070fa00000, 0x000000070fa00000, 0x000000070fc00000|  0%| F|  |TAMS 0x000000070fa00000, 0x000000070fa00000| Untracked 
|  87|0x000000070fc00000, 0x000000070fc00000, 0x000000070fe00000|  0%| F|  |TAMS 0x000000070fc00000, 0x000000070fc00000| Untracked 
|  88|0x000000070fe00000, 0x000000070fe00000, 0x0000000710000000|  0%| F|  |TAMS 0x000000070fe00000, 0x000000070fe00000| Untracked 
|  89|0x0000000710000000, 0x0000000710000000, 0x0000000710200000|  0%| F|  |TAMS 0x0000000710000000, 0x0000000710000000| Untracked 
|  90|0x0000000710200000, 0x0000000710200000, 0x0000000710400000|  0%| F|  |TAMS 0x0000000710200000, 0x0000000710200000| Untracked 
|  91|0x0000000710400000, 0x0000000710400000, 0x0000000710600000|  0%| F|  |TAMS 0x0000000710400000, 0x0000000710400000| Untracked 
|  92|0x0000000710600000, 0x0000000710600000, 0x0000000710800000|  0%| F|  |TAMS 0x0000000710600000, 0x0000000710600000| Untracked 
|  93|0x0000000710800000, 0x0000000710800000, 0x0000000710a00000|  0%| F|  |TAMS 0x0000000710800000, 0x0000000710800000| Untracked 
|  94|0x0000000710a00000, 0x0000000710a00000, 0x0000000710c00000|  0%| F|  |TAMS 0x0000000710a00000, 0x0000000710a00000| Untracked 
|  95|0x0000000710c00000, 0x0000000710c00000, 0x0000000710e00000|  0%| F|  |TAMS 0x0000000710c00000, 0x0000000710c00000| Untracked 
|  96|0x0000000710e00000, 0x0000000710e00000, 0x0000000711000000|  0%| F|  |TAMS 0x0000000710e00000, 0x0000000710e00000| Untracked 
|  97|0x0000000711000000, 0x0000000711000000, 0x0000000711200000|  0%| F|  |TAMS 0x0000000711000000, 0x0000000711000000| Untracked 
|  98|0x0000000711200000, 0x0000000711200000, 0x0000000711400000|  0%| F|  |TAMS 0x0000000711200000, 0x0000000711200000| Untracked 
|  99|0x0000000711400000, 0x0000000711400000, 0x0000000711600000|  0%| F|  |TAMS 0x0000000711400000, 0x0000000711400000| Untracked 
| 100|0x0000000711600000, 0x0000000711600000, 0x0000000711800000|  0%| F|  |TAMS 0x0000000711600000, 0x0000000711600000| Untracked 
| 101|0x0000000711800000, 0x0000000711800000, 0x0000000711a00000|  0%| F|  |TAMS 0x0000000711800000, 0x0000000711800000| Untracked 
| 102|0x0000000711a00000, 0x0000000711a00000, 0x0000000711c00000|  0%| F|  |TAMS 0x0000000711a00000, 0x0000000711a00000| Untracked 
| 103|0x0000000711c00000, 0x0000000711c00000, 0x0000000711e00000|  0%| F|  |TAMS 0x0000000711c00000, 0x0000000711c00000| Untracked 
| 104|0x0000000711e00000, 0x0000000711e00000, 0x0000000712000000|  0%| F|  |TAMS 0x0000000711e00000, 0x0000000711e00000| Untracked 
| 105|0x0000000712000000, 0x0000000712000000, 0x0000000712200000|  0%| F|  |TAMS 0x0000000712000000, 0x0000000712000000| Untracked 
| 106|0x0000000712200000, 0x0000000712200000, 0x0000000712400000|  0%| F|  |TAMS 0x0000000712200000, 0x0000000712200000| Untracked 
| 107|0x0000000712400000, 0x0000000712400000, 0x0000000712600000|  0%| F|  |TAMS 0x0000000712400000, 0x0000000712400000| Untracked 
| 108|0x0000000712600000, 0x0000000712600000, 0x0000000712800000|  0%| F|  |TAMS 0x0000000712600000, 0x0000000712600000| Untracked 
| 109|0x0000000712800000, 0x0000000712800000, 0x0000000712a00000|  0%| F|  |TAMS 0x0000000712800000, 0x0000000712800000| Untracked 
| 110|0x0000000712a00000, 0x0000000712a00000, 0x0000000712c00000|  0%| F|  |TAMS 0x0000000712a00000, 0x0000000712a00000| Untracked 
| 111|0x0000000712c00000, 0x0000000712c00000, 0x0000000712e00000|  0%| F|  |TAMS 0x0000000712c00000, 0x0000000712c00000| Untracked 
| 112|0x0000000712e00000, 0x0000000712e00000, 0x0000000713000000|  0%| F|  |TAMS 0x0000000712e00000, 0x0000000712e00000| Untracked 
| 113|0x0000000713000000, 0x0000000713000000, 0x0000000713200000|  0%| F|  |TAMS 0x0000000713000000, 0x0000000713000000| Untracked 
| 114|0x0000000713200000, 0x0000000713200000, 0x0000000713400000|  0%| F|  |TAMS 0x0000000713200000, 0x0000000713200000| Untracked 
| 115|0x0000000713400000, 0x0000000713400000, 0x0000000713600000|  0%| F|  |TAMS 0x0000000713400000, 0x0000000713400000| Untracked 
| 116|0x0000000713600000, 0x0000000713600000, 0x0000000713800000|  0%| F|  |TAMS 0x0000000713600000, 0x0000000713600000| Untracked 
| 117|0x0000000713800000, 0x00000007138f6550, 0x0000000713a00000| 48%| E|  |TAMS 0x0000000713800000, 0x0000000713800000| Complete 
| 118|0x0000000713a00000, 0x0000000713c00000, 0x0000000713c00000|100%| E|CS|TAMS 0x0000000713a00000, 0x0000000713a00000| Complete 
| 119|0x0000000713c00000, 0x0000000713e00000, 0x0000000713e00000|100%| E|CS|TAMS 0x0000000713c00000, 0x0000000713c00000| Complete 
| 120|0x0000000713e00000, 0x0000000714000000, 0x0000000714000000|100%| E|CS|TAMS 0x0000000713e00000, 0x0000000713e00000| Complete 
| 121|0x0000000714000000, 0x0000000714200000, 0x0000000714200000|100%| E|CS|TAMS 0x0000000714000000, 0x0000000714000000| Complete 
| 122|0x0000000714200000, 0x0000000714400000, 0x0000000714400000|100%| E|CS|TAMS 0x0000000714200000, 0x0000000714200000| Complete 
| 123|0x0000000714400000, 0x0000000714600000, 0x0000000714600000|100%| E|CS|TAMS 0x0000000714400000, 0x0000000714400000| Complete 
| 124|0x0000000714600000, 0x0000000714800000, 0x0000000714800000|100%| E|CS|TAMS 0x0000000714600000, 0x0000000714600000| Complete 
| 125|0x0000000714800000, 0x0000000714a00000, 0x0000000714a00000|100%| E|CS|TAMS 0x0000000714800000, 0x0000000714800000| Complete 

Card table byte_map: [0x000001bffca60000,0x000001bffd240000] _byte_map_base: 0x000001bff9239000

Marking Bits (Prev, Next): (CMBitMap*) 0x000001bfe380f250, (CMBitMap*) 0x000001bfe380f290
 Prev Bits: [0x000001bf80000000, 0x000001bf83ec8000)
 Next Bits: [0x000001bf83ed0000, 0x000001bf87d98000)

Polling page: 0x000001bfe3630000

Metaspace:

Usage:
  Non-class:      5.70 MB used.
      Class:    480.93 KB used.
       Both:      6.17 MB used.

Virtual space:
  Non-class space:       64.00 MB reserved,       5.81 MB (  9%) committed,  1 nodes.
      Class space:        1.00 GB reserved,     576.00 KB ( <1%) committed,  1 nodes.
             Both:        1.06 GB reserved,       6.38 MB ( <1%) committed. 

Chunk freelists:
   Non-Class:  9.30 MB
       Class:  15.48 MB
        Both:  24.78 MB

MaxMetaspaceSize: unlimited
CompressedClassSpaceSize: 1.00 GB
Initial GC threshold: 21.00 MB
Current GC threshold: 21.00 MB
CDS: on
MetaspaceReclaimPolicy: balanced
 - commit_granule_bytes: 65536.
 - commit_granule_words: 8192.
 - virtual_space_node_default_size: 8388608.
 - enlarge_chunks_in_place: 1.
 - new_chunks_are_fully_committed: 0.
 - uncommit_free_chunks: 1.
 - use_allocation_guard: 0.
 - handle_deallocations: 1.


Internal statistics:

num_allocs_failed_limit: 0.
num_arena_births: 112.
num_arena_deaths: 0.
num_vsnodes_births: 2.
num_vsnodes_deaths: 0.
num_space_committed: 102.
num_space_uncommitted: 0.
num_chunks_returned_to_freelist: 0.
num_chunks_taken_from_freelist: 203.
num_chunk_merges: 0.
num_chunk_splits: 135.
num_chunks_enlarged: 86.
num_inconsistent_stats: 0.

CodeHeap 'non-profiled nmethods': size=120000Kb used=323Kb max_used=323Kb free=119676Kb
 bounds [0x000001bff42f0000, 0x000001bff4560000, 0x000001bffb820000]
CodeHeap 'profiled nmethods': size=120000Kb used=1456Kb max_used=1456Kb free=118543Kb
 bounds [0x000001bfec820000, 0x000001bfeca90000, 0x000001bff3d50000]
CodeHeap 'non-nmethods': size=5760Kb used=1693Kb max_used=1711Kb free=4066Kb
 bounds [0x000001bff3d50000, 0x000001bff3fc0000, 0x000001bff42f0000]
 total_blobs=2007 nmethods=869 adapters=1051
 compilation: enabled
              stopped_count=0, restarted_count=0
 full_count=0

Compilation events (20 events):
Event: 0.533 Thread 0x000001bf8818ce40  860       3       sun.misc.Unsafe::putLong (11 bytes)
Event: 0.533 Thread 0x000001bf8818ce40 nmethod 860 0x000001bfec988990 code [0x000001bfec988b20, 0x000001bfec988c38]
Event: 0.533 Thread 0x000001bf8818ce40  861       3       org.lwjgl.system.MemoryUtil::memPutAddress (29 bytes)
Event: 0.533 Thread 0x000001bf88e1c080  862       4       java.lang.Integer::toUnsignedLong (7 bytes)
Event: 0.533 Thread 0x000001bf8818ce40 nmethod 861 0x000001bfec988d10 code [0x000001bfec988ec0, 0x000001bfec9890b8]
Event: 0.534 Thread 0x000001bf88e1c080 nmethod 862 0x000001bff433e990 code [0x000001bff433eb00, 0x000001bff433eb58]
Event: 0.536 Thread 0x000001bf8818ce40  863       3       java.util.WeakHashMap::put (160 bytes)
Event: 0.536 Thread 0x000001bf8818ce40 nmethod 863 0x000001bfec989190 code [0x000001bfec989420, 0x000001bfec98a4a8]
Event: 0.536 Thread 0x000001bf8818ce40  864       3       java.lang.StringConcatHelper::newArray (26 bytes)
Event: 0.537 Thread 0x000001bf8818ce40 nmethod 864 0x000001bfec98aa10 code [0x000001bfec98abc0, 0x000001bfec98ae08]
Event: 0.537 Thread 0x000001bf8818bf80  865   !   4       jdk.internal.loader.URLClassPath$JarLoader::ensureOpen (36 bytes)
Event: 0.537 Thread 0x000001bf8818ce40  866       3       java.util.zip.ZipFile$Source::getEntryPos (9 bytes)
Event: 0.537 Thread 0x000001bf8818ce40 nmethod 866 0x000001bfec98af10 code [0x000001bfec98b0a0, 0x000001bfec98b1d8]
Event: 0.537 Thread 0x000001bf8818ce40  868       3       java.util.Collections$SetFromMap::add (22 bytes)
Event: 0.537 Thread 0x000001bf8818ce40 nmethod 868 0x000001bfec98b290 code [0x000001bfec98b440, 0x000001bfec98b688]
Event: 0.538 Thread 0x000001bf8818ce40  869       3       java.util.zip.CRC32::updateBytesCheck (55 bytes)
Event: 0.538 Thread 0x000001bf8818ce40 nmethod 869 0x000001bfec98b790 code [0x000001bfec98b980, 0x000001bfec98bec8]
Event: 0.538 Thread 0x000001bf8818ce40  867       1       java.lang.NamedPackage::module (5 bytes)
Event: 0.538 Thread 0x000001bf8818ce40 nmethod 867 0x000001bff433ec90 code [0x000001bff433ee20, 0x000001bff433eef8]
Event: 0.540 Thread 0x000001bf88e1c080  870       4       jdk.internal.util.jar.JarIndex::get (49 bytes)

GC Heap History (0 events):
No events

Deoptimization events (20 events):
Event: 0.403 Thread 0x000001bfe37a33a0 Uncommon trap: trap_request=0xffffffde fr.pc=0x000001bff430c9f0 relative=0x00000000000003b0
Event: 0.403 Thread 0x000001bfe37a33a0 Uncommon trap: reason=class_check action=maybe_recompile pc=0x000001bff430c9f0 method=java.util.HashMap.getNode(Ljava/lang/Object;)Ljava/util/HashMap$Node; @ 63 c2
Event: 0.403 Thread 0x000001bfe37a33a0 DEOPT PACKING pc=0x000001bff430c9f0 sp=0x00000039c2cfc720
Event: 0.403 Thread 0x000001bfe37a33a0 DEOPT UNPACKING pc=0x000001bff3da5ba3 sp=0x00000039c2cfc638 mode 2
Event: 0.409 Thread 0x000001bfe37a33a0 Uncommon trap: trap_request=0xffffff45 fr.pc=0x000001bff42ffcc0 relative=0x0000000000000040
Event: 0.409 Thread 0x000001bfe37a33a0 Uncommon trap: reason=unstable_if action=reinterpret pc=0x000001bff42ffcc0 method=sun.nio.fs.WindowsPathParser.isSlash(C)Z @ 9 c2
Event: 0.409 Thread 0x000001bfe37a33a0 DEOPT PACKING pc=0x000001bff42ffcc0 sp=0x00000039c2cfc880
Event: 0.409 Thread 0x000001bfe37a33a0 DEOPT UNPACKING pc=0x000001bff3da5ba3 sp=0x00000039c2cfc808 mode 2
Event: 0.432 Thread 0x000001bfe37a33a0 DEOPT PACKING pc=0x000001bfec8743db sp=0x00000039c2cfc0a0
Event: 0.432 Thread 0x000001bfe37a33a0 DEOPT UNPACKING pc=0x000001bff3da66e3 sp=0x00000039c2cfb5c0 mode 0
Event: 0.436 Thread 0x000001bfe37a33a0 DEOPT PACKING pc=0x000001bfec8743db sp=0x00000039c2cfc100
Event: 0.436 Thread 0x000001bfe37a33a0 DEOPT UNPACKING pc=0x000001bff3da66e3 sp=0x00000039c2cfb620 mode 0
Event: 0.499 Thread 0x000001bfe37a33a0 Uncommon trap: trap_request=0xffffffde fr.pc=0x000001bff430c9f0 relative=0x00000000000003b0
Event: 0.499 Thread 0x000001bfe37a33a0 Uncommon trap: reason=class_check action=maybe_recompile pc=0x000001bff430c9f0 method=java.util.HashMap.getNode(Ljava/lang/Object;)Ljava/util/HashMap$Node; @ 63 c2
Event: 0.499 Thread 0x000001bfe37a33a0 DEOPT PACKING pc=0x000001bff430c9f0 sp=0x00000039c2cfc8b0
Event: 0.499 Thread 0x000001bfe37a33a0 DEOPT UNPACKING pc=0x000001bff3da5ba3 sp=0x00000039c2cfc7c8 mode 2
Event: 0.518 Thread 0x000001bfe37a33a0 Uncommon trap: trap_request=0xffffffde fr.pc=0x000001bff430c9f0 relative=0x00000000000003b0
Event: 0.518 Thread 0x000001bfe37a33a0 Uncommon trap: reason=class_check action=maybe_recompile pc=0x000001bff430c9f0 method=java.util.HashMap.getNode(Ljava/lang/Object;)Ljava/util/HashMap$Node; @ 63 c2
Event: 0.518 Thread 0x000001bfe37a33a0 DEOPT PACKING pc=0x000001bff430c9f0 sp=0x00000039c2cfa280
Event: 0.518 Thread 0x000001bfe37a33a0 DEOPT UNPACKING pc=0x000001bff3da5ba3 sp=0x00000039c2cfa198 mode 2

Classes unloaded (0 events):
No events

Classes redefined (0 events):
No events

Internal exceptions (20 events):
Event: 0.310 Thread 0x000001bfe37a33a0 Exception <a 'java/lang/NoSuchMethodError'{0x00000007140dfc38}: 'java.lang.Object java.lang.invoke.DirectMethodHandle$Holder.invokeStaticInit(java.lang.Object)'> (0x00000007140dfc38) 
thrown [s\open\src\hotspot\share\interpreter\linkResolver.cpp, line 759]
Event: 0.380 Thread 0x000001bfe37a33a0 Exception <a 'java/lang/NoSuchMethodError'{0x0000000713eb1048}: 'void java.lang.invoke.DirectMethodHandle$Holder.invokeStatic(java.lang.Object, java.lang.Object)'> (0x0000000713eb1048) 
thrown [s\open\src\hotspot\share\interpreter\linkResolver.cpp, line 759]
Event: 0.381 Thread 0x000001bfe37a33a0 Exception <a 'java/lang/NoSuchMethodError'{0x0000000713eb6410}: 'void java.lang.invoke.DirectMethodHandle$Holder.invokeSpecial(java.lang.Object, java.lang.Object, java.lang.Object)'> (0x0000000713eb6410) 
thrown [s\open\src\hotspot\share\interpreter\linkResolver.cpp, line 759]
Event: 0.382 Thread 0x000001bfe37a33a0 Exception <a 'java/lang/NoSuchMethodError'{0x0000000713ec4ae0}: 'java.lang.Object java.lang.invoke.DirectMethodHandle$Holder.invokeStatic(java.lang.Object, java.lang.Object, int)'> (0x0000000713ec4ae0) 
thrown [s\open\src\hotspot\share\interpreter\linkResolver.cpp, line 759]
Event: 0.383 Thread 0x000001bfe37a33a0 Exception <a 'java/lang/NoSuchMethodError'{0x0000000713ed07d0}: 'void java.lang.invoke.DelegatingMethodHandle$Holder.delegate(java.lang.Object, java.lang.Object, int, java.lang.Object)'> (0x0000000713ed07d0) 
thrown [s\open\src\hotspot\share\interpreter\linkResolver.cpp, line 759]
Event: 0.383 Thread 0x000001bfe37a33a0 Exception <a 'java/lang/NoSuchMethodError'{0x0000000713ed4918}: 'int java.lang.invoke.DirectMethodHandle$Holder.invokeSpecial(java.lang.Object, java.lang.Object, java.lang.Object)'> (0x0000000713ed4918) 
thrown [s\open\src\hotspot\share\interpreter\linkResolver.cpp, line 759]
Event: 0.410 Thread 0x000001bfe37a33a0 Exception <a 'sun/nio/fs/WindowsException'{0x0000000713f6a2c0}> (0x0000000713f6a2c0) 
thrown [s\open\src\hotspot\share\prims\jni.cpp, line 516]
Event: 0.410 Thread 0x000001bfe37a33a0 Exception <a 'sun/nio/fs/WindowsException'{0x0000000713f6a830}> (0x0000000713f6a830) 
thrown [s\open\src\hotspot\share\prims\jni.cpp, line 516]
Event: 0.471 Thread 0x000001bfe37a33a0 Exception <a 'java/lang/NoSuchMethodError'{0x0000000713cf7048}: 'int java.lang.invoke.DirectMethodHandle$Holder.invokeStaticInit(java.lang.Object, java.lang.Object, int, long)'> (0x0000000713cf7048) 
thrown [s\open\src\hotspot\share\interpreter\linkResolver.cpp, line 759]
Event: 0.472 Thread 0x000001bfe37a33a0 Exception <a 'java/lang/NoSuchMethodError'{0x0000000713cfc910}: 'java.lang.Object java.lang.invoke.DirectMethodHandle$Holder.newInvokeSpecial(java.lang.Object, java.lang.Object, int)'> (0x0000000713cfc910) 
thrown [s\open\src\hotspot\share\interpreter\linkResolver.cpp, line 759]
Event: 0.474 Thread 0x000001bfe37a33a0 Exception <a 'java/lang/NoSuchMethodError'{0x0000000713d187a0}: 'int java.lang.invoke.DirectMethodHandle$Holder.invokeStaticInit(java.lang.Object, java.lang.Object, long, long)'> (0x0000000713d187a0) 
thrown [s\open\src\hotspot\share\interpreter\linkResolver.cpp, line 759]
Event: 0.475 Thread 0x000001bfe37a33a0 Exception <a 'java/lang/NoSuchMethodError'{0x0000000713d1e528}: 'java.lang.Object java.lang.invoke.DirectMethodHandle$Holder.newInvokeSpecial(java.lang.Object, java.lang.Object, long)'> (0x0000000713d1e528) 
thrown [s\open\src\hotspot\share\interpreter\linkResolver.cpp, line 759]
Event: 0.475 Thread 0x000001bfe37a33a0 Exception <a 'java/lang/NoSuchMethodError'{0x0000000713d21df0}: 'java.lang.Object java.lang.invoke.Invokers$Holder.linkToTargetMethod(java.lang.Object, long, java.lang.Object)'> (0x0000000713d21df0) 
thrown [s\open\src\hotspot\share\interpreter\linkResolver.cpp, line 759]
Event: 0.475 Thread 0x000001bfe37a33a0 Exception <a 'java/lang/NoSuchMethodError'{0x0000000713d293f0}: 'int java.lang.invoke.DirectMethodHandle$Holder.invokeStaticInit(java.lang.Object, java.lang.Object, java.lang.Object, long)'> (0x0000000713d293f0) 
thrown [s\open\src\hotspot\share\interpreter\linkResolver.cpp, line 759]
Event: 0.502 Thread 0x000001bfe37a33a0 Exception <a 'sun/nio/fs/WindowsException'{0x0000000713ac1300}> (0x0000000713ac1300) 
thrown [s\open\src\hotspot\share\prims\jni.cpp, line 516]
Event: 0.502 Thread 0x000001bfe37a33a0 Exception <a 'sun/nio/fs/WindowsException'{0x0000000713ac16c0}> (0x0000000713ac16c0) 
thrown [s\open\src\hotspot\share\prims\jni.cpp, line 516]
Event: 0.509 Thread 0x000001bfe37a33a0 Exception <a 'sun/nio/fs/WindowsException'{0x0000000713ad7aa8}> (0x0000000713ad7aa8) 
thrown [s\open\src\hotspot\share\prims\jni.cpp, line 516]
Event: 0.509 Thread 0x000001bfe37a33a0 Exception <a 'sun/nio/fs/WindowsException'{0x0000000713ad7da8}> (0x0000000713ad7da8) 
thrown [s\open\src\hotspot\share\prims\jni.cpp, line 516]
Event: 0.522 Thread 0x000001bfe37a33a0 Exception <a 'sun/nio/fs/WindowsException'{0x0000000713b81810}> (0x0000000713b81810) 
thrown [s\open\src\hotspot\share\prims\jni.cpp, line 516]
Event: 0.522 Thread 0x000001bfe37a33a0 Exception <a 'sun/nio/fs/WindowsException'{0x0000000713b81bc8}> (0x0000000713b81bc8) 
thrown [s\open\src\hotspot\share\prims\jni.cpp, line 516]

VM Operations (10 events):
Event: 0.131 Executing VM operation: HandshakeAllThreads
Event: 0.131 Executing VM operation: HandshakeAllThreads done
Event: 0.264 Executing VM operation: HandshakeAllThreads
Event: 0.264 Executing VM operation: HandshakeAllThreads done
Event: 0.382 Executing VM operation: HandshakeAllThreads
Event: 0.382 Executing VM operation: HandshakeAllThreads done
Event: 0.403 Executing VM operation: HandshakeAllThreads
Event: 0.403 Executing VM operation: HandshakeAllThreads done
Event: 0.440 Executing VM operation: HandshakeAllThreads
Event: 0.440 Executing VM operation: HandshakeAllThreads done

Events (20 events):
Event: 0.464 loading class java/nio/DirectDoubleBufferU done
Event: 0.464 loading class sun/misc/Unsafe
Event: 0.464 loading class sun/misc/Unsafe done
Event: 0.464 loading class jdk/internal/reflect/UnsafeFieldAccessorFactory
Event: 0.464 loading class jdk/internal/reflect/UnsafeFieldAccessorFactory done
Event: 0.464 loading class jdk/internal/reflect/UnsafeQualifiedStaticObjectFieldAccessorImpl
Event: 0.464 loading class jdk/internal/reflect/UnsafeQualifiedStaticFieldAccessorImpl
Event: 0.464 loading class jdk/internal/reflect/UnsafeQualifiedStaticFieldAccessorImpl done
Event: 0.464 loading class jdk/internal/reflect/UnsafeQualifiedStaticObjectFieldAccessorImpl done
Event: 0.471 loading class java/util/function/LongPredicate
Event: 0.471 loading class java/util/function/LongPredicate done
Event: 0.472 loading class jdk/internal/access/foreign/MemorySegmentProxy
Event: 0.472 loading class jdk/internal/access/foreign/MemorySegmentProxy done
Event: 0.476 loading class java/nio/InvalidMarkException
Event: 0.476 loading class java/nio/InvalidMarkException done
Event: 0.476 loading class java/nio/BufferUnderflowException
Event: 0.476 loading class java/nio/BufferUnderflowException done
Event: 0.505 Loaded shared library C:\Users\06anla29\AppData\Local\Temp\lwjgl_06anla29\3.3.3+5\x64\lwjgl_opengl.dll
Event: 0.508 loading class java/lang/NoSuchFieldError
Event: 0.508 loading class java/lang/NoSuchFieldError done


Dynamic libraries:
0x00007ff7b5e20000 - 0x00007ff7b5e30000 	C:\Program Files\Java\jdk-17\bin\java.exe
0x00007ff81cb30000 - 0x00007ff81cd28000 	C:\windows\SYSTEM32\ntdll.dll
0x00007ff81b690000 - 0x00007ff81b74d000 	C:\windows\System32\KERNEL32.DLL
0x00007ff81a360000 - 0x00007ff81a656000 	C:\windows\System32\KERNELBASE.dll
0x00007ff817130000 - 0x00007ff8171c0000 	C:\windows\SYSTEM32\apphelp.dll
0x00007ff81a8f0000 - 0x00007ff81a9f0000 	C:\windows\System32\ucrtbase.dll
0x00007ff8126c0000 - 0x00007ff8126d9000 	C:\Program Files\Java\jdk-17\bin\jli.dll
0x00007ff81b5e0000 - 0x00007ff81b68f000 	C:\windows\System32\ADVAPI32.dll
0x00007ff81c870000 - 0x00007ff81c90e000 	C:\windows\System32\msvcrt.dll
0x00007ff81af10000 - 0x00007ff81afac000 	C:\windows\System32\sechost.dll
0x00007ff801750000 - 0x00007ff80176b000 	C:\Program Files\Java\jdk-17\bin\VCRUNTIME140.dll
0x00007ff81b910000 - 0x00007ff81ba36000 	C:\windows\System32\RPCRT4.dll
0x00007ff81c3e0000 - 0x00007ff81c57e000 	C:\windows\System32\USER32.dll
0x00007ff81a7c0000 - 0x00007ff81a7e2000 	C:\windows\System32\win32u.dll
0x00007ff81c840000 - 0x00007ff81c86c000 	C:\windows\System32\GDI32.dll
0x00007ff81a9f0000 - 0x00007ff81ab0a000 	C:\windows\System32\gdi32full.dll
0x00007ffff9930000 - 0x00007ffff9bca000 	C:\windows\WinSxS\amd64_microsoft.windows.common-controls_6595b64144ccf1df_6.0.19041.3636_none_60b6a03d71f818d5\COMCTL32.dll
0x00007ff81a2c0000 - 0x00007ff81a35d000 	C:\windows\System32\msvcp_win.dll
0x00007ff80f260000 - 0x00007ff80f26a000 	C:\windows\SYSTEM32\VERSION.dll
0x00007ff81bc60000 - 0x00007ff81bc90000 	C:\windows\System32\IMM32.DLL
0x00007ff812840000 - 0x00007ff81284c000 	C:\Program Files\Java\jdk-17\bin\vcruntime140_1.dll
0x00007fffe4280000 - 0x00007fffe430e000 	C:\Program Files\Java\jdk-17\bin\msvcp140.dll
0x00007fffddbc0000 - 0x00007fffde7a1000 	C:\Program Files\Java\jdk-17\bin\server\jvm.dll
0x00007ff81b900000 - 0x00007ff81b908000 	C:\windows\System32\PSAPI.DLL
0x00007ff80ef80000 - 0x00007ff80efa7000 	C:\windows\SYSTEM32\WINMM.dll
0x00007ff80b770000 - 0x00007ff80b779000 	C:\windows\SYSTEM32\WSOCK32.dll
0x00007ff81ba40000 - 0x00007ff81baab000 	C:\windows\System32\WS2_32.dll
0x00007ff818730000 - 0x00007ff818742000 	C:\windows\SYSTEM32\kernel.appcore.dll
0x00007ff8127a0000 - 0x00007ff8127aa000 	C:\Program Files\Java\jdk-17\bin\jimage.dll
0x00007ff818460000 - 0x00007ff818644000 	C:\windows\SYSTEM32\DBGHELP.DLL
0x00007ffff6a90000 - 0x00007ffff6ac4000 	C:\windows\SYSTEM32\dbgcore.DLL
0x00007ff81a860000 - 0x00007ff81a8e2000 	C:\windows\System32\bcryptPrimitives.dll
0x00007ff800680000 - 0x00007ff8006a5000 	C:\Program Files\Java\jdk-17\bin\java.dll
0x00007fffe0da0000 - 0x00007fffe0e77000 	C:\Program Files\Java\jdk-17\bin\jsvml.dll
0x00007ff81bc90000 - 0x00007ff81c3d5000 	C:\windows\System32\SHELL32.dll
0x00007ff817bf0000 - 0x00007ff81838b000 	C:\windows\SYSTEM32\windows.storage.dll
0x00007ff81abb0000 - 0x00007ff81af04000 	C:\windows\System32\combase.dll
0x00007ff819b00000 - 0x00007ff819b2d000 	C:\windows\SYSTEM32\Wldp.dll
0x00007ff81ca30000 - 0x00007ff81cadd000 	C:\windows\System32\SHCORE.dll
0x00007ff81c6b0000 - 0x00007ff81c705000 	C:\windows\System32\shlwapi.dll
0x00007ff81a140000 - 0x00007ff81a165000 	C:\windows\SYSTEM32\profapi.dll
0x00007ff800660000 - 0x00007ff800679000 	C:\Program Files\Java\jdk-17\bin\net.dll
0x00007ff819150000 - 0x00007ff81925a000 	C:\windows\SYSTEM32\WINHTTP.dll
0x00007ff8198e0000 - 0x00007ff81994a000 	C:\windows\system32\mswsock.dll
0x00007ff800520000 - 0x00007ff800536000 	C:\Program Files\Java\jdk-17\bin\nio.dll
0x00007ff801730000 - 0x00007ff801748000 	C:\Program Files\Java\jdk-17\bin\zip.dll
0x00007fffdfe40000 - 0x00007fffdffd1000 	C:\Program Files\Java\jdk-17\bin\awt.dll
0x00007ff81c5e0000 - 0x00007ff81c6ad000 	C:\windows\System32\OLEAUT32.dll
0x00007ff8176d0000 - 0x00007ff8176ff000 	C:\windows\system32\DWMAPI.DLL
0x00007ff817310000 - 0x00007ff8173ae000 	C:\windows\system32\uxtheme.dll
0x00007ff8085e0000 - 0x00007ff8085f0000 	C:\Program Files\Java\jdk-17\bin\verify.dll
0x00007ffffe6b0000 - 0x00007ffffe72b000 	C:\Users\06anla29\AppData\Local\Temp\lwjgl_06anla29\3.3.3+5\x64\lwjgl.dll
0x00007ffffebb0000 - 0x00007ffffec0e000 	C:\Users\06anla29\AppData\Local\Temp\lwjgl_06anla29\3.3.3+5\x64\lwjgl_opengl.dll
0x00007fffccd90000 - 0x00007fffcceb5000 	C:\windows\SYSTEM32\opengl32.dll
0x00007fffccd20000 - 0x00007fffccd4c000 	C:\windows\SYSTEM32\GLU32.dll
0x00007fffdf8e0000 - 0x00007fffdfb50000 	C:\Users\06anla29\AppData\Local\Temp\lwjgl_06anla29\3.3.3+5\x64\jemalloc.dll

dbghelp: loaded successfully - version: 4.0.5 - missing functions: none
symbol engine: initialized successfully - sym options: 0x614 - pdb path: .;C:\Program Files\Java\jdk-17\bin;C:\windows\SYSTEM32;C:\windows\WinSxS\amd64_microsoft.windows.common-controls_6595b64144ccf1df_6.0.19041.3636_none_60b6a03d71f818d5;C:\Program Files\Java\jdk-17\bin\server;C:\Users\06anla29\AppData\Local\Temp\lwjgl_06anla29\3.3.3+5\x64

VM Arguments:
jvm_args: -Dfile.encoding=windows-1252 -Duser.country=US -Duser.language=en -Duser.variant 
java_command: com.ezzenix.Game
java_class_path (initial): C:\Users\06anla29\Desktop\minecraft-clone\build\classes\java\main;C:\Users\06anla29\Desktop\minecraft-clone\build\resources\main;C:\Users\06anla29\.gradle\caches\modules-2\files-2.1\org.joml\joml\1.10.5\22566d58af70ad3d72308bab63b8339906deb649\joml-1.10.5.jar;C:\Users\06anla29\.gradle\caches\modules-2\files-2.1\org.lwjgl\lwjgl-assimp\3.3.3\c2c34011cbda30ed8cf98bc5cbf97b49afe5279a\lwjgl-assimp-3.3.3.jar;C:\Users\06anla29\.gradle\caches\modules-2\files-2.1\org.lwjgl\lwjgl-assimp\3.3.3\d90ccdade594716062975cffd1431d387f770ac4\lwjgl-assimp-3.3.3-natives-windows.jar;C:\Users\06anla29\.gradle\caches\modules-2\files-2.1\org.lwjgl\lwjgl-bgfx\3.3.3\a19c4bfd1532863425098f05316726854aed8c51\lwjgl-bgfx-3.3.3.jar;C:\Users\06anla29\.gradle\caches\modules-2\files-2.1\org.lwjgl\lwjgl-bgfx\3.3.3\2db0ad304f20677e9269311cb6cb5f4f2eed889\lwjgl-bgfx-3.3.3-natives-windows.jar;C:\Users\06anla29\.gradle\caches\modules-2\files-2.1\org.lwjgl\lwjgl-cuda\3.3.3\e2de3beeba3e4c826317e31519a40f0585160acf\lwjgl-cuda-3.3.3.jar;C:\Users\06anla29\.gradle\caches\modules-2\files-2.1\org.lwjgl\lwjgl-egl\3.3.3\2f0d613e3f769577548f08b11ae9b7571980aeb1\lwjgl-egl-3.3.3.jar;C:\Users\06anla29\.gradle\caches\modules-2\files-2.1\org.lwjgl\lwjgl-fmod\3.3.3\aa6d1cf95ea97e903f6c733baf2477dbb3c41e3e\lwjgl-fmod-3.3.3.jar;C:\Users\06anla29\.gradle\caches\modules-2\files-2.1\org.lwjgl\lwjgl-freetype\3.3.3\a0db6c84a8becc8ca05f9dbfa985edc348a824c7\lwjgl-freetype-3.3.3.jar;C:\Users\06anla29\.gradle\caches\modules-2\files-2.1\org.lwjgl\lwjgl-freetype\3.3.3\81091b006dbb43fab04c8c638e9ac87c51b4096d\lwjgl-freetype-3.3.3-natives-windows.jar;C:\Users\06anla29\.gradle\caches\modules-2\files-2.1\org.lwjgl\lwjgl-glfw\3.3.3\efa1eb78c5ccd840e9f329717109b5e892d72f8e\lwjgl-glfw-3.3.3.jar;C:\Users\06anla29\.gradle\caches\modules-2\files-2.1\org.lwjgl\lwjgl-glfw\3.3.3\e449e28b4891fc423c54c85fbc5bb0b9efece67a\lwjgl-glfw-3.3.3-natives-windows.jar;C:\Users\06anla29\.gradle\caches\modules-2\files-2.1\org.lwjgl\l
Launcher Type: SUN_STANDARD

[Global flags]
     intx CICompilerCount                          = 4                                         {product} {ergonomic}
     uint ConcGCThreads                            = 2                                         {product} {ergonomic}
     uint G1ConcRefinementThreads                  = 8                                         {product} {ergonomic}
   size_t G1HeapRegionSize                         = 2097152                                   {product} {ergonomic}
    uintx GCDrainStackTargetSize                   = 64                                        {product} {ergonomic}
   size_t InitialHeapSize                          = 264241152                                 {product} {ergonomic}
   size_t MarkStackSize                            = 4194304                                   {product} {ergonomic}
   size_t MaxHeapSize                              = 4213178368                                {product} {ergonomic}
   size_t MaxNewSize                               = 2527068160                                {product} {ergonomic}
   size_t MinHeapDeltaBytes                        = 2097152                                   {product} {ergonomic}
   size_t MinHeapSize                              = 8388608                                   {product} {ergonomic}
    uintx NonNMethodCodeHeapSize                   = 5839372                                {pd product} {ergonomic}
    uintx NonProfiledCodeHeapSize                  = 122909434                              {pd product} {ergonomic}
    uintx ProfiledCodeHeapSize                     = 122909434                              {pd product} {ergonomic}
    uintx ReservedCodeCacheSize                    = 251658240                              {pd product} {ergonomic}
     bool SegmentedCodeCache                       = true                                      {product} {ergonomic}
   size_t SoftMaxHeapSize                          = 4213178368                             {manageable} {ergonomic}
     bool UseCompressedClassPointers               = true                           {product lp64_product} {ergonomic}
     bool UseCompressedOops                        = true                           {product lp64_product} {ergonomic}
     bool UseG1GC                                  = true                                      {product} {ergonomic}
     bool UseLargePagesIndividualAllocation        = false                                  {pd product} {ergonomic}

Logging:
Log output configuration:
 #0: stdout all=warning uptime,level,tags
 #1: stderr all=off uptime,level,tags

Environment Variables:
PATH=C:\windows\system32;C:\windows;C:\windows\System32\Wbem;C:\windows\System32\WindowsPowerShell\v1.0\;C:\windows\System32\OpenSSH\;C:\Program Files\nodejs\;C:\Program Files (x86)\Windows Kits\10\Windows Performance Toolkit\;C:\Program Files\Git\cmd;C:\Program Files\dotnet\;C:\ProgramData\chocolatey\bin;C:\Users\06anla29\AppData\Local\Microsoft\WindowsApps;;C:\Users\06anla29\AppData\Local\Programs\Microsoft VS Code\bin;C:\Users\06anla29\.aftman\bin;C:\Users\06anla29\AppData\Roaming\npm;C:\Users\06anla29\.dotnet\tools
USERNAME=06anla29
OS=Windows_NT
PROCESSOR_IDENTIFIER=Intel64 Family 6 Model 140 Stepping 1, GenuineIntel



---------------  S Y S T E M  ---------------

OS:
 Windows 10 , 64 bit Build 19041 (10.0.19041.3636)
OS uptime: 0 days 1:35 hours
Hyper-V role detected

CPU: total 8 (initial active 8) (4 cores per cpu, 2 threads per core) family 6 model 140 stepping 1 microcode 0xac, cx8, cmov, fxsr, ht, mmx, 3dnowpref, sse, sse2, sse3, ssse3, sse4.1, sse4.2, popcnt, lzcnt, tsc, tscinvbit, avx, avx2, aes, erms, clmul, bmi1, bmi2, adx, avx512f, avx512dq, avx512cd, avx512bw, avx512vl, sha, fma, vzeroupper, avx512_vpopcntdq, avx512_vpclmulqdq, avx512_vaes, avx512_vnni, clflush, clflushopt, clwb, avx512_vbmi2, avx512_vbmi, hv

Memory: 4k page, system-wide physical 16064M (7793M free)
TotalPageFile size 17984M (AvailPageFile size 3576M)
current process WorkingSet (physical memory assigned to process): 76M, peak: 76M
current process commit charge ("private bytes"): 368M, peak: 368M

vm_info: Java HotSpot(TM) 64-Bit Server VM (17.0.9+11-LTS-201) for windows-amd64 JRE (17.0.9+11-LTS-201), built on Oct 10 2023 23:16:06 by "mach5one" with MS VC++ 17.1 (VS2022)

END.
